{"/Users/nmt/corti-sdk-typescript/src/environments.ts": {"path":"/Users/nmt/corti-sdk-typescript/src/environments.ts","statementMap":{"0":{"start":{"line":11,"column":13},"end":{"line":27,"column":11}}},"fnMap":{},"branchMap":{},"s":{"0":1},"f":{},"b":{}}
,"/Users/nmt/corti-sdk-typescript/src/index.ts": {"path":"/Users/nmt/corti-sdk-typescript/src/index.ts","statementMap":{"0":{"start":{"line":1,"column":0},"end":{"line":1,"column":40}},"1":{"start":{"line":2,"column":0},"end":{"line":2,"column":9}},"2":{"start":{"line":2,"column":9},"end":{"line":2,"column":21}},"3":{"start":{"line":2,"column":21},"end":{"line":2,"column":66}},"4":{"start":{"line":3,"column":0},"end":{"line":3,"column":58}},"5":{"start":{"line":7,"column":0},"end":{"line":7,"column":9}},"6":{"start":{"line":7,"column":9},"end":{"line":7,"column":54}},"7":{"start":{"line":8,"column":0},"end":{"line":8,"column":9}},"8":{"start":{"line":8,"column":9},"end":{"line":8,"column":75}},"9":{"start":{"line":13,"column":0},"end":{"line":13,"column":9}},"10":{"start":{"line":13,"column":9},"end":{"line":13,"column":26}},"11":{"start":{"line":17,"column":0},"end":{"line":17,"column":9}},"12":{"start":{"line":17,"column":9},"end":{"line":17,"column":78}},"13":{"start":{"line":18,"column":0},"end":{"line":18,"column":9}},"14":{"start":{"line":18,"column":9},"end":{"line":18,"column":80}}},"fnMap":{"0":{"name":"(anonymous_9)","decl":{"start":{"line":2,"column":9},"end":{"line":2,"column":19}},"loc":{"start":{"line":2,"column":9},"end":{"line":2,"column":21}}},"1":{"name":"(anonymous_10)","decl":{"start":{"line":2,"column":21},"end":{"line":2,"column":38}},"loc":{"start":{"line":2,"column":21},"end":{"line":2,"column":66}}},"2":{"name":"(anonymous_11)","decl":{"start":{"line":7,"column":9},"end":{"line":7,"column":20}},"loc":{"start":{"line":7,"column":9},"end":{"line":7,"column":54}}},"3":{"name":"(anonymous_12)","decl":{"start":{"line":8,"column":9},"end":{"line":8,"column":25}},"loc":{"start":{"line":8,"column":9},"end":{"line":8,"column":75}}},"4":{"name":"(anonymous_13)","decl":{"start":{"line":13,"column":9},"end":{"line":13,"column":13}},"loc":{"start":{"line":13,"column":9},"end":{"line":13,"column":26}}},"5":{"name":"(anonymous_14)","decl":{"start":{"line":17,"column":9},"end":{"line":17,"column":18}},"loc":{"start":{"line":17,"column":9},"end":{"line":17,"column":78}}},"6":{"name":"(anonymous_15)","decl":{"start":{"line":18,"column":9},"end":{"line":18,"column":19}},"loc":{"start":{"line":18,"column":9},"end":{"line":18,"column":80}}}},"branchMap":{},"s":{"0":1,"1":1,"2":1,"3":1,"4":1,"5":1,"6":2,"7":1,"8":1,"9":1,"10":1,"11":1,"12":1,"13":1,"14":1},"f":{"0":0,"1":0,"2":1,"3":0,"4":0,"5":0,"6":0},"b":{}}
,"/Users/nmt/corti-sdk-typescript/src/version.ts": {"path":"/Users/nmt/corti-sdk-typescript/src/version.ts","statementMap":{"0":{"start":{"line":1,"column":13},"end":{"line":1,"column":41}}},"fnMap":{},"branchMap":{},"s":{"0":1},"f":{},"b":{}}
,"/Users/nmt/corti-sdk-typescript/src/api/index.ts": {"path":"/Users/nmt/corti-sdk-typescript/src/api/index.ts","statementMap":{"0":{"start":{"line":1,"column":0},"end":{"line":1,"column":37}},"1":{"start":{"line":2,"column":0},"end":{"line":2,"column":33}},"2":{"start":{"line":3,"column":0},"end":{"line":3,"column":34}}},"fnMap":{},"branchMap":{},"s":{"0":1,"1":1,"2":1},"f":{},"b":{}}
,"/Users/nmt/corti-sdk-typescript/src/api/errors/BadRequestError.ts": {"path":"/Users/nmt/corti-sdk-typescript/src/api/errors/BadRequestError.ts","statementMap":{"0":{"start":{"line":5,"column":0},"end":{"line":5,"column":48}},"1":{"start":{"line":10,"column":8},"end":{"line":15,"column":11}},"2":{"start":{"line":16,"column":8},"end":{"line":16,"column":63}},"3":{"start":{"line":8,"column":0},"end":{"line":8,"column":13}}},"fnMap":{"0":{"name":"(anonymous_9)","decl":{"start":{"line":9,"column":4},"end":{"line":9,"column":16}},"loc":{"start":{"line":9,"column":62},"end":{"line":17,"column":5}}}},"branchMap":{},"s":{"0":1,"1":0,"2":0,"3":1},"f":{"0":0},"b":{}}
,"/Users/nmt/corti-sdk-typescript/src/api/errors/ForbiddenError.ts": {"path":"/Users/nmt/corti-sdk-typescript/src/api/errors/ForbiddenError.ts","statementMap":{"0":{"start":{"line":5,"column":0},"end":{"line":5,"column":48}},"1":{"start":{"line":11,"column":8},"end":{"line":16,"column":11}},"2":{"start":{"line":17,"column":8},"end":{"line":17,"column":62}},"3":{"start":{"line":9,"column":0},"end":{"line":9,"column":13}}},"fnMap":{"0":{"name":"(anonymous_9)","decl":{"start":{"line":10,"column":4},"end":{"line":10,"column":16}},"loc":{"start":{"line":10,"column":73},"end":{"line":18,"column":5}}}},"branchMap":{},"s":{"0":1,"1":0,"2":0,"3":1},"f":{"0":0},"b":{}}
,"/Users/nmt/corti-sdk-typescript/src/api/errors/GatewayTimeoutError.ts": {"path":"/Users/nmt/corti-sdk-typescript/src/api/errors/GatewayTimeoutError.ts","statementMap":{"0":{"start":{"line":5,"column":0},"end":{"line":5,"column":48}},"1":{"start":{"line":11,"column":8},"end":{"line":16,"column":11}},"2":{"start":{"line":17,"column":8},"end":{"line":17,"column":67}},"3":{"start":{"line":9,"column":0},"end":{"line":9,"column":13}}},"fnMap":{"0":{"name":"(anonymous_9)","decl":{"start":{"line":10,"column":4},"end":{"line":10,"column":16}},"loc":{"start":{"line":10,"column":73},"end":{"line":18,"column":5}}}},"branchMap":{},"s":{"0":1,"1":0,"2":0,"3":1},"f":{"0":0},"b":{}}
,"/Users/nmt/corti-sdk-typescript/src/api/errors/InternalServerError.ts": {"path":"/Users/nmt/corti-sdk-typescript/src/api/errors/InternalServerError.ts","statementMap":{"0":{"start":{"line":5,"column":0},"end":{"line":5,"column":48}},"1":{"start":{"line":10,"column":8},"end":{"line":15,"column":11}},"2":{"start":{"line":16,"column":8},"end":{"line":16,"column":67}},"3":{"start":{"line":8,"column":0},"end":{"line":8,"column":13}}},"fnMap":{"0":{"name":"(anonymous_9)","decl":{"start":{"line":9,"column":4},"end":{"line":9,"column":16}},"loc":{"start":{"line":9,"column":62},"end":{"line":17,"column":5}}}},"branchMap":{},"s":{"0":1,"1":0,"2":0,"3":1},"f":{"0":0},"b":{}}
,"/Users/nmt/corti-sdk-typescript/src/api/errors/NotFoundError.ts": {"path":"/Users/nmt/corti-sdk-typescript/src/api/errors/NotFoundError.ts","statementMap":{"0":{"start":{"line":5,"column":0},"end":{"line":5,"column":48}},"1":{"start":{"line":11,"column":8},"end":{"line":16,"column":11}},"2":{"start":{"line":17,"column":8},"end":{"line":17,"column":61}},"3":{"start":{"line":9,"column":0},"end":{"line":9,"column":13}}},"fnMap":{"0":{"name":"(anonymous_9)","decl":{"start":{"line":10,"column":4},"end":{"line":10,"column":16}},"loc":{"start":{"line":10,"column":73},"end":{"line":18,"column":5}}}},"branchMap":{},"s":{"0":1,"1":0,"2":0,"3":1},"f":{"0":0},"b":{}}
,"/Users/nmt/corti-sdk-typescript/src/api/errors/UnauthorizedError.ts": {"path":"/Users/nmt/corti-sdk-typescript/src/api/errors/UnauthorizedError.ts","statementMap":{"0":{"start":{"line":5,"column":0},"end":{"line":5,"column":48}},"1":{"start":{"line":10,"column":8},"end":{"line":15,"column":11}},"2":{"start":{"line":16,"column":8},"end":{"line":16,"column":65}},"3":{"start":{"line":8,"column":0},"end":{"line":8,"column":13}}},"fnMap":{"0":{"name":"(anonymous_9)","decl":{"start":{"line":9,"column":4},"end":{"line":9,"column":16}},"loc":{"start":{"line":9,"column":62},"end":{"line":17,"column":5}}}},"branchMap":{},"s":{"0":1,"1":0,"2":0,"3":1},"f":{"0":0},"b":{}}
,"/Users/nmt/corti-sdk-typescript/src/api/errors/index.ts": {"path":"/Users/nmt/corti-sdk-typescript/src/api/errors/index.ts","statementMap":{"0":{"start":{"line":1,"column":0},"end":{"line":1,"column":36}},"1":{"start":{"line":2,"column":0},"end":{"line":2,"column":41}},"2":{"start":{"line":3,"column":0},"end":{"line":3,"column":37}},"3":{"start":{"line":4,"column":0},"end":{"line":4,"column":41}},"4":{"start":{"line":5,"column":0},"end":{"line":5,"column":35}},"5":{"start":{"line":6,"column":0},"end":{"line":6,"column":39}}},"fnMap":{},"branchMap":{},"s":{"0":1,"1":1,"2":1,"3":1,"4":1,"5":1},"f":{},"b":{}}
,"/Users/nmt/corti-sdk-typescript/src/api/resources/index.ts": {"path":"/Users/nmt/corti-sdk-typescript/src/api/resources/index.ts","statementMap":{"0":{"start":{"line":1,"column":0},"end":{"line":1,"column":56}},"1":{"start":{"line":2,"column":0},"end":{"line":2,"column":46}},"2":{"start":{"line":3,"column":0},"end":{"line":3,"column":54}},"3":{"start":{"line":4,"column":0},"end":{"line":4,"column":45}},"4":{"start":{"line":5,"column":0},"end":{"line":5,"column":40}},"5":{"start":{"line":6,"column":0},"end":{"line":6,"column":38}},"6":{"start":{"line":7,"column":0},"end":{"line":7,"column":44}},"7":{"start":{"line":8,"column":0},"end":{"line":8,"column":52}},"8":{"start":{"line":9,"column":0},"end":{"line":9,"column":52}},"9":{"start":{"line":10,"column":0},"end":{"line":10,"column":42}},"10":{"start":{"line":11,"column":0},"end":{"line":11,"column":50}},"11":{"start":{"line":12,"column":0},"end":{"line":12,"column":50}},"12":{"start":{"line":13,"column":0},"end":{"line":13,"column":56}},"13":{"start":{"line":14,"column":0},"end":{"line":14,"column":55}},"14":{"start":{"line":15,"column":0},"end":{"line":15,"column":49}},"15":{"start":{"line":16,"column":0},"end":{"line":16,"column":53}},"16":{"start":{"line":17,"column":0},"end":{"line":17,"column":53}},"17":{"start":{"line":18,"column":0},"end":{"line":18,"column":48}}},"fnMap":{},"branchMap":{},"s":{"0":1,"1":1,"2":1,"3":1,"4":1,"5":1,"6":1,"7":1,"8":1,"9":1,"10":1,"11":1,"12":1,"13":1,"14":1,"15":1,"16":1,"17":1},"f":{},"b":{}}
,"/Users/nmt/corti-sdk-typescript/src/api/resources/auth/index.ts": {"path":"/Users/nmt/corti-sdk-typescript/src/api/resources/auth/index.ts","statementMap":{"0":{"start":{"line":1,"column":0},"end":{"line":1,"column":33}},"1":{"start":{"line":2,"column":0},"end":{"line":2,"column":34}}},"fnMap":{},"branchMap":{},"s":{"0":1,"1":1},"f":{},"b":{}}
,"/Users/nmt/corti-sdk-typescript/src/api/resources/auth/client/Client.ts": {"path":"/Users/nmt/corti-sdk-typescript/src/api/resources/auth/client/Client.ts","statementMap":{"0":{"start":{"line":6,"column":0},"end":{"line":6,"column":50}},"1":{"start":{"line":8,"column":0},"end":{"line":8,"column":84}},"2":{"start":{"line":9,"column":0},"end":{"line":9,"column":66}},"3":{"start":{"line":10,"column":0},"end":{"line":10,"column":54}},"4":{"start":{"line":42,"column":8},"end":{"line":42,"column":33}},"5":{"start":{"line":61,"column":8},"end":{"line":61,"column":94}},"6":{"start":{"line":68,"column":26},"end":{"line":96,"column":10}},"7":{"start":{"line":97,"column":8},"end":{"line":108,"column":9}},"8":{"start":{"line":98,"column":12},"end":{"line":107,"column":14}},"9":{"start":{"line":110,"column":8},"end":{"line":116,"column":9}},"10":{"start":{"line":111,"column":12},"end":{"line":115,"column":15}},"11":{"start":{"line":118,"column":8},"end":{"line":134,"column":9}},"12":{"start":{"line":120,"column":16},"end":{"line":124,"column":19}},"13":{"start":{"line":126,"column":16},"end":{"line":128,"column":18}},"14":{"start":{"line":130,"column":16},"end":{"line":133,"column":19}},"15":{"start":{"line":138,"column":23},"end":{"line":138,"column":67}},"16":{"start":{"line":139,"column":8},"end":{"line":141,"column":9}},"17":{"start":{"line":140,"column":12},"end":{"line":140,"column":38}},"18":{"start":{"line":143,"column":8},"end":{"line":143,"column":25}},"19":{"start":{"line":38,"column":0},"end":{"line":38,"column":13}}},"fnMap":{"0":{"name":"(anonymous_16)","decl":{"start":{"line":41,"column":4},"end":{"line":41,"column":16}},"loc":{"start":{"line":41,"column":38},"end":{"line":43,"column":5}}},"1":{"name":"(anonymous_17)","decl":{"start":{"line":57,"column":11},"end":{"line":57,"column":19}},"loc":{"start":{"line":59,"column":44},"end":{"line":62,"column":5}}},"2":{"name":"(anonymous_18)","decl":{"start":{"line":64,"column":18},"end":{"line":64,"column":28}},"loc":{"start":{"line":66,"column":44},"end":{"line":135,"column":null}}},"3":{"name":"(anonymous_20)","decl":{"start":{"line":137,"column":20},"end":{"line":137,"column":43}},"loc":{"start":{"line":137,"column":43},"end":{"line":144,"column":null}}}},"branchMap":{"0":{"loc":{"start":{"line":70,"column":16},"end":{"line":71,"column":78}},"type":"cond-expr","locations":[{"start":{"line":70,"column":64},"end":{"line":70,"column":null}},{"start":{"line":71,"column":20},"end":{"line":71,"column":78}}]},"1":{"loc":{"start":{"line":70,"column":16},"end":{"line":70,"column":null}},"type":"binary-expr","locations":[{"start":{"line":70,"column":16},"end":{"line":70,"column":null}},{"start":{"line":70,"column":64},"end":{"line":70,"column":null}}]},"2":{"loc":{"start":{"line":76,"column":16},"end":{"line":76,"column":38}},"type":"cond-expr","locations":[{"start":{"line":76,"column":29},"end":{"line":76,"column":31}},{"start":{"line":76,"column":29},"end":{"line":76,"column":38}}]},"3":{"loc":{"start":{"line":76,"column":16},"end":{"line":76,"column":31}},"type":"binary-expr","locations":[{"start":{"line":76,"column":16},"end":{"line":76,"column":31}},{"start":{"line":76,"column":29},"end":{"line":76,"column":31}}]},"4":{"loc":{"start":{"line":79,"column":35},"end":{"line":79,"column":61}},"type":"cond-expr","locations":[{"start":{"line":79,"column":49},"end":{"line":79,"column":51}},{"start":{"line":79,"column":35},"end":{"line":79,"column":61}}]},"5":{"loc":{"start":{"line":79,"column":35},"end":{"line":79,"column":51}},"type":"binary-expr","locations":[{"start":{"line":79,"column":35},"end":{"line":79,"column":51}},{"start":{"line":79,"column":35},"end":{"line":79,"column":51}}]},"6":{"loc":{"start":{"line":81,"column":16},"end":{"line":81,"column":39}},"type":"cond-expr","locations":[{"start":{"line":81,"column":30},"end":{"line":81,"column":32}},{"start":{"line":81,"column":16},"end":{"line":81,"column":39}}]},"7":{"loc":{"start":{"line":81,"column":16},"end":{"line":81,"column":32}},"type":"binary-expr","locations":[{"start":{"line":81,"column":16},"end":{"line":81,"column":32}},{"start":{"line":81,"column":16},"end":{"line":81,"column":32}}]},"8":{"loc":{"start":{"line":93,"column":23},"end":{"line":93,"column":112}},"type":"cond-expr","locations":[{"start":{"line":93,"column":66},"end":{"line":93,"column":104}},{"start":{"line":93,"column":107},"end":{"line":93,"column":112}}]},"9":{"loc":{"start":{"line":93,"column":23},"end":{"line":93,"column":55}},"type":"cond-expr","locations":[{"start":{"line":93,"column":37},"end":{"line":93,"column":39}},{"start":{"line":93,"column":23},"end":{"line":93,"column":55}}]},"10":{"loc":{"start":{"line":93,"column":23},"end":{"line":93,"column":39}},"type":"binary-expr","locations":[{"start":{"line":93,"column":23},"end":{"line":93,"column":39}},{"start":{"line":93,"column":23},"end":{"line":93,"column":39}}]},"11":{"loc":{"start":{"line":94,"column":24},"end":{"line":94,"column":50}},"type":"cond-expr","locations":[{"start":{"line":94,"column":38},"end":{"line":94,"column":40}},{"start":{"line":94,"column":24},"end":{"line":94,"column":50}}]},"12":{"loc":{"start":{"line":94,"column":24},"end":{"line":94,"column":40}},"type":"binary-expr","locations":[{"start":{"line":94,"column":24},"end":{"line":94,"column":40}},{"start":{"line":94,"column":24},"end":{"line":94,"column":40}}]},"13":{"loc":{"start":{"line":95,"column":25},"end":{"line":95,"column":52}},"type":"cond-expr","locations":[{"start":{"line":95,"column":39},"end":{"line":95,"column":41}},{"start":{"line":95,"column":25},"end":{"line":95,"column":52}}]},"14":{"loc":{"start":{"line":95,"column":25},"end":{"line":95,"column":41}},"type":"binary-expr","locations":[{"start":{"line":95,"column":25},"end":{"line":95,"column":41}},{"start":{"line":95,"column":25},"end":{"line":95,"column":41}}]},"15":{"loc":{"start":{"line":97,"column":8},"end":{"line":108,"column":9}},"type":"if","locations":[{"start":{"line":97,"column":8},"end":{"line":108,"column":9}}]},"16":{"loc":{"start":{"line":110,"column":8},"end":{"line":116,"column":9}},"type":"if","locations":[{"start":{"line":110,"column":8},"end":{"line":116,"column":9}}]},"17":{"loc":{"start":{"line":118,"column":8},"end":{"line":134,"column":9}},"type":"switch","locations":[{"start":{"line":119,"column":12},"end":{"line":124,"column":19}},{"start":{"line":125,"column":12},"end":{"line":128,"column":18}},{"start":{"line":129,"column":12},"end":{"line":133,"column":19}}]},"18":{"loc":{"start":{"line":139,"column":8},"end":{"line":141,"column":9}},"type":"if","locations":[{"start":{"line":139,"column":8},"end":{"line":141,"column":9}}]}},"s":{"0":1,"1":1,"2":1,"3":1,"4":1,"5":0,"6":0,"7":0,"8":0,"9":0,"10":0,"11":0,"12":0,"13":0,"14":0,"15":0,"16":0,"17":0,"18":0,"19":1},"f":{"0":1,"1":0,"2":0,"3":0},"b":{"0":[0,0],"1":[0,0],"2":[0,0],"3":[0,0],"4":[0,0],"5":[0,0],"6":[0,0],"7":[0,0],"8":[0,0],"9":[0,0],"10":[0,0],"11":[0,0],"12":[0,0],"13":[0,0],"14":[0,0],"15":[0],"16":[0],"17":[0,0,0],"18":[0]}}
,"/Users/nmt/corti-sdk-typescript/src/api/resources/auth/client/index.ts": {"path":"/Users/nmt/corti-sdk-typescript/src/api/resources/auth/client/index.ts","statementMap":{"0":{"start":{"line":2,"column":0},"end":{"line":2,"column":36}}},"fnMap":{},"branchMap":{},"s":{"0":1},"f":{},"b":{}}
,"/Users/nmt/corti-sdk-typescript/src/api/resources/auth/types/index.ts": {"path":"/Users/nmt/corti-sdk-typescript/src/api/resources/auth/types/index.ts","statementMap":{"0":{"start":{"line":1,"column":0},"end":{"line":1,"column":38}}},"fnMap":{},"branchMap":{},"s":{"0":1},"f":{},"b":{}}
,"/Users/nmt/corti-sdk-typescript/src/api/resources/documents/index.ts": {"path":"/Users/nmt/corti-sdk-typescript/src/api/resources/documents/index.ts","statementMap":{"0":{"start":{"line":1,"column":0},"end":{"line":1,"column":34}}},"fnMap":{},"branchMap":{},"s":{"0":1},"f":{},"b":{}}
,"/Users/nmt/corti-sdk-typescript/src/api/resources/documents/client/Client.ts": {"path":"/Users/nmt/corti-sdk-typescript/src/api/resources/documents/client/Client.ts","statementMap":{"0":{"start":{"line":6,"column":0},"end":{"line":6,"column":50}},"1":{"start":{"line":7,"column":0},"end":{"line":7,"column":43}},"2":{"start":{"line":8,"column":0},"end":{"line":8,"column":84}},"3":{"start":{"line":9,"column":0},"end":{"line":9,"column":66}},"4":{"start":{"line":10,"column":0},"end":{"line":10,"column":54}},"5":{"start":{"line":42,"column":8},"end":{"line":42,"column":33}},"6":{"start":{"line":63,"column":8},"end":{"line":63,"column":85}},"7":{"start":{"line":70,"column":26},"end":{"line":88,"column":10}},"8":{"start":{"line":89,"column":8},"end":{"line":100,"column":9}},"9":{"start":{"line":90,"column":12},"end":{"line":99,"column":14}},"10":{"start":{"line":102,"column":8},"end":{"line":137,"column":9}},"11":{"start":{"line":103,"column":12},"end":{"line":136,"column":13}},"12":{"start":{"line":105,"column":20},"end":{"line":105,"column":97}},"13":{"start":{"line":107,"column":20},"end":{"line":116,"column":22}},"14":{"start":{"line":118,"column":20},"end":{"line":118,"column":101}},"15":{"start":{"line":120,"column":20},"end":{"line":129,"column":22}},"16":{"start":{"line":131,"column":20},"end":{"line":135,"column":23}},"17":{"start":{"line":139,"column":8},"end":{"line":153,"column":9}},"18":{"start":{"line":141,"column":16},"end":{"line":145,"column":19}},"19":{"start":{"line":147,"column":16},"end":{"line":147,"column":119}},"20":{"start":{"line":149,"column":16},"end":{"line":152,"column":19}},"21":{"start":{"line":186,"column":8},"end":{"line":186,"column":96}},"22":{"start":{"line":194,"column":26},"end":{"line":218,"column":10}},"23":{"start":{"line":219,"column":8},"end":{"line":230,"column":9}},"24":{"start":{"line":220,"column":12},"end":{"line":229,"column":14}},"25":{"start":{"line":232,"column":8},"end":{"line":267,"column":9}},"26":{"start":{"line":233,"column":12},"end":{"line":266,"column":13}},"27":{"start":{"line":235,"column":20},"end":{"line":235,"column":97}},"28":{"start":{"line":237,"column":20},"end":{"line":246,"column":22}},"29":{"start":{"line":248,"column":20},"end":{"line":248,"column":101}},"30":{"start":{"line":250,"column":20},"end":{"line":259,"column":22}},"31":{"start":{"line":261,"column":20},"end":{"line":265,"column":23}},"32":{"start":{"line":269,"column":8},"end":{"line":283,"column":9}},"33":{"start":{"line":271,"column":16},"end":{"line":275,"column":19}},"34":{"start":{"line":277,"column":16},"end":{"line":277,"column":120}},"35":{"start":{"line":279,"column":16},"end":{"line":282,"column":19}},"36":{"start":{"line":306,"column":8},"end":{"line":306,"column":96}},"37":{"start":{"line":314,"column":26},"end":{"line":332,"column":10}},"38":{"start":{"line":333,"column":8},"end":{"line":344,"column":9}},"39":{"start":{"line":334,"column":12},"end":{"line":343,"column":14}},"40":{"start":{"line":346,"column":8},"end":{"line":381,"column":9}},"41":{"start":{"line":347,"column":12},"end":{"line":380,"column":13}},"42":{"start":{"line":349,"column":20},"end":{"line":349,"column":97}},"43":{"start":{"line":351,"column":20},"end":{"line":360,"column":22}},"44":{"start":{"line":362,"column":20},"end":{"line":362,"column":101}},"45":{"start":{"line":364,"column":20},"end":{"line":373,"column":22}},"46":{"start":{"line":375,"column":20},"end":{"line":379,"column":23}},"47":{"start":{"line":383,"column":8},"end":{"line":399,"column":9}},"48":{"start":{"line":385,"column":16},"end":{"line":389,"column":19}},"49":{"start":{"line":391,"column":16},"end":{"line":393,"column":18}},"50":{"start":{"line":395,"column":16},"end":{"line":398,"column":19}},"51":{"start":{"line":420,"column":8},"end":{"line":420,"column":99}},"52":{"start":{"line":428,"column":26},"end":{"line":446,"column":10}},"53":{"start":{"line":447,"column":8},"end":{"line":449,"column":9}},"54":{"start":{"line":448,"column":12},"end":{"line":448,"column":75}},"55":{"start":{"line":451,"column":8},"end":{"line":495,"column":9}},"56":{"start":{"line":452,"column":12},"end":{"line":494,"column":13}},"57":{"start":{"line":454,"column":20},"end":{"line":463,"column":22}},"58":{"start":{"line":465,"column":20},"end":{"line":474,"column":22}},"59":{"start":{"line":476,"column":20},"end":{"line":476,"column":101}},"60":{"start":{"line":478,"column":20},"end":{"line":487,"column":22}},"61":{"start":{"line":489,"column":20},"end":{"line":493,"column":23}},"62":{"start":{"line":497,"column":8},"end":{"line":513,"column":9}},"63":{"start":{"line":499,"column":16},"end":{"line":503,"column":19}},"64":{"start":{"line":505,"column":16},"end":{"line":507,"column":18}},"65":{"start":{"line":509,"column":16},"end":{"line":512,"column":19}},"66":{"start":{"line":536,"column":8},"end":{"line":536,"column":108}},"67":{"start":{"line":540,"column":8},"end":{"line":637,"column":null}},"68":{"start":{"line":545,"column":26},"end":{"line":569,"column":10}},"69":{"start":{"line":570,"column":8},"end":{"line":581,"column":9}},"70":{"start":{"line":571,"column":12},"end":{"line":580,"column":14}},"71":{"start":{"line":583,"column":8},"end":{"line":618,"column":9}},"72":{"start":{"line":584,"column":12},"end":{"line":617,"column":13}},"73":{"start":{"line":586,"column":20},"end":{"line":586,"column":97}},"74":{"start":{"line":588,"column":20},"end":{"line":597,"column":22}},"75":{"start":{"line":599,"column":20},"end":{"line":599,"column":101}},"76":{"start":{"line":601,"column":20},"end":{"line":610,"column":22}},"77":{"start":{"line":612,"column":20},"end":{"line":616,"column":23}},"78":{"start":{"line":620,"column":8},"end":{"line":636,"column":9}},"79":{"start":{"line":622,"column":16},"end":{"line":626,"column":19}},"80":{"start":{"line":628,"column":16},"end":{"line":630,"column":18}},"81":{"start":{"line":632,"column":16},"end":{"line":635,"column":19}},"82":{"start":{"line":640,"column":23},"end":{"line":640,"column":67}},"83":{"start":{"line":641,"column":8},"end":{"line":643,"column":9}},"84":{"start":{"line":642,"column":12},"end":{"line":642,"column":38}},"85":{"start":{"line":645,"column":8},"end":{"line":645,"column":25}},"86":{"start":{"line":38,"column":0},"end":{"line":38,"column":13}}},"fnMap":{"0":{"name":"(anonymous_16)","decl":{"start":{"line":41,"column":4},"end":{"line":41,"column":16}},"loc":{"start":{"line":41,"column":43},"end":{"line":43,"column":5}}},"1":{"name":"(anonymous_17)","decl":{"start":{"line":59,"column":11},"end":{"line":59,"column":15}},"loc":{"start":{"line":61,"column":49},"end":{"line":64,"column":5}}},"2":{"name":"(anonymous_18)","decl":{"start":{"line":66,"column":18},"end":{"line":66,"column":24}},"loc":{"start":{"line":68,"column":49},"end":{"line":154,"column":null}}},"3":{"name":"(anonymous_20)","decl":{"start":{"line":181,"column":11},"end":{"line":181,"column":17}},"loc":{"start":{"line":184,"column":49},"end":{"line":187,"column":5}}},"4":{"name":"(anonymous_21)","decl":{"start":{"line":189,"column":18},"end":{"line":189,"column":26}},"loc":{"start":{"line":192,"column":49},"end":{"line":284,"column":null}}},"5":{"name":"(anonymous_23)","decl":{"start":{"line":301,"column":11},"end":{"line":301,"column":14}},"loc":{"start":{"line":304,"column":49},"end":{"line":307,"column":5}}},"6":{"name":"(anonymous_24)","decl":{"start":{"line":309,"column":18},"end":{"line":309,"column":23}},"loc":{"start":{"line":312,"column":49},"end":{"line":400,"column":null}}},"7":{"name":"(anonymous_26)","decl":{"start":{"line":415,"column":11},"end":{"line":415,"column":17}},"loc":{"start":{"line":418,"column":49},"end":{"line":421,"column":5}}},"8":{"name":"(anonymous_27)","decl":{"start":{"line":423,"column":18},"end":{"line":423,"column":26}},"loc":{"start":{"line":426,"column":49},"end":{"line":514,"column":null}}},"9":{"name":"(anonymous_29)","decl":{"start":{"line":530,"column":11},"end":{"line":530,"column":17}},"loc":{"start":{"line":534,"column":49},"end":{"line":537,"column":5}}},"10":{"name":"(anonymous_30)","decl":{"start":{"line":539,"column":18},"end":{"line":539,"column":26}},"loc":{"start":{"line":539,"column":26},"end":{"line":637,"column":null}}},"11":{"name":"(anonymous_31)","decl":{"start":{"line":540,"column":8},"end":{"line":540,"column":22}},"loc":{"start":{"line":543,"column":49},"end":{"line":637,"column":5}}},"12":{"name":"(anonymous_32)","decl":{"start":{"line":639,"column":20},"end":{"line":639,"column":43}},"loc":{"start":{"line":639,"column":43},"end":{"line":646,"column":null}}}},"branchMap":{"0":{"loc":{"start":{"line":72,"column":16},"end":{"line":73,"column":77}},"type":"cond-expr","locations":[{"start":{"line":72,"column":64},"end":{"line":72,"column":null}},{"start":{"line":73,"column":20},"end":{"line":73,"column":77}}]},"1":{"loc":{"start":{"line":72,"column":16},"end":{"line":72,"column":null}},"type":"binary-expr","locations":[{"start":{"line":72,"column":16},"end":{"line":72,"column":null}},{"start":{"line":72,"column":64},"end":{"line":72,"column":null}}]},"2":{"loc":{"start":{"line":78,"column":16},"end":{"line":78,"column":38}},"type":"cond-expr","locations":[{"start":{"line":78,"column":29},"end":{"line":78,"column":31}},{"start":{"line":78,"column":29},"end":{"line":78,"column":38}}]},"3":{"loc":{"start":{"line":78,"column":16},"end":{"line":78,"column":31}},"type":"binary-expr","locations":[{"start":{"line":78,"column":16},"end":{"line":78,"column":31}},{"start":{"line":78,"column":29},"end":{"line":78,"column":31}}]},"4":{"loc":{"start":{"line":81,"column":35},"end":{"line":81,"column":61}},"type":"cond-expr","locations":[{"start":{"line":81,"column":49},"end":{"line":81,"column":51}},{"start":{"line":81,"column":35},"end":{"line":81,"column":61}}]},"5":{"loc":{"start":{"line":81,"column":35},"end":{"line":81,"column":51}},"type":"binary-expr","locations":[{"start":{"line":81,"column":35},"end":{"line":81,"column":51}},{"start":{"line":81,"column":35},"end":{"line":81,"column":51}}]},"6":{"loc":{"start":{"line":83,"column":16},"end":{"line":83,"column":39}},"type":"cond-expr","locations":[{"start":{"line":83,"column":30},"end":{"line":83,"column":32}},{"start":{"line":83,"column":16},"end":{"line":83,"column":39}}]},"7":{"loc":{"start":{"line":83,"column":16},"end":{"line":83,"column":32}},"type":"binary-expr","locations":[{"start":{"line":83,"column":16},"end":{"line":83,"column":32}},{"start":{"line":83,"column":16},"end":{"line":83,"column":32}}]},"8":{"loc":{"start":{"line":85,"column":23},"end":{"line":85,"column":112}},"type":"cond-expr","locations":[{"start":{"line":85,"column":66},"end":{"line":85,"column":104}},{"start":{"line":85,"column":107},"end":{"line":85,"column":112}}]},"9":{"loc":{"start":{"line":85,"column":23},"end":{"line":85,"column":55}},"type":"cond-expr","locations":[{"start":{"line":85,"column":37},"end":{"line":85,"column":39}},{"start":{"line":85,"column":23},"end":{"line":85,"column":55}}]},"10":{"loc":{"start":{"line":85,"column":23},"end":{"line":85,"column":39}},"type":"binary-expr","locations":[{"start":{"line":85,"column":23},"end":{"line":85,"column":39}},{"start":{"line":85,"column":23},"end":{"line":85,"column":39}}]},"11":{"loc":{"start":{"line":86,"column":24},"end":{"line":86,"column":50}},"type":"cond-expr","locations":[{"start":{"line":86,"column":38},"end":{"line":86,"column":40}},{"start":{"line":86,"column":24},"end":{"line":86,"column":50}}]},"12":{"loc":{"start":{"line":86,"column":24},"end":{"line":86,"column":40}},"type":"binary-expr","locations":[{"start":{"line":86,"column":24},"end":{"line":86,"column":40}},{"start":{"line":86,"column":24},"end":{"line":86,"column":40}}]},"13":{"loc":{"start":{"line":87,"column":25},"end":{"line":87,"column":52}},"type":"cond-expr","locations":[{"start":{"line":87,"column":39},"end":{"line":87,"column":41}},{"start":{"line":87,"column":25},"end":{"line":87,"column":52}}]},"14":{"loc":{"start":{"line":87,"column":25},"end":{"line":87,"column":41}},"type":"binary-expr","locations":[{"start":{"line":87,"column":25},"end":{"line":87,"column":41}},{"start":{"line":87,"column":25},"end":{"line":87,"column":41}}]},"15":{"loc":{"start":{"line":89,"column":8},"end":{"line":100,"column":9}},"type":"if","locations":[{"start":{"line":89,"column":8},"end":{"line":100,"column":9}}]},"16":{"loc":{"start":{"line":102,"column":8},"end":{"line":137,"column":9}},"type":"if","locations":[{"start":{"line":102,"column":8},"end":{"line":137,"column":9}}]},"17":{"loc":{"start":{"line":103,"column":12},"end":{"line":136,"column":13}},"type":"switch","locations":[{"start":{"line":104,"column":16},"end":{"line":105,"column":97}},{"start":{"line":106,"column":16},"end":{"line":116,"column":22}},{"start":{"line":117,"column":16},"end":{"line":118,"column":101}},{"start":{"line":119,"column":16},"end":{"line":129,"column":22}},{"start":{"line":130,"column":16},"end":{"line":135,"column":23}}]},"18":{"loc":{"start":{"line":139,"column":8},"end":{"line":153,"column":9}},"type":"switch","locations":[{"start":{"line":140,"column":12},"end":{"line":145,"column":19}},{"start":{"line":146,"column":12},"end":{"line":147,"column":119}},{"start":{"line":148,"column":12},"end":{"line":152,"column":19}}]},"19":{"loc":{"start":{"line":196,"column":16},"end":{"line":197,"column":77}},"type":"cond-expr","locations":[{"start":{"line":196,"column":64},"end":{"line":196,"column":null}},{"start":{"line":197,"column":20},"end":{"line":197,"column":77}}]},"20":{"loc":{"start":{"line":196,"column":16},"end":{"line":196,"column":null}},"type":"binary-expr","locations":[{"start":{"line":196,"column":16},"end":{"line":196,"column":null}},{"start":{"line":196,"column":64},"end":{"line":196,"column":null}}]},"21":{"loc":{"start":{"line":202,"column":16},"end":{"line":202,"column":38}},"type":"cond-expr","locations":[{"start":{"line":202,"column":29},"end":{"line":202,"column":31}},{"start":{"line":202,"column":29},"end":{"line":202,"column":38}}]},"22":{"loc":{"start":{"line":202,"column":16},"end":{"line":202,"column":31}},"type":"binary-expr","locations":[{"start":{"line":202,"column":16},"end":{"line":202,"column":31}},{"start":{"line":202,"column":29},"end":{"line":202,"column":31}}]},"23":{"loc":{"start":{"line":205,"column":35},"end":{"line":205,"column":61}},"type":"cond-expr","locations":[{"start":{"line":205,"column":49},"end":{"line":205,"column":51}},{"start":{"line":205,"column":35},"end":{"line":205,"column":61}}]},"24":{"loc":{"start":{"line":205,"column":35},"end":{"line":205,"column":51}},"type":"binary-expr","locations":[{"start":{"line":205,"column":35},"end":{"line":205,"column":51}},{"start":{"line":205,"column":35},"end":{"line":205,"column":51}}]},"25":{"loc":{"start":{"line":207,"column":16},"end":{"line":207,"column":39}},"type":"cond-expr","locations":[{"start":{"line":207,"column":30},"end":{"line":207,"column":32}},{"start":{"line":207,"column":16},"end":{"line":207,"column":39}}]},"26":{"loc":{"start":{"line":207,"column":16},"end":{"line":207,"column":32}},"type":"binary-expr","locations":[{"start":{"line":207,"column":16},"end":{"line":207,"column":32}},{"start":{"line":207,"column":16},"end":{"line":207,"column":32}}]},"27":{"loc":{"start":{"line":215,"column":23},"end":{"line":215,"column":112}},"type":"cond-expr","locations":[{"start":{"line":215,"column":66},"end":{"line":215,"column":104}},{"start":{"line":215,"column":107},"end":{"line":215,"column":112}}]},"28":{"loc":{"start":{"line":215,"column":23},"end":{"line":215,"column":55}},"type":"cond-expr","locations":[{"start":{"line":215,"column":37},"end":{"line":215,"column":39}},{"start":{"line":215,"column":23},"end":{"line":215,"column":55}}]},"29":{"loc":{"start":{"line":215,"column":23},"end":{"line":215,"column":39}},"type":"binary-expr","locations":[{"start":{"line":215,"column":23},"end":{"line":215,"column":39}},{"start":{"line":215,"column":23},"end":{"line":215,"column":39}}]},"30":{"loc":{"start":{"line":216,"column":24},"end":{"line":216,"column":50}},"type":"cond-expr","locations":[{"start":{"line":216,"column":38},"end":{"line":216,"column":40}},{"start":{"line":216,"column":24},"end":{"line":216,"column":50}}]},"31":{"loc":{"start":{"line":216,"column":24},"end":{"line":216,"column":40}},"type":"binary-expr","locations":[{"start":{"line":216,"column":24},"end":{"line":216,"column":40}},{"start":{"line":216,"column":24},"end":{"line":216,"column":40}}]},"32":{"loc":{"start":{"line":217,"column":25},"end":{"line":217,"column":52}},"type":"cond-expr","locations":[{"start":{"line":217,"column":39},"end":{"line":217,"column":41}},{"start":{"line":217,"column":25},"end":{"line":217,"column":52}}]},"33":{"loc":{"start":{"line":217,"column":25},"end":{"line":217,"column":41}},"type":"binary-expr","locations":[{"start":{"line":217,"column":25},"end":{"line":217,"column":41}},{"start":{"line":217,"column":25},"end":{"line":217,"column":41}}]},"34":{"loc":{"start":{"line":219,"column":8},"end":{"line":230,"column":9}},"type":"if","locations":[{"start":{"line":219,"column":8},"end":{"line":230,"column":9}}]},"35":{"loc":{"start":{"line":232,"column":8},"end":{"line":267,"column":9}},"type":"if","locations":[{"start":{"line":232,"column":8},"end":{"line":267,"column":9}}]},"36":{"loc":{"start":{"line":233,"column":12},"end":{"line":266,"column":13}},"type":"switch","locations":[{"start":{"line":234,"column":16},"end":{"line":235,"column":97}},{"start":{"line":236,"column":16},"end":{"line":246,"column":22}},{"start":{"line":247,"column":16},"end":{"line":248,"column":101}},{"start":{"line":249,"column":16},"end":{"line":259,"column":22}},{"start":{"line":260,"column":16},"end":{"line":265,"column":23}}]},"37":{"loc":{"start":{"line":269,"column":8},"end":{"line":283,"column":9}},"type":"switch","locations":[{"start":{"line":270,"column":12},"end":{"line":275,"column":19}},{"start":{"line":276,"column":12},"end":{"line":277,"column":120}},{"start":{"line":278,"column":12},"end":{"line":282,"column":19}}]},"38":{"loc":{"start":{"line":316,"column":16},"end":{"line":317,"column":77}},"type":"cond-expr","locations":[{"start":{"line":316,"column":64},"end":{"line":316,"column":null}},{"start":{"line":317,"column":20},"end":{"line":317,"column":77}}]},"39":{"loc":{"start":{"line":316,"column":16},"end":{"line":316,"column":null}},"type":"binary-expr","locations":[{"start":{"line":316,"column":16},"end":{"line":316,"column":null}},{"start":{"line":316,"column":64},"end":{"line":316,"column":null}}]},"40":{"loc":{"start":{"line":322,"column":16},"end":{"line":322,"column":38}},"type":"cond-expr","locations":[{"start":{"line":322,"column":29},"end":{"line":322,"column":31}},{"start":{"line":322,"column":29},"end":{"line":322,"column":38}}]},"41":{"loc":{"start":{"line":322,"column":16},"end":{"line":322,"column":31}},"type":"binary-expr","locations":[{"start":{"line":322,"column":16},"end":{"line":322,"column":31}},{"start":{"line":322,"column":29},"end":{"line":322,"column":31}}]},"42":{"loc":{"start":{"line":325,"column":35},"end":{"line":325,"column":61}},"type":"cond-expr","locations":[{"start":{"line":325,"column":49},"end":{"line":325,"column":51}},{"start":{"line":325,"column":35},"end":{"line":325,"column":61}}]},"43":{"loc":{"start":{"line":325,"column":35},"end":{"line":325,"column":51}},"type":"binary-expr","locations":[{"start":{"line":325,"column":35},"end":{"line":325,"column":51}},{"start":{"line":325,"column":35},"end":{"line":325,"column":51}}]},"44":{"loc":{"start":{"line":327,"column":16},"end":{"line":327,"column":39}},"type":"cond-expr","locations":[{"start":{"line":327,"column":30},"end":{"line":327,"column":32}},{"start":{"line":327,"column":16},"end":{"line":327,"column":39}}]},"45":{"loc":{"start":{"line":327,"column":16},"end":{"line":327,"column":32}},"type":"binary-expr","locations":[{"start":{"line":327,"column":16},"end":{"line":327,"column":32}},{"start":{"line":327,"column":16},"end":{"line":327,"column":32}}]},"46":{"loc":{"start":{"line":329,"column":23},"end":{"line":329,"column":112}},"type":"cond-expr","locations":[{"start":{"line":329,"column":66},"end":{"line":329,"column":104}},{"start":{"line":329,"column":107},"end":{"line":329,"column":112}}]},"47":{"loc":{"start":{"line":329,"column":23},"end":{"line":329,"column":55}},"type":"cond-expr","locations":[{"start":{"line":329,"column":37},"end":{"line":329,"column":39}},{"start":{"line":329,"column":23},"end":{"line":329,"column":55}}]},"48":{"loc":{"start":{"line":329,"column":23},"end":{"line":329,"column":39}},"type":"binary-expr","locations":[{"start":{"line":329,"column":23},"end":{"line":329,"column":39}},{"start":{"line":329,"column":23},"end":{"line":329,"column":39}}]},"49":{"loc":{"start":{"line":330,"column":24},"end":{"line":330,"column":50}},"type":"cond-expr","locations":[{"start":{"line":330,"column":38},"end":{"line":330,"column":40}},{"start":{"line":330,"column":24},"end":{"line":330,"column":50}}]},"50":{"loc":{"start":{"line":330,"column":24},"end":{"line":330,"column":40}},"type":"binary-expr","locations":[{"start":{"line":330,"column":24},"end":{"line":330,"column":40}},{"start":{"line":330,"column":24},"end":{"line":330,"column":40}}]},"51":{"loc":{"start":{"line":331,"column":25},"end":{"line":331,"column":52}},"type":"cond-expr","locations":[{"start":{"line":331,"column":39},"end":{"line":331,"column":41}},{"start":{"line":331,"column":25},"end":{"line":331,"column":52}}]},"52":{"loc":{"start":{"line":331,"column":25},"end":{"line":331,"column":41}},"type":"binary-expr","locations":[{"start":{"line":331,"column":25},"end":{"line":331,"column":41}},{"start":{"line":331,"column":25},"end":{"line":331,"column":41}}]},"53":{"loc":{"start":{"line":333,"column":8},"end":{"line":344,"column":9}},"type":"if","locations":[{"start":{"line":333,"column":8},"end":{"line":344,"column":9}}]},"54":{"loc":{"start":{"line":346,"column":8},"end":{"line":381,"column":9}},"type":"if","locations":[{"start":{"line":346,"column":8},"end":{"line":381,"column":9}}]},"55":{"loc":{"start":{"line":347,"column":12},"end":{"line":380,"column":13}},"type":"switch","locations":[{"start":{"line":348,"column":16},"end":{"line":349,"column":97}},{"start":{"line":350,"column":16},"end":{"line":360,"column":22}},{"start":{"line":361,"column":16},"end":{"line":362,"column":101}},{"start":{"line":363,"column":16},"end":{"line":373,"column":22}},{"start":{"line":374,"column":16},"end":{"line":379,"column":23}}]},"56":{"loc":{"start":{"line":383,"column":8},"end":{"line":399,"column":9}},"type":"switch","locations":[{"start":{"line":384,"column":12},"end":{"line":389,"column":19}},{"start":{"line":390,"column":12},"end":{"line":393,"column":18}},{"start":{"line":394,"column":12},"end":{"line":398,"column":19}}]},"57":{"loc":{"start":{"line":430,"column":16},"end":{"line":431,"column":77}},"type":"cond-expr","locations":[{"start":{"line":430,"column":64},"end":{"line":430,"column":null}},{"start":{"line":431,"column":20},"end":{"line":431,"column":77}}]},"58":{"loc":{"start":{"line":430,"column":16},"end":{"line":430,"column":null}},"type":"binary-expr","locations":[{"start":{"line":430,"column":16},"end":{"line":430,"column":null}},{"start":{"line":430,"column":64},"end":{"line":430,"column":null}}]},"59":{"loc":{"start":{"line":436,"column":16},"end":{"line":436,"column":38}},"type":"cond-expr","locations":[{"start":{"line":436,"column":29},"end":{"line":436,"column":31}},{"start":{"line":436,"column":29},"end":{"line":436,"column":38}}]},"60":{"loc":{"start":{"line":436,"column":16},"end":{"line":436,"column":31}},"type":"binary-expr","locations":[{"start":{"line":436,"column":16},"end":{"line":436,"column":31}},{"start":{"line":436,"column":29},"end":{"line":436,"column":31}}]},"61":{"loc":{"start":{"line":439,"column":35},"end":{"line":439,"column":61}},"type":"cond-expr","locations":[{"start":{"line":439,"column":49},"end":{"line":439,"column":51}},{"start":{"line":439,"column":35},"end":{"line":439,"column":61}}]},"62":{"loc":{"start":{"line":439,"column":35},"end":{"line":439,"column":51}},"type":"binary-expr","locations":[{"start":{"line":439,"column":35},"end":{"line":439,"column":51}},{"start":{"line":439,"column":35},"end":{"line":439,"column":51}}]},"63":{"loc":{"start":{"line":441,"column":16},"end":{"line":441,"column":39}},"type":"cond-expr","locations":[{"start":{"line":441,"column":30},"end":{"line":441,"column":32}},{"start":{"line":441,"column":16},"end":{"line":441,"column":39}}]},"64":{"loc":{"start":{"line":441,"column":16},"end":{"line":441,"column":32}},"type":"binary-expr","locations":[{"start":{"line":441,"column":16},"end":{"line":441,"column":32}},{"start":{"line":441,"column":16},"end":{"line":441,"column":32}}]},"65":{"loc":{"start":{"line":443,"column":23},"end":{"line":443,"column":112}},"type":"cond-expr","locations":[{"start":{"line":443,"column":66},"end":{"line":443,"column":104}},{"start":{"line":443,"column":107},"end":{"line":443,"column":112}}]},"66":{"loc":{"start":{"line":443,"column":23},"end":{"line":443,"column":55}},"type":"cond-expr","locations":[{"start":{"line":443,"column":37},"end":{"line":443,"column":39}},{"start":{"line":443,"column":23},"end":{"line":443,"column":55}}]},"67":{"loc":{"start":{"line":443,"column":23},"end":{"line":443,"column":39}},"type":"binary-expr","locations":[{"start":{"line":443,"column":23},"end":{"line":443,"column":39}},{"start":{"line":443,"column":23},"end":{"line":443,"column":39}}]},"68":{"loc":{"start":{"line":444,"column":24},"end":{"line":444,"column":50}},"type":"cond-expr","locations":[{"start":{"line":444,"column":38},"end":{"line":444,"column":40}},{"start":{"line":444,"column":24},"end":{"line":444,"column":50}}]},"69":{"loc":{"start":{"line":444,"column":24},"end":{"line":444,"column":40}},"type":"binary-expr","locations":[{"start":{"line":444,"column":24},"end":{"line":444,"column":40}},{"start":{"line":444,"column":24},"end":{"line":444,"column":40}}]},"70":{"loc":{"start":{"line":445,"column":25},"end":{"line":445,"column":52}},"type":"cond-expr","locations":[{"start":{"line":445,"column":39},"end":{"line":445,"column":41}},{"start":{"line":445,"column":25},"end":{"line":445,"column":52}}]},"71":{"loc":{"start":{"line":445,"column":25},"end":{"line":445,"column":41}},"type":"binary-expr","locations":[{"start":{"line":445,"column":25},"end":{"line":445,"column":41}},{"start":{"line":445,"column":25},"end":{"line":445,"column":41}}]},"72":{"loc":{"start":{"line":447,"column":8},"end":{"line":449,"column":9}},"type":"if","locations":[{"start":{"line":447,"column":8},"end":{"line":449,"column":9}}]},"73":{"loc":{"start":{"line":451,"column":8},"end":{"line":495,"column":9}},"type":"if","locations":[{"start":{"line":451,"column":8},"end":{"line":495,"column":9}}]},"74":{"loc":{"start":{"line":452,"column":12},"end":{"line":494,"column":13}},"type":"switch","locations":[{"start":{"line":453,"column":16},"end":{"line":463,"column":22}},{"start":{"line":464,"column":16},"end":{"line":474,"column":22}},{"start":{"line":475,"column":16},"end":{"line":476,"column":101}},{"start":{"line":477,"column":16},"end":{"line":487,"column":22}},{"start":{"line":488,"column":16},"end":{"line":493,"column":23}}]},"75":{"loc":{"start":{"line":497,"column":8},"end":{"line":513,"column":9}},"type":"switch","locations":[{"start":{"line":498,"column":12},"end":{"line":503,"column":19}},{"start":{"line":504,"column":12},"end":{"line":507,"column":18}},{"start":{"line":508,"column":12},"end":{"line":512,"column":19}}]},"76":{"loc":{"start":{"line":533,"column":8},"end":{"line":533,"column":50}},"type":"default-arg","locations":[{"start":{"line":533,"column":48},"end":{"line":533,"column":50}}]},"77":{"loc":{"start":{"line":542,"column":8},"end":{"line":542,"column":50}},"type":"default-arg","locations":[{"start":{"line":542,"column":48},"end":{"line":542,"column":50}}]},"78":{"loc":{"start":{"line":547,"column":16},"end":{"line":548,"column":77}},"type":"cond-expr","locations":[{"start":{"line":547,"column":64},"end":{"line":547,"column":null}},{"start":{"line":548,"column":20},"end":{"line":548,"column":77}}]},"79":{"loc":{"start":{"line":547,"column":16},"end":{"line":547,"column":null}},"type":"binary-expr","locations":[{"start":{"line":547,"column":16},"end":{"line":547,"column":null}},{"start":{"line":547,"column":64},"end":{"line":547,"column":null}}]},"80":{"loc":{"start":{"line":553,"column":16},"end":{"line":553,"column":38}},"type":"cond-expr","locations":[{"start":{"line":553,"column":29},"end":{"line":553,"column":31}},{"start":{"line":553,"column":29},"end":{"line":553,"column":38}}]},"81":{"loc":{"start":{"line":553,"column":16},"end":{"line":553,"column":31}},"type":"binary-expr","locations":[{"start":{"line":553,"column":16},"end":{"line":553,"column":31}},{"start":{"line":553,"column":29},"end":{"line":553,"column":31}}]},"82":{"loc":{"start":{"line":556,"column":35},"end":{"line":556,"column":61}},"type":"cond-expr","locations":[{"start":{"line":556,"column":49},"end":{"line":556,"column":51}},{"start":{"line":556,"column":35},"end":{"line":556,"column":61}}]},"83":{"loc":{"start":{"line":556,"column":35},"end":{"line":556,"column":51}},"type":"binary-expr","locations":[{"start":{"line":556,"column":35},"end":{"line":556,"column":51}},{"start":{"line":556,"column":35},"end":{"line":556,"column":51}}]},"84":{"loc":{"start":{"line":558,"column":16},"end":{"line":558,"column":39}},"type":"cond-expr","locations":[{"start":{"line":558,"column":30},"end":{"line":558,"column":32}},{"start":{"line":558,"column":16},"end":{"line":558,"column":39}}]},"85":{"loc":{"start":{"line":558,"column":16},"end":{"line":558,"column":32}},"type":"binary-expr","locations":[{"start":{"line":558,"column":16},"end":{"line":558,"column":32}},{"start":{"line":558,"column":16},"end":{"line":558,"column":32}}]},"86":{"loc":{"start":{"line":566,"column":23},"end":{"line":566,"column":112}},"type":"cond-expr","locations":[{"start":{"line":566,"column":66},"end":{"line":566,"column":104}},{"start":{"line":566,"column":107},"end":{"line":566,"column":112}}]},"87":{"loc":{"start":{"line":566,"column":23},"end":{"line":566,"column":55}},"type":"cond-expr","locations":[{"start":{"line":566,"column":37},"end":{"line":566,"column":39}},{"start":{"line":566,"column":23},"end":{"line":566,"column":55}}]},"88":{"loc":{"start":{"line":566,"column":23},"end":{"line":566,"column":39}},"type":"binary-expr","locations":[{"start":{"line":566,"column":23},"end":{"line":566,"column":39}},{"start":{"line":566,"column":23},"end":{"line":566,"column":39}}]},"89":{"loc":{"start":{"line":567,"column":24},"end":{"line":567,"column":50}},"type":"cond-expr","locations":[{"start":{"line":567,"column":38},"end":{"line":567,"column":40}},{"start":{"line":567,"column":24},"end":{"line":567,"column":50}}]},"90":{"loc":{"start":{"line":567,"column":24},"end":{"line":567,"column":40}},"type":"binary-expr","locations":[{"start":{"line":567,"column":24},"end":{"line":567,"column":40}},{"start":{"line":567,"column":24},"end":{"line":567,"column":40}}]},"91":{"loc":{"start":{"line":568,"column":25},"end":{"line":568,"column":52}},"type":"cond-expr","locations":[{"start":{"line":568,"column":39},"end":{"line":568,"column":41}},{"start":{"line":568,"column":25},"end":{"line":568,"column":52}}]},"92":{"loc":{"start":{"line":568,"column":25},"end":{"line":568,"column":41}},"type":"binary-expr","locations":[{"start":{"line":568,"column":25},"end":{"line":568,"column":41}},{"start":{"line":568,"column":25},"end":{"line":568,"column":41}}]},"93":{"loc":{"start":{"line":570,"column":8},"end":{"line":581,"column":9}},"type":"if","locations":[{"start":{"line":570,"column":8},"end":{"line":581,"column":9}}]},"94":{"loc":{"start":{"line":583,"column":8},"end":{"line":618,"column":9}},"type":"if","locations":[{"start":{"line":583,"column":8},"end":{"line":618,"column":9}}]},"95":{"loc":{"start":{"line":584,"column":12},"end":{"line":617,"column":13}},"type":"switch","locations":[{"start":{"line":585,"column":16},"end":{"line":586,"column":97}},{"start":{"line":587,"column":16},"end":{"line":597,"column":22}},{"start":{"line":598,"column":16},"end":{"line":599,"column":101}},{"start":{"line":600,"column":16},"end":{"line":610,"column":22}},{"start":{"line":611,"column":16},"end":{"line":616,"column":23}}]},"96":{"loc":{"start":{"line":620,"column":8},"end":{"line":636,"column":9}},"type":"switch","locations":[{"start":{"line":621,"column":12},"end":{"line":626,"column":19}},{"start":{"line":627,"column":12},"end":{"line":630,"column":18}},{"start":{"line":631,"column":12},"end":{"line":635,"column":19}}]},"97":{"loc":{"start":{"line":641,"column":8},"end":{"line":643,"column":9}},"type":"if","locations":[{"start":{"line":641,"column":8},"end":{"line":643,"column":9}}]}},"s":{"0":1,"1":1,"2":1,"3":1,"4":1,"5":0,"6":0,"7":0,"8":0,"9":0,"10":0,"11":0,"12":0,"13":0,"14":0,"15":0,"16":0,"17":0,"18":0,"19":0,"20":0,"21":0,"22":0,"23":0,"24":0,"25":0,"26":0,"27":0,"28":0,"29":0,"30":0,"31":0,"32":0,"33":0,"34":0,"35":0,"36":0,"37":0,"38":0,"39":0,"40":0,"41":0,"42":0,"43":0,"44":0,"45":0,"46":0,"47":0,"48":0,"49":0,"50":0,"51":0,"52":0,"53":0,"54":0,"55":0,"56":0,"57":0,"58":0,"59":0,"60":0,"61":0,"62":0,"63":0,"64":0,"65":0,"66":0,"67":0,"68":0,"69":0,"70":0,"71":0,"72":0,"73":0,"74":0,"75":0,"76":0,"77":0,"78":0,"79":0,"80":0,"81":0,"82":0,"83":0,"84":0,"85":0,"86":1},"f":{"0":0,"1":0,"2":0,"3":0,"4":0,"5":0,"6":0,"7":0,"8":0,"9":0,"10":0,"11":0,"12":0},"b":{"0":[0,0],"1":[0,0],"2":[0,0],"3":[0,0],"4":[0,0],"5":[0,0],"6":[0,0],"7":[0,0],"8":[0,0],"9":[0,0],"10":[0,0],"11":[0,0],"12":[0,0],"13":[0,0],"14":[0,0],"15":[0],"16":[0],"17":[0,0,0,0,0],"18":[0,0,0],"19":[0,0],"20":[0,0],"21":[0,0],"22":[0,0],"23":[0,0],"24":[0,0],"25":[0,0],"26":[0,0],"27":[0,0],"28":[0,0],"29":[0,0],"30":[0,0],"31":[0,0],"32":[0,0],"33":[0,0],"34":[0],"35":[0],"36":[0,0,0,0,0],"37":[0,0,0],"38":[0,0],"39":[0,0],"40":[0,0],"41":[0,0],"42":[0,0],"43":[0,0],"44":[0,0],"45":[0,0],"46":[0,0],"47":[0,0],"48":[0,0],"49":[0,0],"50":[0,0],"51":[0,0],"52":[0,0],"53":[0],"54":[0],"55":[0,0,0,0,0],"56":[0,0,0],"57":[0,0],"58":[0,0],"59":[0,0],"60":[0,0],"61":[0,0],"62":[0,0],"63":[0,0],"64":[0,0],"65":[0,0],"66":[0,0],"67":[0,0],"68":[0,0],"69":[0,0],"70":[0,0],"71":[0,0],"72":[0],"73":[0],"74":[0,0,0,0,0],"75":[0,0,0],"76":[0],"77":[0],"78":[0,0],"79":[0,0],"80":[0,0],"81":[0,0],"82":[0,0],"83":[0,0],"84":[0,0],"85":[0,0],"86":[0,0],"87":[0,0],"88":[0,0],"89":[0,0],"90":[0,0],"91":[0,0],"92":[0,0],"93":[0],"94":[0],"95":[0,0,0,0,0],"96":[0,0,0],"97":[0]}}
,"/Users/nmt/corti-sdk-typescript/src/api/resources/documents/client/index.ts": {"path":"/Users/nmt/corti-sdk-typescript/src/api/resources/documents/client/index.ts","statementMap":{"0":{"start":{"line":2,"column":0},"end":{"line":2,"column":36}}},"fnMap":{},"branchMap":{},"s":{"0":1},"f":{},"b":{}}
,"/Users/nmt/corti-sdk-typescript/src/api/resources/facts/index.ts": {"path":"/Users/nmt/corti-sdk-typescript/src/api/resources/facts/index.ts","statementMap":{"0":{"start":{"line":1,"column":0},"end":{"line":1,"column":34}}},"fnMap":{},"branchMap":{},"s":{"0":1},"f":{},"b":{}}
,"/Users/nmt/corti-sdk-typescript/src/api/resources/facts/client/Client.ts": {"path":"/Users/nmt/corti-sdk-typescript/src/api/resources/facts/client/Client.ts","statementMap":{"0":{"start":{"line":6,"column":0},"end":{"line":6,"column":50}},"1":{"start":{"line":7,"column":0},"end":{"line":7,"column":43}},"2":{"start":{"line":8,"column":0},"end":{"line":8,"column":84}},"3":{"start":{"line":9,"column":0},"end":{"line":9,"column":66}},"4":{"start":{"line":10,"column":0},"end":{"line":10,"column":54}},"5":{"start":{"line":42,"column":8},"end":{"line":42,"column":33}},"6":{"start":{"line":56,"column":8},"end":{"line":56,"column":91}},"7":{"start":{"line":62,"column":26},"end":{"line":80,"column":10}},"8":{"start":{"line":81,"column":8},"end":{"line":92,"column":9}},"9":{"start":{"line":82,"column":12},"end":{"line":91,"column":14}},"10":{"start":{"line":94,"column":8},"end":{"line":105,"column":9}},"11":{"start":{"line":95,"column":12},"end":{"line":104,"column":13}},"12":{"start":{"line":97,"column":20},"end":{"line":97,"column":101}},"13":{"start":{"line":99,"column":20},"end":{"line":103,"column":23}},"14":{"start":{"line":107,"column":8},"end":{"line":121,"column":9}},"15":{"start":{"line":109,"column":16},"end":{"line":113,"column":19}},"16":{"start":{"line":115,"column":16},"end":{"line":115,"column":102}},"17":{"start":{"line":117,"column":16},"end":{"line":120,"column":19}},"18":{"start":{"line":139,"column":8},"end":{"line":139,"column":85}},"19":{"start":{"line":146,"column":26},"end":{"line":164,"column":10}},"20":{"start":{"line":165,"column":8},"end":{"line":176,"column":9}},"21":{"start":{"line":166,"column":12},"end":{"line":175,"column":14}},"22":{"start":{"line":178,"column":8},"end":{"line":198,"column":9}},"23":{"start":{"line":179,"column":12},"end":{"line":197,"column":13}},"24":{"start":{"line":181,"column":20},"end":{"line":190,"column":22}},"25":{"start":{"line":192,"column":20},"end":{"line":196,"column":23}},"26":{"start":{"line":200,"column":8},"end":{"line":214,"column":9}},"27":{"start":{"line":202,"column":16},"end":{"line":206,"column":19}},"28":{"start":{"line":208,"column":16},"end":{"line":208,"column":115}},"29":{"start":{"line":210,"column":16},"end":{"line":213,"column":19}},"30":{"start":{"line":239,"column":8},"end":{"line":239,"column":96}},"31":{"start":{"line":247,"column":26},"end":{"line":271,"column":10}},"32":{"start":{"line":272,"column":8},"end":{"line":283,"column":9}},"33":{"start":{"line":273,"column":12},"end":{"line":282,"column":14}},"34":{"start":{"line":285,"column":8},"end":{"line":305,"column":9}},"35":{"start":{"line":286,"column":12},"end":{"line":304,"column":13}},"36":{"start":{"line":288,"column":20},"end":{"line":297,"column":22}},"37":{"start":{"line":299,"column":20},"end":{"line":303,"column":23}},"38":{"start":{"line":307,"column":8},"end":{"line":321,"column":9}},"39":{"start":{"line":309,"column":16},"end":{"line":313,"column":19}},"40":{"start":{"line":315,"column":16},"end":{"line":315,"column":116}},"41":{"start":{"line":317,"column":16},"end":{"line":320,"column":19}},"42":{"start":{"line":345,"column":8},"end":{"line":345,"column":101}},"43":{"start":{"line":353,"column":26},"end":{"line":377,"column":10}},"44":{"start":{"line":378,"column":8},"end":{"line":389,"column":9}},"45":{"start":{"line":379,"column":12},"end":{"line":388,"column":14}},"46":{"start":{"line":391,"column":8},"end":{"line":411,"column":9}},"47":{"start":{"line":392,"column":12},"end":{"line":410,"column":13}},"48":{"start":{"line":394,"column":20},"end":{"line":403,"column":22}},"49":{"start":{"line":405,"column":20},"end":{"line":409,"column":23}},"50":{"start":{"line":413,"column":8},"end":{"line":427,"column":9}},"51":{"start":{"line":415,"column":16},"end":{"line":419,"column":19}},"52":{"start":{"line":421,"column":16},"end":{"line":421,"column":117}},"53":{"start":{"line":423,"column":16},"end":{"line":426,"column":19}},"54":{"start":{"line":449,"column":8},"end":{"line":449,"column":104}},"55":{"start":{"line":453,"column":8},"end":{"line":535,"column":null}},"56":{"start":{"line":458,"column":26},"end":{"line":482,"column":10}},"57":{"start":{"line":483,"column":8},"end":{"line":494,"column":9}},"58":{"start":{"line":484,"column":12},"end":{"line":493,"column":14}},"59":{"start":{"line":496,"column":8},"end":{"line":516,"column":9}},"60":{"start":{"line":497,"column":12},"end":{"line":515,"column":13}},"61":{"start":{"line":499,"column":20},"end":{"line":508,"column":22}},"62":{"start":{"line":510,"column":20},"end":{"line":514,"column":23}},"63":{"start":{"line":518,"column":8},"end":{"line":534,"column":9}},"64":{"start":{"line":520,"column":16},"end":{"line":524,"column":19}},"65":{"start":{"line":526,"column":16},"end":{"line":528,"column":18}},"66":{"start":{"line":530,"column":16},"end":{"line":533,"column":19}},"67":{"start":{"line":538,"column":23},"end":{"line":538,"column":67}},"68":{"start":{"line":539,"column":8},"end":{"line":541,"column":9}},"69":{"start":{"line":540,"column":12},"end":{"line":540,"column":38}},"70":{"start":{"line":543,"column":8},"end":{"line":543,"column":25}},"71":{"start":{"line":38,"column":0},"end":{"line":38,"column":13}}},"fnMap":{"0":{"name":"(anonymous_16)","decl":{"start":{"line":41,"column":4},"end":{"line":41,"column":16}},"loc":{"start":{"line":41,"column":39},"end":{"line":43,"column":5}}},"1":{"name":"(anonymous_17)","decl":{"start":{"line":53,"column":11},"end":{"line":53,"column":25}},"loc":{"start":{"line":54,"column":45},"end":{"line":57,"column":5}}},"2":{"name":"(anonymous_18)","decl":{"start":{"line":59,"column":18},"end":{"line":59,"column":34}},"loc":{"start":{"line":60,"column":45},"end":{"line":122,"column":null}}},"3":{"name":"(anonymous_20)","decl":{"start":{"line":135,"column":11},"end":{"line":135,"column":15}},"loc":{"start":{"line":137,"column":45},"end":{"line":140,"column":5}}},"4":{"name":"(anonymous_21)","decl":{"start":{"line":142,"column":18},"end":{"line":142,"column":24}},"loc":{"start":{"line":144,"column":45},"end":{"line":215,"column":null}}},"5":{"name":"(anonymous_23)","decl":{"start":{"line":234,"column":11},"end":{"line":234,"column":17}},"loc":{"start":{"line":237,"column":45},"end":{"line":240,"column":5}}},"6":{"name":"(anonymous_24)","decl":{"start":{"line":242,"column":18},"end":{"line":242,"column":26}},"loc":{"start":{"line":245,"column":45},"end":{"line":322,"column":null}}},"7":{"name":"(anonymous_26)","decl":{"start":{"line":340,"column":11},"end":{"line":340,"column":22}},"loc":{"start":{"line":343,"column":45},"end":{"line":346,"column":5}}},"8":{"name":"(anonymous_27)","decl":{"start":{"line":348,"column":18},"end":{"line":348,"column":31}},"loc":{"start":{"line":351,"column":45},"end":{"line":428,"column":null}}},"9":{"name":"(anonymous_29)","decl":{"start":{"line":443,"column":11},"end":{"line":443,"column":17}},"loc":{"start":{"line":447,"column":45},"end":{"line":450,"column":5}}},"10":{"name":"(anonymous_30)","decl":{"start":{"line":452,"column":18},"end":{"line":452,"column":26}},"loc":{"start":{"line":452,"column":26},"end":{"line":535,"column":null}}},"11":{"name":"(anonymous_31)","decl":{"start":{"line":453,"column":8},"end":{"line":453,"column":22}},"loc":{"start":{"line":456,"column":45},"end":{"line":535,"column":5}}},"12":{"name":"(anonymous_32)","decl":{"start":{"line":537,"column":20},"end":{"line":537,"column":43}},"loc":{"start":{"line":537,"column":43},"end":{"line":544,"column":null}}}},"branchMap":{"0":{"loc":{"start":{"line":64,"column":16},"end":{"line":65,"column":77}},"type":"cond-expr","locations":[{"start":{"line":64,"column":64},"end":{"line":64,"column":null}},{"start":{"line":65,"column":20},"end":{"line":65,"column":77}}]},"1":{"loc":{"start":{"line":64,"column":16},"end":{"line":64,"column":null}},"type":"binary-expr","locations":[{"start":{"line":64,"column":16},"end":{"line":64,"column":null}},{"start":{"line":64,"column":64},"end":{"line":64,"column":null}}]},"2":{"loc":{"start":{"line":70,"column":16},"end":{"line":70,"column":38}},"type":"cond-expr","locations":[{"start":{"line":70,"column":29},"end":{"line":70,"column":31}},{"start":{"line":70,"column":29},"end":{"line":70,"column":38}}]},"3":{"loc":{"start":{"line":70,"column":16},"end":{"line":70,"column":31}},"type":"binary-expr","locations":[{"start":{"line":70,"column":16},"end":{"line":70,"column":31}},{"start":{"line":70,"column":29},"end":{"line":70,"column":31}}]},"4":{"loc":{"start":{"line":73,"column":35},"end":{"line":73,"column":61}},"type":"cond-expr","locations":[{"start":{"line":73,"column":49},"end":{"line":73,"column":51}},{"start":{"line":73,"column":35},"end":{"line":73,"column":61}}]},"5":{"loc":{"start":{"line":73,"column":35},"end":{"line":73,"column":51}},"type":"binary-expr","locations":[{"start":{"line":73,"column":35},"end":{"line":73,"column":51}},{"start":{"line":73,"column":35},"end":{"line":73,"column":51}}]},"6":{"loc":{"start":{"line":75,"column":16},"end":{"line":75,"column":39}},"type":"cond-expr","locations":[{"start":{"line":75,"column":30},"end":{"line":75,"column":32}},{"start":{"line":75,"column":16},"end":{"line":75,"column":39}}]},"7":{"loc":{"start":{"line":75,"column":16},"end":{"line":75,"column":32}},"type":"binary-expr","locations":[{"start":{"line":75,"column":16},"end":{"line":75,"column":32}},{"start":{"line":75,"column":16},"end":{"line":75,"column":32}}]},"8":{"loc":{"start":{"line":77,"column":23},"end":{"line":77,"column":112}},"type":"cond-expr","locations":[{"start":{"line":77,"column":66},"end":{"line":77,"column":104}},{"start":{"line":77,"column":107},"end":{"line":77,"column":112}}]},"9":{"loc":{"start":{"line":77,"column":23},"end":{"line":77,"column":55}},"type":"cond-expr","locations":[{"start":{"line":77,"column":37},"end":{"line":77,"column":39}},{"start":{"line":77,"column":23},"end":{"line":77,"column":55}}]},"10":{"loc":{"start":{"line":77,"column":23},"end":{"line":77,"column":39}},"type":"binary-expr","locations":[{"start":{"line":77,"column":23},"end":{"line":77,"column":39}},{"start":{"line":77,"column":23},"end":{"line":77,"column":39}}]},"11":{"loc":{"start":{"line":78,"column":24},"end":{"line":78,"column":50}},"type":"cond-expr","locations":[{"start":{"line":78,"column":38},"end":{"line":78,"column":40}},{"start":{"line":78,"column":24},"end":{"line":78,"column":50}}]},"12":{"loc":{"start":{"line":78,"column":24},"end":{"line":78,"column":40}},"type":"binary-expr","locations":[{"start":{"line":78,"column":24},"end":{"line":78,"column":40}},{"start":{"line":78,"column":24},"end":{"line":78,"column":40}}]},"13":{"loc":{"start":{"line":79,"column":25},"end":{"line":79,"column":52}},"type":"cond-expr","locations":[{"start":{"line":79,"column":39},"end":{"line":79,"column":41}},{"start":{"line":79,"column":25},"end":{"line":79,"column":52}}]},"14":{"loc":{"start":{"line":79,"column":25},"end":{"line":79,"column":41}},"type":"binary-expr","locations":[{"start":{"line":79,"column":25},"end":{"line":79,"column":41}},{"start":{"line":79,"column":25},"end":{"line":79,"column":41}}]},"15":{"loc":{"start":{"line":81,"column":8},"end":{"line":92,"column":9}},"type":"if","locations":[{"start":{"line":81,"column":8},"end":{"line":92,"column":9}}]},"16":{"loc":{"start":{"line":94,"column":8},"end":{"line":105,"column":9}},"type":"if","locations":[{"start":{"line":94,"column":8},"end":{"line":105,"column":9}}]},"17":{"loc":{"start":{"line":95,"column":12},"end":{"line":104,"column":13}},"type":"switch","locations":[{"start":{"line":96,"column":16},"end":{"line":97,"column":101}},{"start":{"line":98,"column":16},"end":{"line":103,"column":23}}]},"18":{"loc":{"start":{"line":107,"column":8},"end":{"line":121,"column":9}},"type":"switch","locations":[{"start":{"line":108,"column":12},"end":{"line":113,"column":19}},{"start":{"line":114,"column":12},"end":{"line":115,"column":102}},{"start":{"line":116,"column":12},"end":{"line":120,"column":19}}]},"19":{"loc":{"start":{"line":148,"column":16},"end":{"line":149,"column":77}},"type":"cond-expr","locations":[{"start":{"line":148,"column":64},"end":{"line":148,"column":null}},{"start":{"line":149,"column":20},"end":{"line":149,"column":77}}]},"20":{"loc":{"start":{"line":148,"column":16},"end":{"line":148,"column":null}},"type":"binary-expr","locations":[{"start":{"line":148,"column":16},"end":{"line":148,"column":null}},{"start":{"line":148,"column":64},"end":{"line":148,"column":null}}]},"21":{"loc":{"start":{"line":154,"column":16},"end":{"line":154,"column":38}},"type":"cond-expr","locations":[{"start":{"line":154,"column":29},"end":{"line":154,"column":31}},{"start":{"line":154,"column":29},"end":{"line":154,"column":38}}]},"22":{"loc":{"start":{"line":154,"column":16},"end":{"line":154,"column":31}},"type":"binary-expr","locations":[{"start":{"line":154,"column":16},"end":{"line":154,"column":31}},{"start":{"line":154,"column":29},"end":{"line":154,"column":31}}]},"23":{"loc":{"start":{"line":157,"column":35},"end":{"line":157,"column":61}},"type":"cond-expr","locations":[{"start":{"line":157,"column":49},"end":{"line":157,"column":51}},{"start":{"line":157,"column":35},"end":{"line":157,"column":61}}]},"24":{"loc":{"start":{"line":157,"column":35},"end":{"line":157,"column":51}},"type":"binary-expr","locations":[{"start":{"line":157,"column":35},"end":{"line":157,"column":51}},{"start":{"line":157,"column":35},"end":{"line":157,"column":51}}]},"25":{"loc":{"start":{"line":159,"column":16},"end":{"line":159,"column":39}},"type":"cond-expr","locations":[{"start":{"line":159,"column":30},"end":{"line":159,"column":32}},{"start":{"line":159,"column":16},"end":{"line":159,"column":39}}]},"26":{"loc":{"start":{"line":159,"column":16},"end":{"line":159,"column":32}},"type":"binary-expr","locations":[{"start":{"line":159,"column":16},"end":{"line":159,"column":32}},{"start":{"line":159,"column":16},"end":{"line":159,"column":32}}]},"27":{"loc":{"start":{"line":161,"column":23},"end":{"line":161,"column":112}},"type":"cond-expr","locations":[{"start":{"line":161,"column":66},"end":{"line":161,"column":104}},{"start":{"line":161,"column":107},"end":{"line":161,"column":112}}]},"28":{"loc":{"start":{"line":161,"column":23},"end":{"line":161,"column":55}},"type":"cond-expr","locations":[{"start":{"line":161,"column":37},"end":{"line":161,"column":39}},{"start":{"line":161,"column":23},"end":{"line":161,"column":55}}]},"29":{"loc":{"start":{"line":161,"column":23},"end":{"line":161,"column":39}},"type":"binary-expr","locations":[{"start":{"line":161,"column":23},"end":{"line":161,"column":39}},{"start":{"line":161,"column":23},"end":{"line":161,"column":39}}]},"30":{"loc":{"start":{"line":162,"column":24},"end":{"line":162,"column":50}},"type":"cond-expr","locations":[{"start":{"line":162,"column":38},"end":{"line":162,"column":40}},{"start":{"line":162,"column":24},"end":{"line":162,"column":50}}]},"31":{"loc":{"start":{"line":162,"column":24},"end":{"line":162,"column":40}},"type":"binary-expr","locations":[{"start":{"line":162,"column":24},"end":{"line":162,"column":40}},{"start":{"line":162,"column":24},"end":{"line":162,"column":40}}]},"32":{"loc":{"start":{"line":163,"column":25},"end":{"line":163,"column":52}},"type":"cond-expr","locations":[{"start":{"line":163,"column":39},"end":{"line":163,"column":41}},{"start":{"line":163,"column":25},"end":{"line":163,"column":52}}]},"33":{"loc":{"start":{"line":163,"column":25},"end":{"line":163,"column":41}},"type":"binary-expr","locations":[{"start":{"line":163,"column":25},"end":{"line":163,"column":41}},{"start":{"line":163,"column":25},"end":{"line":163,"column":41}}]},"34":{"loc":{"start":{"line":165,"column":8},"end":{"line":176,"column":9}},"type":"if","locations":[{"start":{"line":165,"column":8},"end":{"line":176,"column":9}}]},"35":{"loc":{"start":{"line":178,"column":8},"end":{"line":198,"column":9}},"type":"if","locations":[{"start":{"line":178,"column":8},"end":{"line":198,"column":9}}]},"36":{"loc":{"start":{"line":179,"column":12},"end":{"line":197,"column":13}},"type":"switch","locations":[{"start":{"line":180,"column":16},"end":{"line":190,"column":22}},{"start":{"line":191,"column":16},"end":{"line":196,"column":23}}]},"37":{"loc":{"start":{"line":200,"column":8},"end":{"line":214,"column":9}},"type":"switch","locations":[{"start":{"line":201,"column":12},"end":{"line":206,"column":19}},{"start":{"line":207,"column":12},"end":{"line":208,"column":115}},{"start":{"line":209,"column":12},"end":{"line":213,"column":19}}]},"38":{"loc":{"start":{"line":249,"column":16},"end":{"line":250,"column":77}},"type":"cond-expr","locations":[{"start":{"line":249,"column":64},"end":{"line":249,"column":null}},{"start":{"line":250,"column":20},"end":{"line":250,"column":77}}]},"39":{"loc":{"start":{"line":249,"column":16},"end":{"line":249,"column":null}},"type":"binary-expr","locations":[{"start":{"line":249,"column":16},"end":{"line":249,"column":null}},{"start":{"line":249,"column":64},"end":{"line":249,"column":null}}]},"40":{"loc":{"start":{"line":255,"column":16},"end":{"line":255,"column":38}},"type":"cond-expr","locations":[{"start":{"line":255,"column":29},"end":{"line":255,"column":31}},{"start":{"line":255,"column":29},"end":{"line":255,"column":38}}]},"41":{"loc":{"start":{"line":255,"column":16},"end":{"line":255,"column":31}},"type":"binary-expr","locations":[{"start":{"line":255,"column":16},"end":{"line":255,"column":31}},{"start":{"line":255,"column":29},"end":{"line":255,"column":31}}]},"42":{"loc":{"start":{"line":258,"column":35},"end":{"line":258,"column":61}},"type":"cond-expr","locations":[{"start":{"line":258,"column":49},"end":{"line":258,"column":51}},{"start":{"line":258,"column":35},"end":{"line":258,"column":61}}]},"43":{"loc":{"start":{"line":258,"column":35},"end":{"line":258,"column":51}},"type":"binary-expr","locations":[{"start":{"line":258,"column":35},"end":{"line":258,"column":51}},{"start":{"line":258,"column":35},"end":{"line":258,"column":51}}]},"44":{"loc":{"start":{"line":260,"column":16},"end":{"line":260,"column":39}},"type":"cond-expr","locations":[{"start":{"line":260,"column":30},"end":{"line":260,"column":32}},{"start":{"line":260,"column":16},"end":{"line":260,"column":39}}]},"45":{"loc":{"start":{"line":260,"column":16},"end":{"line":260,"column":32}},"type":"binary-expr","locations":[{"start":{"line":260,"column":16},"end":{"line":260,"column":32}},{"start":{"line":260,"column":16},"end":{"line":260,"column":32}}]},"46":{"loc":{"start":{"line":268,"column":23},"end":{"line":268,"column":112}},"type":"cond-expr","locations":[{"start":{"line":268,"column":66},"end":{"line":268,"column":104}},{"start":{"line":268,"column":107},"end":{"line":268,"column":112}}]},"47":{"loc":{"start":{"line":268,"column":23},"end":{"line":268,"column":55}},"type":"cond-expr","locations":[{"start":{"line":268,"column":37},"end":{"line":268,"column":39}},{"start":{"line":268,"column":23},"end":{"line":268,"column":55}}]},"48":{"loc":{"start":{"line":268,"column":23},"end":{"line":268,"column":39}},"type":"binary-expr","locations":[{"start":{"line":268,"column":23},"end":{"line":268,"column":39}},{"start":{"line":268,"column":23},"end":{"line":268,"column":39}}]},"49":{"loc":{"start":{"line":269,"column":24},"end":{"line":269,"column":50}},"type":"cond-expr","locations":[{"start":{"line":269,"column":38},"end":{"line":269,"column":40}},{"start":{"line":269,"column":24},"end":{"line":269,"column":50}}]},"50":{"loc":{"start":{"line":269,"column":24},"end":{"line":269,"column":40}},"type":"binary-expr","locations":[{"start":{"line":269,"column":24},"end":{"line":269,"column":40}},{"start":{"line":269,"column":24},"end":{"line":269,"column":40}}]},"51":{"loc":{"start":{"line":270,"column":25},"end":{"line":270,"column":52}},"type":"cond-expr","locations":[{"start":{"line":270,"column":39},"end":{"line":270,"column":41}},{"start":{"line":270,"column":25},"end":{"line":270,"column":52}}]},"52":{"loc":{"start":{"line":270,"column":25},"end":{"line":270,"column":41}},"type":"binary-expr","locations":[{"start":{"line":270,"column":25},"end":{"line":270,"column":41}},{"start":{"line":270,"column":25},"end":{"line":270,"column":41}}]},"53":{"loc":{"start":{"line":272,"column":8},"end":{"line":283,"column":9}},"type":"if","locations":[{"start":{"line":272,"column":8},"end":{"line":283,"column":9}}]},"54":{"loc":{"start":{"line":285,"column":8},"end":{"line":305,"column":9}},"type":"if","locations":[{"start":{"line":285,"column":8},"end":{"line":305,"column":9}}]},"55":{"loc":{"start":{"line":286,"column":12},"end":{"line":304,"column":13}},"type":"switch","locations":[{"start":{"line":287,"column":16},"end":{"line":297,"column":22}},{"start":{"line":298,"column":16},"end":{"line":303,"column":23}}]},"56":{"loc":{"start":{"line":307,"column":8},"end":{"line":321,"column":9}},"type":"switch","locations":[{"start":{"line":308,"column":12},"end":{"line":313,"column":19}},{"start":{"line":314,"column":12},"end":{"line":315,"column":116}},{"start":{"line":316,"column":12},"end":{"line":320,"column":19}}]},"57":{"loc":{"start":{"line":355,"column":16},"end":{"line":356,"column":77}},"type":"cond-expr","locations":[{"start":{"line":355,"column":64},"end":{"line":355,"column":null}},{"start":{"line":356,"column":20},"end":{"line":356,"column":77}}]},"58":{"loc":{"start":{"line":355,"column":16},"end":{"line":355,"column":null}},"type":"binary-expr","locations":[{"start":{"line":355,"column":16},"end":{"line":355,"column":null}},{"start":{"line":355,"column":64},"end":{"line":355,"column":null}}]},"59":{"loc":{"start":{"line":361,"column":16},"end":{"line":361,"column":38}},"type":"cond-expr","locations":[{"start":{"line":361,"column":29},"end":{"line":361,"column":31}},{"start":{"line":361,"column":29},"end":{"line":361,"column":38}}]},"60":{"loc":{"start":{"line":361,"column":16},"end":{"line":361,"column":31}},"type":"binary-expr","locations":[{"start":{"line":361,"column":16},"end":{"line":361,"column":31}},{"start":{"line":361,"column":29},"end":{"line":361,"column":31}}]},"61":{"loc":{"start":{"line":364,"column":35},"end":{"line":364,"column":61}},"type":"cond-expr","locations":[{"start":{"line":364,"column":49},"end":{"line":364,"column":51}},{"start":{"line":364,"column":35},"end":{"line":364,"column":61}}]},"62":{"loc":{"start":{"line":364,"column":35},"end":{"line":364,"column":51}},"type":"binary-expr","locations":[{"start":{"line":364,"column":35},"end":{"line":364,"column":51}},{"start":{"line":364,"column":35},"end":{"line":364,"column":51}}]},"63":{"loc":{"start":{"line":366,"column":16},"end":{"line":366,"column":39}},"type":"cond-expr","locations":[{"start":{"line":366,"column":30},"end":{"line":366,"column":32}},{"start":{"line":366,"column":16},"end":{"line":366,"column":39}}]},"64":{"loc":{"start":{"line":366,"column":16},"end":{"line":366,"column":32}},"type":"binary-expr","locations":[{"start":{"line":366,"column":16},"end":{"line":366,"column":32}},{"start":{"line":366,"column":16},"end":{"line":366,"column":32}}]},"65":{"loc":{"start":{"line":374,"column":23},"end":{"line":374,"column":112}},"type":"cond-expr","locations":[{"start":{"line":374,"column":66},"end":{"line":374,"column":104}},{"start":{"line":374,"column":107},"end":{"line":374,"column":112}}]},"66":{"loc":{"start":{"line":374,"column":23},"end":{"line":374,"column":55}},"type":"cond-expr","locations":[{"start":{"line":374,"column":37},"end":{"line":374,"column":39}},{"start":{"line":374,"column":23},"end":{"line":374,"column":55}}]},"67":{"loc":{"start":{"line":374,"column":23},"end":{"line":374,"column":39}},"type":"binary-expr","locations":[{"start":{"line":374,"column":23},"end":{"line":374,"column":39}},{"start":{"line":374,"column":23},"end":{"line":374,"column":39}}]},"68":{"loc":{"start":{"line":375,"column":24},"end":{"line":375,"column":50}},"type":"cond-expr","locations":[{"start":{"line":375,"column":38},"end":{"line":375,"column":40}},{"start":{"line":375,"column":24},"end":{"line":375,"column":50}}]},"69":{"loc":{"start":{"line":375,"column":24},"end":{"line":375,"column":40}},"type":"binary-expr","locations":[{"start":{"line":375,"column":24},"end":{"line":375,"column":40}},{"start":{"line":375,"column":24},"end":{"line":375,"column":40}}]},"70":{"loc":{"start":{"line":376,"column":25},"end":{"line":376,"column":52}},"type":"cond-expr","locations":[{"start":{"line":376,"column":39},"end":{"line":376,"column":41}},{"start":{"line":376,"column":25},"end":{"line":376,"column":52}}]},"71":{"loc":{"start":{"line":376,"column":25},"end":{"line":376,"column":41}},"type":"binary-expr","locations":[{"start":{"line":376,"column":25},"end":{"line":376,"column":41}},{"start":{"line":376,"column":25},"end":{"line":376,"column":41}}]},"72":{"loc":{"start":{"line":378,"column":8},"end":{"line":389,"column":9}},"type":"if","locations":[{"start":{"line":378,"column":8},"end":{"line":389,"column":9}}]},"73":{"loc":{"start":{"line":391,"column":8},"end":{"line":411,"column":9}},"type":"if","locations":[{"start":{"line":391,"column":8},"end":{"line":411,"column":9}}]},"74":{"loc":{"start":{"line":392,"column":12},"end":{"line":410,"column":13}},"type":"switch","locations":[{"start":{"line":393,"column":16},"end":{"line":403,"column":22}},{"start":{"line":404,"column":16},"end":{"line":409,"column":23}}]},"75":{"loc":{"start":{"line":413,"column":8},"end":{"line":427,"column":9}},"type":"switch","locations":[{"start":{"line":414,"column":12},"end":{"line":419,"column":19}},{"start":{"line":420,"column":12},"end":{"line":421,"column":117}},{"start":{"line":422,"column":12},"end":{"line":426,"column":19}}]},"76":{"loc":{"start":{"line":446,"column":8},"end":{"line":446,"column":46}},"type":"default-arg","locations":[{"start":{"line":446,"column":44},"end":{"line":446,"column":46}}]},"77":{"loc":{"start":{"line":455,"column":8},"end":{"line":455,"column":46}},"type":"default-arg","locations":[{"start":{"line":455,"column":44},"end":{"line":455,"column":46}}]},"78":{"loc":{"start":{"line":460,"column":16},"end":{"line":461,"column":77}},"type":"cond-expr","locations":[{"start":{"line":460,"column":64},"end":{"line":460,"column":null}},{"start":{"line":461,"column":20},"end":{"line":461,"column":77}}]},"79":{"loc":{"start":{"line":460,"column":16},"end":{"line":460,"column":null}},"type":"binary-expr","locations":[{"start":{"line":460,"column":16},"end":{"line":460,"column":null}},{"start":{"line":460,"column":64},"end":{"line":460,"column":null}}]},"80":{"loc":{"start":{"line":466,"column":16},"end":{"line":466,"column":38}},"type":"cond-expr","locations":[{"start":{"line":466,"column":29},"end":{"line":466,"column":31}},{"start":{"line":466,"column":29},"end":{"line":466,"column":38}}]},"81":{"loc":{"start":{"line":466,"column":16},"end":{"line":466,"column":31}},"type":"binary-expr","locations":[{"start":{"line":466,"column":16},"end":{"line":466,"column":31}},{"start":{"line":466,"column":29},"end":{"line":466,"column":31}}]},"82":{"loc":{"start":{"line":469,"column":35},"end":{"line":469,"column":61
[...]
,"/Users/nmt/corti-sdk-typescript/src/serialization/types/TemplatesSectionListResponse.ts": {"path":"/Users/nmt/corti-sdk-typescript/src/serialization/types/TemplatesSectionListResponse.ts","statementMap":{"0":{"start":{"line":7,"column":0},"end":{"line":7,"column":44}},"1":{"start":{"line":8,"column":0},"end":{"line":8,"column":57}},"2":{"start":{"line":10,"column":13},"end":{"line":15,"column":3}}},"fnMap":{},"branchMap":{},"s":{"0":1,"1":1,"2":1},"f":{},"b":{}}
,"/Users/nmt/corti-sdk-typescript/src/serialization/types/TemplatesSectionSorted.ts": {"path":"/Users/nmt/corti-sdk-typescript/src/serialization/types/TemplatesSectionSorted.ts","statementMap":{"0":{"start":{"line":7,"column":0},"end":{"line":7,"column":44}},"1":{"start":{"line":8,"column":0},"end":{"line":8,"column":57}},"2":{"start":{"line":10,"column":13},"end":{"line":16,"column":3}}},"fnMap":{},"branchMap":{},"s":{"0":1,"1":1,"2":1},"f":{},"b":{}}
,"/Users/nmt/corti-sdk-typescript/src/serialization/types/TemplatesTranslation.ts": {"path":"/Users/nmt/corti-sdk-typescript/src/serialization/types/TemplatesTranslation.ts","statementMap":{"0":{"start":{"line":7,"column":0},"end":{"line":7,"column":44}},"1":{"start":{"line":9,"column":13},"end":{"line":16,"column":3}}},"fnMap":{},"branchMap":{},"s":{"0":1,"1":1},"f":{},"b":{}}
,"/Users/nmt/corti-sdk-typescript/src/serialization/types/TemplatesWritingStyle.ts": {"path":"/Users/nmt/corti-sdk-typescript/src/serialization/types/TemplatesWritingStyle.ts","statementMap":{"0":{"start":{"line":7,"column":0},"end":{"line":7,"column":44}},"1":{"start":{"line":9,"column":13},"end":{"line":14,"column":3}}},"fnMap":{},"branchMap":{},"s":{"0":1,"1":1},"f":{},"b":{}}
,"/Users/nmt/corti-sdk-typescript/src/serialization/types/TranscribeCommand.ts": {"path":"/Users/nmt/corti-sdk-typescript/src/serialization/types/TranscribeCommand.ts","statementMap":{"0":{"start":{"line":7,"column":0},"end":{"line":7,"column":44}},"1":{"start":{"line":8,"column":0},"end":{"line":8,"column":75}},"2":{"start":{"line":10,"column":13},"end":{"line":17,"column":3}}},"fnMap":{},"branchMap":{},"s":{"0":1,"1":1,"2":1},"f":{},"b":{}}
,"/Users/nmt/corti-sdk-typescript/src/serialization/types/TranscribeCommandData.ts": {"path":"/Users/nmt/corti-sdk-typescript/src/serialization/types/TranscribeCommandData.ts","statementMap":{"0":{"start":{"line":7,"column":0},"end":{"line":7,"column":44}},"1":{"start":{"line":9,"column":13},"end":{"line":20,"column":3}}},"fnMap":{},"branchMap":{},"s":{"0":1,"1":1},"f":{},"b":{}}
,"/Users/nmt/corti-sdk-typescript/src/serialization/types/TranscribeCommandMessage.ts": {"path":"/Users/nmt/corti-sdk-typescript/src/serialization/types/TranscribeCommandMessage.ts","statementMap":{"0":{"start":{"line":7,"column":0},"end":{"line":7,"column":44}},"1":{"start":{"line":8,"column":0},"end":{"line":8,"column":67}},"2":{"start":{"line":10,"column":13},"end":{"line":16,"column":3}}},"fnMap":{},"branchMap":{},"s":{"0":1,"1":1,"2":1},"f":{},"b":{}}
,"/Users/nmt/corti-sdk-typescript/src/serialization/types/TranscribeCommandVariable.ts": {"path":"/Users/nmt/corti-sdk-typescript/src/serialization/types/TranscribeCommandVariable.ts","statementMap":{"0":{"start":{"line":7,"column":0},"end":{"line":7,"column":44}},"1":{"start":{"line":9,"column":13},"end":{"line":16,"column":3}}},"fnMap":{},"branchMap":{},"s":{"0":1,"1":1},"f":{},"b":{}}
,"/Users/nmt/corti-sdk-typescript/src/serialization/types/TranscribeConfig.ts": {"path":"/Users/nmt/corti-sdk-typescript/src/serialization/types/TranscribeConfig.ts","statementMap":{"0":{"start":{"line":7,"column":0},"end":{"line":7,"column":44}},"1":{"start":{"line":8,"column":0},"end":{"line":8,"column":79}},"2":{"start":{"line":9,"column":0},"end":{"line":9,"column":59}},"3":{"start":{"line":11,"column":13},"end":{"line":20,"column":3}}},"fnMap":{},"branchMap":{},"s":{"0":1,"1":1,"2":1,"3":1},"f":{},"b":{}}
,"/Users/nmt/corti-sdk-typescript/src/serialization/types/TranscribeConfigMessage.ts": {"path":"/Users/nmt/corti-sdk-typescript/src/serialization/types/TranscribeConfigMessage.ts","statementMap":{"0":{"start":{"line":7,"column":0},"end":{"line":7,"column":44}},"1":{"start":{"line":8,"column":0},"end":{"line":8,"column":57}},"2":{"start":{"line":10,"column":13},"end":{"line":16,"column":3}}},"fnMap":{},"branchMap":{},"s":{"0":1,"1":1,"2":1},"f":{},"b":{}}
,"/Users/nmt/corti-sdk-typescript/src/serialization/types/TranscribeConfigStatusMessage.ts": {"path":"/Users/nmt/corti-sdk-typescript/src/serialization/types/TranscribeConfigStatusMessage.ts","statementMap":{"0":{"start":{"line":7,"column":0},"end":{"line":7,"column":44}},"1":{"start":{"line":8,"column":0},"end":{"line":8,"column":91}},"2":{"start":{"line":10,"column":13},"end":{"line":17,"column":3}}},"fnMap":{},"branchMap":{},"s":{"0":1,"1":1,"2":1},"f":{},"b":{}}
,"/Users/nmt/corti-sdk-typescript/src/serialization/types/TranscribeConfigStatusMessageType.ts": {"path":"/Users/nmt/corti-sdk-typescript/src/serialization/types/TranscribeConfigStatusMessageType.ts","statementMap":{"0":{"start":{"line":7,"column":0},"end":{"line":7,"column":44}},"1":{"start":{"line":9,"column":13},"end":{"line":12,"column":85}}},"fnMap":{},"branchMap":{},"s":{"0":1,"1":1},"f":{},"b":{}}
,"/Users/nmt/corti-sdk-typescript/src/serialization/types/TranscribeEndMessage.ts": {"path":"/Users/nmt/corti-sdk-typescript/src/serialization/types/TranscribeEndMessage.ts","statementMap":{"0":{"start":{"line":7,"column":0},"end":{"line":7,"column":44}},"1":{"start":{"line":9,"column":13},"end":{"line":14,"column":3}}},"fnMap":{},"branchMap":{},"s":{"0":1,"1":1},"f":{},"b":{}}
,"/Users/nmt/corti-sdk-typescript/src/serialization/types/TranscribeEndedMessage.ts": {"path":"/Users/nmt/corti-sdk-typescript/src/serialization/types/TranscribeEndedMessage.ts","statementMap":{"0":{"start":{"line":7,"column":0},"end":{"line":7,"column":44}},"1":{"start":{"line":9,"column":13},"end":{"line":14,"column":3}}},"fnMap":{},"branchMap":{},"s":{"0":1,"1":1},"f":{},"b":{}}
,"/Users/nmt/corti-sdk-typescript/src/serialization/types/TranscribeErrorMessage.ts": {"path":"/Users/nmt/corti-sdk-typescript/src/serialization/types/TranscribeErrorMessage.ts","statementMap":{"0":{"start":{"line":7,"column":0},"end":{"line":7,"column":44}},"1":{"start":{"line":8,"column":0},"end":{"line":8,"column":79}},"2":{"start":{"line":10,"column":13},"end":{"line":16,"column":3}}},"fnMap":{},"branchMap":{},"s":{"0":1,"1":1,"2":1},"f":{},"b":{}}
,"/Users/nmt/corti-sdk-typescript/src/serialization/types/TranscribeErrorMessageError.ts": {"path":"/Users/nmt/corti-sdk-typescript/src/serialization/types/TranscribeErrorMessageError.ts","statementMap":{"0":{"start":{"line":7,"column":0},"end":{"line":7,"column":44}},"1":{"start":{"line":9,"column":13},"end":{"line":18,"column":3}}},"fnMap":{},"branchMap":{},"s":{"0":1,"1":1},"f":{},"b":{}}
,"/Users/nmt/corti-sdk-typescript/src/serialization/types/TranscribeSupportedLanguage.ts": {"path":"/Users/nmt/corti-sdk-typescript/src/serialization/types/TranscribeSupportedLanguage.ts","statementMap":{"0":{"start":{"line":7,"column":0},"end":{"line":7,"column":44}},"1":{"start":{"line":9,"column":13},"end":{"line":12,"column":32}}},"fnMap":{},"branchMap":{},"s":{"0":1,"1":1},"f":{},"b":{}}
,"/Users/nmt/corti-sdk-typescript/src/serialization/types/TranscribeTranscriptData.ts": {"path":"/Users/nmt/corti-sdk-typescript/src/serialization/types/TranscribeTranscriptData.ts","statementMap":{"0":{"start":{"line":7,"column":0},"end":{"line":7,"column":44}},"1":{"start":{"line":9,"column":13},"end":{"line":18,"column":3}}},"fnMap":{},"branchMap":{},"s":{"0":1,"1":1},"f":{},"b":{}}
,"/Users/nmt/corti-sdk-typescript/src/serialization/types/TranscribeTranscriptMessage.ts": {"path":"/Users/nmt/corti-sdk-typescript/src/serialization/types/TranscribeTranscriptMessage.ts","statementMap":{"0":{"start":{"line":7,"column":0},"end":{"line":7,"column":44}},"1":{"start":{"line":8,"column":0},"end":{"line":8,"column":73}},"2":{"start":{"line":10,"column":13},"end":{"line":16,"column":3}}},"fnMap":{},"branchMap":{},"s":{"0":1,"1":1,"2":1},"f":{},"b":{}}
,"/Users/nmt/corti-sdk-typescript/src/serialization/types/TranscribeUsageMessage.ts": {"path":"/Users/nmt/corti-sdk-typescript/src/serialization/types/TranscribeUsageMessage.ts","statementMap":{"0":{"start":{"line":7,"column":0},"end":{"line":7,"column":44}},"1":{"start":{"line":9,"column":13},"end":{"line":15,"column":3}}},"fnMap":{},"branchMap":{},"s":{"0":1,"1":1},"f":{},"b":{}}
,"/Users/nmt/corti-sdk-typescript/src/serialization/types/TranscriptsData.ts": {"path":"/Users/nmt/corti-sdk-typescript/src/serialization/types/TranscriptsData.ts","statementMap":{"0":{"start":{"line":7,"column":0},"end":{"line":7,"column":44}},"1":{"start":{"line":8,"column":0},"end":{"line":8,"column":63}},"2":{"start":{"line":9,"column":0},"end":{"line":9,"column":57}},"3":{"start":{"line":11,"column":13},"end":{"line":15,"column":7}}},"fnMap":{},"branchMap":{},"s":{"0":1,"1":1,"2":1,"3":1},"f":{},"b":{}}
,"/Users/nmt/corti-sdk-typescript/src/serialization/types/TranscriptsListItem.ts": {"path":"/Users/nmt/corti-sdk-typescript/src/serialization/types/TranscriptsListItem.ts","statementMap":{"0":{"start":{"line":7,"column":0},"end":{"line":7,"column":44}},"1":{"start":{"line":8,"column":0},"end":{"line":8,"column":33}},"2":{"start":{"line":9,"column":0},"end":{"line":9,"column":55}},"3":{"start":{"line":11,"column":13},"end":{"line":18,"column":3}}},"fnMap":{},"branchMap":{},"s":{"0":1,"1":1,"2":1,"3":1},"f":{},"b":{}}
,"/Users/nmt/corti-sdk-typescript/src/serialization/types/TranscriptsListResponse.ts": {"path":"/Users/nmt/corti-sdk-typescript/src/serialization/types/TranscriptsListResponse.ts","statementMap":{"0":{"start":{"line":7,"column":0},"end":{"line":7,"column":44}},"1":{"start":{"line":8,"column":0},"end":{"line":8,"column":63}},"2":{"start":{"line":10,"column":13},"end":{"line":15,"column":3}}},"fnMap":{},"branchMap":{},"s":{"0":1,"1":1,"2":1},"f":{},"b":{}}
,"/Users/nmt/corti-sdk-typescript/src/serialization/types/TranscriptsMetadata.ts": {"path":"/Users/nmt/corti-sdk-typescript/src/serialization/types/TranscriptsMetadata.ts","statementMap":{"0":{"start":{"line":7,"column":0},"end":{"line":7,"column":44}},"1":{"start":{"line":8,"column":0},"end":{"line":8,"column":69}},"2":{"start":{"line":10,"column":13},"end":{"line":15,"column":3}}},"fnMap":{},"branchMap":{},"s":{"0":1,"1":1,"2":1},"f":{},"b":{}}
,"/Users/nmt/corti-sdk-typescript/src/serialization/types/TranscriptsParticipant.ts": {"path":"/Users/nmt/corti-sdk-typescript/src/serialization/types/TranscriptsParticipant.ts","statementMap":{"0":{"start":{"line":7,"column":0},"end":{"line":7,"column":44}},"1":{"start":{"line":8,"column":0},"end":{"line":8,"column":85}},"2":{"start":{"line":10,"column":13},"end":{"line":16,"column":3}}},"fnMap":{},"branchMap":{},"s":{"0":1,"1":1,"2":1},"f":{},"b":{}}
,"/Users/nmt/corti-sdk-typescript/src/serialization/types/TranscriptsParticipantRoleEnum.ts": {"path":"/Users/nmt/corti-sdk-typescript/src/serialization/types/TranscriptsParticipantRoleEnum.ts","statementMap":{"0":{"start":{"line":7,"column":0},"end":{"line":7,"column":44}},"1":{"start":{"line":9,"column":13},"end":{"line":12,"column":64}}},"fnMap":{},"branchMap":{},"s":{"0":1,"1":1},"f":{},"b":{}}
,"/Users/nmt/corti-sdk-typescript/src/serialization/types/TranscriptsResponse.ts": {"path":"/Users/nmt/corti-sdk-typescript/src/serialization/types/TranscriptsResponse.ts","statementMap":{"0":{"start":{"line":7,"column":0},"end":{"line":7,"column":44}},"1":{"start":{"line":8,"column":0},"end":{"line":8,"column":33}},"2":{"start":{"line":9,"column":0},"end":{"line":9,"column":63}},"3":{"start":{"line":10,"column":0},"end":{"line":10,"column":57}},"4":{"start":{"line":11,"column":0},"end":{"line":11,"column":55}},"5":{"start":{"line":13,"column":13},"end":{"line":21,"column":3}}},"fnMap":{},"branchMap":{},"s":{"0":1,"1":1,"2":1,"3":1,"4":1,"5":1},"f":{},"b":{}}
,"/Users/nmt/corti-sdk-typescript/src/serialization/types/Uuid.ts": {"path":"/Users/nmt/corti-sdk-typescript/src/serialization/types/Uuid.ts","statementMap":{"0":{"start":{"line":7,"column":0},"end":{"line":7,"column":44}},"1":{"start":{"line":9,"column":13},"end":{"line":9,"column":109}}},"fnMap":{},"branchMap":{},"s":{"0":1,"1":1},"f":{},"b":{}}
,"/Users/nmt/corti-sdk-typescript/src/serialization/types/index.ts": {"path":"/Users/nmt/corti-sdk-typescript/src/serialization/types/index.ts","statementMap":{"0":{"start":{"line":1,"column":0},"end":{"line":1,"column":38}},"1":{"start":{"line":2,"column":0},"end":{"line":2,"column":42}},"2":{"start":{"line":3,"column":0},"end":{"line":3,"column":38}},"3":{"start":{"line":4,"column":0},"end":{"line":4,"column":39}},"4":{"start":{"line":5,"column":0},"end":{"line":5,"column":56}},"5":{"start":{"line":6,"column":0},"end":{"line":6,"column":56}},"6":{"start":{"line":7,"column":0},"end":{"line":7,"column":51}},"7":{"start":{"line":8,"column":0},"end":{"line":8,"column":49}},"8":{"start":{"line":9,"column":0},"end":{"line":9,"column":35}},"9":{"start":{"line":10,"column":0},"end":{"line":10,"column":34}},"10":{"start":{"line":11,"column":0},"end":{"line":11,"column":57}},"11":{"start":{"line":12,"column":0},"end":{"line":12,"column":41}},"12":{"start":{"line":13,"column":0},"end":{"line":13,"column":41}},"13":{"start":{"line":14,"column":0},"end":{"line":14,"column":44}},"14":{"start":{"line":15,"column":0},"end":{"line":15,"column":58}},"15":{"start":{"line":16,"column":0},"end":{"line":16,"column":59}},"16":{"start":{"line":17,"column":0},"end":{"line":17,"column":56}},"17":{"start":{"line":18,"column":0},"end":{"line":18,"column":43}},"18":{"start":{"line":19,"column":0},"end":{"line":19,"column":38}},"19":{"start":{"line":20,"column":0},"end":{"line":20,"column":43}},"20":{"start":{"line":21,"column":0},"end":{"line":21,"column":44}},"21":{"start":{"line":22,"column":0},"end":{"line":22,"column":50}},"22":{"start":{"line":23,"column":0},"end":{"line":23,"column":43}},"23":{"start":{"line":24,"column":0},"end":{"line":24,"column":43}},"24":{"start":{"line":25,"column":0},"end":{"line":25,"column":42}},"25":{"start":{"line":26,"column":0},"end":{"line":26,"column":35}},"26":{"start":{"line":27,"column":0},"end":{"line":27,"column":37}},"27":{"start":{"line":28,"column":0},"end":{"line":28,"column":35}},"28":{"start":{"line":29,"column":0},"end":{"line":29,"column":49}},"29":{"start":{"line":30,"column":0},"end":{"line":30,"column":41}},"30":{"start":{"line":31,"column":0},"end":{"line":31,"column":41}},"31":{"start":{"line":32,"column":0},"end":{"line":32,"column":39}},"32":{"start":{"line":33,"column":0},"end":{"line":33,"column":46}},"33":{"start":{"line":34,"column":0},"end":{"line":34,"column":42}},"34":{"start":{"line":35,"column":0},"end":{"line":35,"column":45}},"35":{"start":{"line":36,"column":0},"end":{"line":36,"column":48}},"36":{"start":{"line":37,"column":0},"end":{"line":37,"column":46}},"37":{"start":{"line":38,"column":0},"end":{"line":38,"column":41}},"38":{"start":{"line":39,"column":0},"end":{"line":39,"column":46}},"39":{"start":{"line":40,"column":0},"end":{"line":40,"column":44}},"40":{"start":{"line":41,"column":0},"end":{"line":41,"column":41}},"41":{"start":{"line":42,"column":0},"end":{"line":42,"column":45}},"42":{"start":{"line":43,"column":0},"end":{"line":43,"column":41}},"43":{"start":{"line":44,"column":0},"end":{"line":44,"column":37}},"44":{"start":{"line":45,"column":0},"end":{"line":45,"column":38}},"45":{"start":{"line":46,"column":0},"end":{"line":46,"column":48}},"46":{"start":{"line":47,"column":0},"end":{"line":47,"column":35}},"47":{"start":{"line":48,"column":0},"end":{"line":48,"column":44}},"48":{"start":{"line":49,"column":0},"end":{"line":49,"column":38}},"49":{"start":{"line":50,"column":0},"end":{"line":50,"column":26}},"50":{"start":{"line":51,"column":0},"end":{"line":51,"column":37}},"51":{"start":{"line":52,"column":0},"end":{"line":52,"column":46}},"52":{"start":{"line":53,"column":0},"end":{"line":53,"column":53}},"53":{"start":{"line":54,"column":0},"end":{"line":54,"column":51}},"54":{"start":{"line":55,"column":0},"end":{"line":55,"column":44}},"55":{"start":{"line":56,"column":0},"end":{"line":56,"column":38}},"56":{"start":{"line":57,"column":0},"end":{"line":57,"column":52}},"57":{"start":{"line":58,"column":0},"end":{"line":58,"column":43}},"58":{"start":{"line":59,"column":0},"end":{"line":59,"column":42}},"59":{"start":{"line":60,"column":0},"end":{"line":60,"column":41}},"60":{"start":{"line":61,"column":0},"end":{"line":61,"column":34}},"61":{"start":{"line":62,"column":0},"end":{"line":62,"column":47}},"62":{"start":{"line":63,"column":0},"end":{"line":63,"column":42}},"63":{"start":{"line":64,"column":0},"end":{"line":64,"column":38}},"64":{"start":{"line":65,"column":0},"end":{"line":65,"column":51}},"65":{"start":{"line":66,"column":0},"end":{"line":66,"column":47}},"66":{"start":{"line":67,"column":0},"end":{"line":67,"column":40}},"67":{"start":{"line":68,"column":0},"end":{"line":68,"column":40}},"68":{"start":{"line":69,"column":0},"end":{"line":69,"column":40}},"69":{"start":{"line":70,"column":0},"end":{"line":70,"column":39}},"70":{"start":{"line":71,"column":0},"end":{"line":71,"column":45}},"71":{"start":{"line":72,"column":0},"end":{"line":72,"column":38}},"72":{"start":{"line":73,"column":0},"end":{"line":73,"column":39}},"73":{"start":{"line":74,"column":0},"end":{"line":74,"column":49}},"74":{"start":{"line":75,"column":0},"end":{"line":75,"column":45}},"75":{"start":{"line":76,"column":0},"end":{"line":76,"column":42}},"76":{"start":{"line":77,"column":0},"end":{"line":77,"column":40}},"77":{"start":{"line":78,"column":0},"end":{"line":78,"column":32}},"78":{"start":{"line":79,"column":0},"end":{"line":79,"column":38}},"79":{"start":{"line":80,"column":0},"end":{"line":80,"column":45}},"80":{"start":{"line":81,"column":0},"end":{"line":81,"column":49}},"81":{"start":{"line":82,"column":0},"end":{"line":82,"column":38}},"82":{"start":{"line":83,"column":0},"end":{"line":83,"column":45}},"83":{"start":{"line":84,"column":0},"end":{"line":84,"column":39}},"84":{"start":{"line":85,"column":0},"end":{"line":85,"column":47}},"85":{"start":{"line":86,"column":0},"end":{"line":86,"column":55}},"86":{"start":{"line":87,"column":0},"end":{"line":87,"column":51}},"87":{"start":{"line":88,"column":0},"end":{"line":88,"column":42}},"88":{"start":{"line":89,"column":0},"end":{"line":89,"column":44}},"89":{"start":{"line":90,"column":0},"end":{"line":90,"column":44}},"90":{"start":{"line":91,"column":0},"end":{"line":91,"column":49}},"91":{"start":{"line":92,"column":0},"end":{"line":92,"column":44}},"92":{"start":{"line":93,"column":0},"end":{"line":93,"column":46}},"93":{"start":{"line":94,"column":0},"end":{"line":94,"column":43}},"94":{"start":{"line":95,"column":0},"end":{"line":95,"column":49}},"95":{"start":{"line":96,"column":0},"end":{"line":96,"column":46}}},"fnMap":{},"branchMap":{},"s":{"0":1,"1":1,"2":1,"3":1,"4":1,"5":1,"6":1,"7":1,"8":1,"9":1,"10":1,"11":1,"12":1,"13":1,"14":1,"15":1,"16":1,"17":1,"18":1,"19":1,"20":1,"21":1,"22":1,"23":1,"24":1,"25":1,"26":1,"27":1,"28":1,"29":1,"30":1,"31":1,"32":1,"33":1,"34":1,"35":1,"36":1,"37":1,"38":1,"39":1,"40":1,"41":1,"42":1,"43":1,"44":1,"45":1,"46":1,"47":1,"48":1,"49":1,"50":1,"51":1,"52":1,"53":1,"54":1,"55":1,"56":1,"57":1,"58":1,"59":1,"60":1,"61":1,"62":1,"63":1,"64":1,"65":1,"66":1,"67":1,"68":1,"69":1,"70":1,"71":1,"72":1,"73":1,"74":1,"75":1,"76":1,"77":1,"78":1,"79":1,"80":1,"81":1,"82":1,"83":1,"84":1,"85":1,"86":1,"87":1,"88":1,"89":1,"90":1,"91":1,"92":1,"93":1,"94":1,"95":1},"f":{},"b":{}}
}
