TN:
SF:src/environments.ts
FNF:0
FNH:0
DA:11,1
LF:1
LH:1
BRF:0
BRH:0
end_of_record
TN:
SF:src/index.ts
FN:2,(anonymous_9)
FN:2,(anonymous_10)
FN:7,(anonymous_11)
FN:8,(anonymous_12)
FN:13,(anonymous_13)
FN:17,(anonymous_14)
FN:18,(anonymous_15)
FNF:7
FNH:1
FNDA:0,(anonymous_9)
FNDA:0,(anonymous_10)
FNDA:1,(anonymous_11)
FNDA:0,(anonymous_12)
FNDA:0,(anonymous_13)
FNDA:0,(anonymous_14)
FNDA:0,(anonymous_15)
DA:1,1
DA:2,1
DA:3,1
DA:7,2
DA:8,1
DA:13,1
DA:17,1
DA:18,1
LF:8
LH:8
BRF:0
BRH:0
end_of_record
TN:
SF:src/version.ts
FNF:0
FNH:0
DA:1,1
LF:1
LH:1
BRF:0
BRH:0
end_of_record
TN:
SF:src/api/index.ts
FNF:0
FNH:0
DA:1,1
DA:2,1
DA:3,1
LF:3
LH:3
BRF:0
BRH:0
end_of_record
TN:
SF:src/api/errors/BadRequestError.ts
FN:9,(anonymous_9)
FNF:1
FNH:0
FNDA:0,(anonymous_9)
DA:5,1
DA:8,1
DA:10,0
DA:16,0
LF:4
LH:2
BRF:0
BRH:0
end_of_record
TN:
SF:src/api/errors/ForbiddenError.ts
FN:10,(anonymous_9)
FNF:1
FNH:0
FNDA:0,(anonymous_9)
DA:5,1
DA:9,1
DA:11,0
DA:17,0
LF:4
LH:2
BRF:0
BRH:0
end_of_record
TN:
SF:src/api/errors/GatewayTimeoutError.ts
FN:10,(anonymous_9)
FNF:1
FNH:0
FNDA:0,(anonymous_9)
DA:5,1
DA:9,1
DA:11,0
DA:17,0
LF:4
LH:2
BRF:0
BRH:0
end_of_record
TN:
SF:src/api/errors/InternalServerError.ts
FN:9,(anonymous_9)
FNF:1
FNH:0
FNDA:0,(anonymous_9)
DA:5,1
DA:8,1
DA:10,0
DA:16,0
LF:4
LH:2
BRF:0
BRH:0
end_of_record
TN:
SF:src/api/errors/NotFoundError.ts
FN:10,(anonymous_9)
FNF:1
FNH:0
FNDA:0,(anonymous_9)
DA:5,1
DA:9,1
DA:11,0
DA:17,0
LF:4
LH:2
BRF:0
BRH:0
end_of_record
TN:
SF:src/api/errors/UnauthorizedError.ts
FN:9,(anonymous_9)
FNF:1
FNH:0
FNDA:0,(anonymous_9)
DA:5,1
DA:8,1
DA:10,0
DA:16,0
LF:4
LH:2
BRF:0
BRH:0
end_of_record
TN:
SF:src/api/errors/index.ts
FNF:0
FNH:0
DA:1,1
DA:2,1
DA:3,1
DA:4,1
DA:5,1
DA:6,1
LF:6
LH:6
BRF:0
BRH:0
end_of_record
TN:
SF:src/api/resources/index.ts
FNF:0
FNH:0
DA:1,1
DA:2,1
DA:3,1
DA:4,1
DA:5,1
DA:6,1
DA:7,1
DA:8,1
DA:9,1
DA:10,1
DA:11,1
DA:12,1
DA:13,1
DA:14,1
DA:15,1
DA:16,1
DA:17,1
DA:18,1
LF:18
LH:18
BRF:0
BRH:0
end_of_record
TN:
SF:src/api/resources/auth/index.ts
FNF:0
FNH:0
DA:1,1
DA:2,1
LF:2
LH:2
BRF:0
BRH:0
end_of_record
TN:
SF:src/api/resources/auth/client/Client.ts
FN:41,(anonymous_16)
FN:57,(anonymous_17)
FN:64,(anonymous_18)
FN:137,(anonymous_20)
FNF:4
FNH:1
FNDA:1,(anonymous_16)
FNDA:0,(anonymous_17)
FNDA:0,(anonymous_18)
FNDA:0,(anonymous_20)
DA:6,1
DA:8,1
DA:9,1
DA:10,1
DA:38,1
DA:42,1
DA:61,0
DA:68,0
DA:97,0
DA:98,0
DA:110,0
DA:111,0
DA:118,0
DA:120,0
DA:126,0
DA:130,0
DA:138,0
DA:139,0
DA:140,0
DA:143,0
LF:20
LH:6
BRDA:70,0,0,0
BRDA:70,0,1,0
BRDA:70,1,0,0
BRDA:70,1,1,0
BRDA:76,2,0,0
BRDA:76,2,1,0
BRDA:76,3,0,0
BRDA:76,3,1,0
BRDA:79,4,0,0
BRDA:79,4,1,0
BRDA:79,5,0,0
BRDA:79,5,1,0
BRDA:81,6,0,0
BRDA:81,6,1,0
BRDA:81,7,0,0
BRDA:81,7,1,0
BRDA:93,8,0,0
BRDA:93,8,1,0
BRDA:93,9,0,0
BRDA:93,9,1,0
BRDA:93,10,0,0
BRDA:93,10,1,0
BRDA:94,11,0,0
BRDA:94,11,1,0
BRDA:94,12,0,0
BRDA:94,12,1,0
BRDA:95,13,0,0
BRDA:95,13,1,0
BRDA:95,14,0,0
BRDA:95,14,1,0
BRDA:97,15,0,0
BRDA:110,16,0,0
BRDA:118,17,0,0
BRDA:118,17,1,0
BRDA:118,17,2,0
BRDA:139,18,0,0
BRF:36
BRH:0
end_of_record
TN:
SF:src/api/resources/auth/client/index.ts
FNF:0
FNH:0
DA:2,1
LF:1
LH:1
BRF:0
BRH:0
end_of_record
TN:
SF:src/api/resources/auth/types/index.ts
FNF:0
FNH:0
DA:1,1
LF:1
LH:1
BRF:0
BRH:0
end_of_record
TN:
SF:src/api/resources/documents/index.ts
FNF:0
FNH:0
DA:1,1
LF:1
LH:1
BRF:0
BRH:0
end_of_record
TN:
SF:src/api/resources/documents/client/Client.ts
FN:41,(anonymous_16)
FN:59,(anonymous_17)
FN:66,(anonymous_18)
FN:181,(anonymous_20)
FN:189,(anonymous_21)
FN:301,(anonymous_23)
FN:309,(anonymous_24)
FN:415,(anonymous_26)
FN:423,(anonymous_27)
FN:530,(anonymous_29)
FN:539,(anonymous_30)
FN:540,(anonymous_31)
FN:639,(anonymous_32)
FNF:13
FNH:0
FNDA:0,(anonymous_16)
FNDA:0,(anonymous_17)
FNDA:0,(anonymous_18)
FNDA:0,(anonymous_20)
FNDA:0,(anonymous_21)
FNDA:0,(anonymous_23)
FNDA:0,(anonymous_24)
FNDA:0,(anonymous_26)
FNDA:0,(anonymous_27)
FNDA:0,(anonymous_29)
FNDA:0,(anonymous_30)
FNDA:0,(anonymous_31)
FNDA:0,(anonymous_32)
DA:6,1
DA:7,1
DA:8,1
DA:9,1
DA:10,1
DA:38,1
DA:42,0
DA:63,0
DA:70,0
DA:89,0
DA:90,0
DA:102,0
DA:103,0
DA:105,0
DA:107,0
DA:118,0
DA:120,0
DA:131,0
DA:139,0
DA:141,0
DA:147,0
DA:149,0
DA:186,0
DA:194,0
DA:219,0
DA:220,0
DA:232,0
DA:233,0
DA:235,0
DA:237,0
DA:248,0
DA:250,0
DA:261,0
DA:269,0
DA:271,0
DA:277,0
DA:279,0
DA:306,0
DA:314,0
DA:333,0
DA:334,0
DA:346,0
DA:347,0
DA:349,0
DA:351,0
DA:362,0
DA:364,0
DA:375,0
DA:383,0
DA:385,0
DA:391,0
DA:395,0
DA:420,0
DA:428,0
DA:447,0
DA:448,0
DA:451,0
DA:452,0
DA:454,0
DA:465,0
DA:476,0
DA:478,0
DA:489,0
DA:497,0
DA:499,0
DA:505,0
DA:509,0
DA:536,0
DA:540,0
DA:545,0
DA:570,0
DA:571,0
DA:583,0
DA:584,0
DA:586,0
DA:588,0
DA:599,0
DA:601,0
DA:612,0
DA:620,0
DA:622,0
DA:628,0
DA:632,0
DA:640,0
DA:641,0
DA:642,0
DA:645,0
LF:87
LH:6
BRDA:72,0,0,0
BRDA:72,0,1,0
BRDA:72,1,0,0
BRDA:72,1,1,0
BRDA:78,2,0,0
BRDA:78,2,1,0
BRDA:78,3,0,0
BRDA:78,3,1,0
BRDA:81,4,0,0
BRDA:81,4,1,0
BRDA:81,5,0,0
BRDA:81,5,1,0
BRDA:83,6,0,0
BRDA:83,6,1,0
BRDA:83,7,0,0
BRDA:83,7,1,0
BRDA:85,8,0,0
BRDA:85,8,1,0
BRDA:85,9,0,0
BRDA:85,9,1,0
BRDA:85,10,0,0
BRDA:85,10,1,0
BRDA:86,11,0,0
BRDA:86,11,1,0
BRDA:86,12,0,0
BRDA:86,12,1,0
BRDA:87,13,0,0
BRDA:87,13,1,0
BRDA:87,14,0,0
BRDA:87,14,1,0
BRDA:89,15,0,0
BRDA:102,16,0,0
BRDA:103,17,0,0
BRDA:103,17,1,0
BRDA:103,17,2,0
BRDA:103,17,3,0
BRDA:103,17,4,0
BRDA:139,18,0,0
BRDA:139,18,1,0
BRDA:139,18,2,0
BRDA:196,19,0,0
BRDA:196,19,1,0
BRDA:196,20,0,0
BRDA:196,20,1,0
BRDA:202,21,0,0
BRDA:202,21,1,0
BRDA:202,22,0,0
BRDA:202,22,1,0
BRDA:205,23,0,0
BRDA:205,23,1,0
BRDA:205,24,0,0
BRDA:205,24,1,0
BRDA:207,25,0,0
BRDA:207,25,1,0
BRDA:207,26,0,0
BRDA:207,26,1,0
BRDA:215,27,0,0
BRDA:215,27,1,0
BRDA:215,28,0,0
BRDA:215,28,1,0
BRDA:215,29,0,0
BRDA:215,29,1,0
BRDA:216,30,0,0
BRDA:216,30,1,0
BRDA:216,31,0,0
BRDA:216,31,1,0
BRDA:217,32,0,0
BRDA:217,32,1,0
BRDA:217,33,0,0
BRDA:217,33,1,0
BRDA:219,34,0,0
BRDA:232,35,0,0
BRDA:233,36,0,0
BRDA:233,36,1,0
BRDA:233,36,2,0
BRDA:233,36,3,0
BRDA:233,36,4,0
BRDA:269,37,0,0
BRDA:269,37,1,0
BRDA:269,37,2,0
BRDA:316,38,0,0
BRDA:316,38,1,0
BRDA:316,39,0,0
BRDA:316,39,1,0
BRDA:322,40,0,0
BRDA:322,40,1,0
BRDA:322,41,0,0
BRDA:322,41,1,0
BRDA:325,42,0,0
BRDA:325,42,1,0
BRDA:325,43,0,0
BRDA:325,43,1,0
BRDA:327,44,0,0
BRDA:327,44,1,0
BRDA:327,45,0,0
BRDA:327,45,1,0
BRDA:329,46,0,0
BRDA:329,46,1,0
BRDA:329,47,0,0
BRDA:329,47,1,0
BRDA:329,48,0,0
BRDA:329,48,1,0
BRDA:330,49,0,0
BRDA:330,49,1,0
BRDA:330,50,0,0
BRDA:330,50,1,0
BRDA:331,51,0,0
BRDA:331,51,1,0
BRDA:331,52,0,0
BRDA:331,52,1,0
BRDA:333,53,0,0
BRDA:346,54,0,0
BRDA:347,55,0,0
BRDA:347,55,1,0
BRDA:347,55,2,0
BRDA:347,55,3,0
BRDA:347,55,4,0
BRDA:383,56,0,0
BRDA:383,56,1,0
BRDA:383,56,2,0
BRDA:430,57,0,0
BRDA:430,57,1,0
BRDA:430,58,0,0
BRDA:430,58,1,0
BRDA:436,59,0,0
BRDA:436,59,1,0
BRDA:436,60,0,0
BRDA:436,60,1,0
BRDA:439,61,0,0
BRDA:439,61,1,0
BRDA:439,62,0,0
BRDA:439,62,1,0
BRDA:441,63,0,0
BRDA:441,63,1,0
BRDA:441,64,0,0
BRDA:441,64,1,0
BRDA:443,65,0,0
BRDA:443,65,1,0
BRDA:443,66,0,0
BRDA:443,66,1,0
BRDA:443,67,0,0
BRDA:443,67,1,0
BRDA:444,68,0,0
BRDA:444,68,1,0
BRDA:444,69,0,0
BRDA:444,69,1,0
BRDA:445,70,0,0
BRDA:445,70,1,0
BRDA:445,71,0,0
BRDA:445,71,1,0
BRDA:447,72,0,0
BRDA:451,73,0,0
BRDA:452,74,0,0
BRDA:452,74,1,0
BRDA:452,74,2,0
BRDA:452,74,3,0
BRDA:452,74,4,0
BRDA:497,75,0,0
BRDA:497,75,1,0
BRDA:497,75,2,0
BRDA:533,76,0,0
BRDA:542,77,0,0
BRDA:547,78,0,0
BRDA:547,78,1,0
BRDA:547,79,0,0
BRDA:547,79,1,0
BRDA:553,80,0,0
BRDA:553,80,1,0
BRDA:553,81,0,0
BRDA:553,81,1,0
BRDA:556,82,0,0
BRDA:556,82,1,0
BRDA:556,83,0,0
BRDA:556,83,1,0
BRDA:558,84,0,0
BRDA:558,84,1,0
BRDA:558,85,0,0
BRDA:558,85,1,0
BRDA:566,86,0,0
BRDA:566,86,1,0
BRDA:566,87,0,0
BRDA:566,87,1,0
BRDA:566,88,0,0
BRDA:566,88,1,0
BRDA:567,89,0,0
BRDA:567,89,1,0
BRDA:567,90,0,0
BRDA:567,90,1,0
BRDA:568,91,0,0
BRDA:568,91,1,0
BRDA:568,92,0,0
BRDA:568,92,1,0
BRDA:570,93,0,0
BRDA:583,94,0,0
BRDA:584,95,0,0
BRDA:584,95,1,0
BRDA:584,95,2,0
BRDA:584,95,3,0
BRDA:584,95,4,0
BRDA:620,96,0,0
BRDA:620,96,1,0
BRDA:620,96,2,0
BRDA:641,97,0,0
BRF:203
BRH:0
end_of_record
TN:
SF:src/api/resources/documents/client/index.ts
FNF:0
FNH:0
DA:2,1
LF:1
LH:1
BRF:0
BRH:0
end_of_record
TN:
SF:src/api/resources/facts/index.ts
FNF:0
FNH:0
DA:1,1
LF:1
LH:1
BRF:0
BRH:0
end_of_record
TN:
SF:src/api/resources/facts/client/Client.ts
FN:41,(anonymous_16)
FN:53,(anonymous_17)
FN:59,(anonymous_18)
FN:135,(anonymous_20)
FN:142,(anonymous_21)
FN:234,(anonymous_23)
FN:242,(anonymous_24)
FN:340,(anonymous_26)
FN:348,(anonymous_27)
FN:443,(anonymous_29)
FN:452,(anonymous_30)
FN:453,(anonymous_31)
FN:537,(anonymous_32)
FNF:13
FNH:0
FNDA:0,(anonymous_16)
FNDA:0,(anonymous_17)
FNDA:0,(anonymous_18)
FNDA:0,(anonymous_20)
FNDA:0,(anonymous_21)
FNDA:0,(anonymous_23)
FNDA:0,(anonymous_24)
FNDA:0,(anonymous_26)
FNDA:0,(anonymous_27)
FNDA:0,(anonymous_29)
FNDA:0,(anonymous_30)
FNDA:0,(anonymous_31)
FNDA:0,(anonymous_32)
DA:6,1
DA:7,1
DA:8,1
DA:9,1
DA:10,1
DA:38,1
DA:42,0
DA:56,0
DA:62,0
DA:81,0
DA:82,0
DA:94,0
DA:95,0
DA:97,0
DA:99,0
DA:107,0
DA:109,0
DA:115,0
DA:117,0
DA:139,0
DA:146,0
DA:165,0
DA:166,0
DA:178,0
DA:179,0
DA:181,0
DA:192,0
DA:200,0
DA:202,0
DA:208,0
DA:210,0
DA:239,0
DA:247,0
DA:272,0
DA:273,0
DA:285,0
DA:286,0
DA:288,0
DA:299,0
DA:307,0
DA:309,0
DA:315,0
DA:317,0
DA:345,0
DA:353,0
DA:378,0
DA:379,0
DA:391,0
DA:392,0
DA:394,0
DA:405,0
DA:413,0
DA:415,0
DA:421,0
DA:423,0
DA:449,0
DA:453,0
DA:458,0
DA:483,0
DA:484,0
DA:496,0
DA:497,0
DA:499,0
DA:510,0
DA:518,0
DA:520,0
DA:526,0
DA:530,0
DA:538,0
DA:539,0
DA:540,0
DA:543,0
LF:72
LH:6
BRDA:64,0,0,0
BRDA:64,0,1,0
BRDA:64,1,0,0
BRDA:64,1,1,0
BRDA:70,2,0,0
BRDA:70,2,1,0
BRDA:70,3,0,0
BRDA:70,3,1,0
BRDA:73,4,0,0
BRDA:73,4,1,0
BRDA:73,5,0,0
BRDA:73,5,1,0
BRDA:75,6,0,0
BRDA:75,6,1,0
BRDA:75,7,0,0
BRDA:75,7,1,0
BRDA:77,8,0,0
BRDA:77,8,1,0
BRDA:77,9,0,0
BRDA:77,9,1,0
BRDA:77,10,0,0
BRDA:77,10,1,0
BRDA:78,11,0,0
BRDA:78,11,1,0
BRDA:78,12,0,0
BRDA:78,12,1,0
BRDA:79,13,0,0
BRDA:79,13,1,0
BRDA:79,14,0,0
BRDA:79,14,1,0
BRDA:81,15,0,0
BRDA:94,16,0,0
BRDA:95,17,0,0
BRDA:95,17,1,0
BRDA:107,18,0,0
BRDA:107,18,1,0
BRDA:107,18,2,0
BRDA:148,19,0,0
BRDA:148,19,1,0
BRDA:148,20,0,0
BRDA:148,20,1,0
BRDA:154,21,0,0
BRDA:154,21,1,0
BRDA:154,22,0,0
BRDA:154,22,1,0
BRDA:157,23,0,0
BRDA:157,23,1,0
BRDA:157,24,0,0
BRDA:157,24,1,0
BRDA:159,25,0,0
BRDA:159,25,1,0
BRDA:159,26,0,0
BRDA:159,26,1,0
BRDA:161,27,0,0
BRDA:161,27,1,0
BRDA:161,28,0,0
BRDA:161,28,1,0
BRDA:161,29,0,0
BRDA:161,29,1,0
BRDA:162,30,0,0
BRDA:162,30,1,0
BRDA:162,31,0,0
BRDA:162,31,1,0
BRDA:163,32,0,0
BRDA:163,32,1,0
BRDA:163,33,0,0
BRDA:163,33,1,0
BRDA:165,34,0,0
BRDA:178,35,0,0
BRDA:179,36,0,0
BRDA:179,36,1,0
BRDA:200,37,0,0
BRDA:200,37,1,0
BRDA:200,37,2,0
BRDA:249,38,0,0
BRDA:249,38,1,0
BRDA:249,39,0,0
BRDA:249,39,1,0
BRDA:255,40,0,0
BRDA:255,40,1,0
BRDA:255,41,0,0
BRDA:255,41,1,0
BRDA:258,42,0,0
BRDA:258,42,1,0
BRDA:258,43,0,0
BRDA:258,43,1,0
BRDA:260,44,0,0
BRDA:260,44,1,0
BRDA:260,45,0,0
BRDA:260,45,1,0
BRDA:268,46,0,0
BRDA:268,46,1,0
BRDA:268,47,0,0
BRDA:268,47,1,0
BRDA:268,48,0,0
BRDA:268,48,1,0
BRDA:269,49,0,0
BRDA:269,49,1,0
BRDA:269,50,0,0
BRDA:269,50,1,0
BRDA:270,51,0,0
BRDA:270,51,1,0
BRDA:270,52,0,0
BRDA:270,52,1,0
BRDA:272,53,0,0
BRDA:285,54,0,0
BRDA:286,55,0,0
BRDA:286,55,1,0
BRDA:307,56,0,0
BRDA:307,56,1,0
BRDA:307,56,2,0
BRDA:355,57,0,0
BRDA:355,57,1,0
BRDA:355,58,0,0
BRDA:355,58,1,0
BRDA:361,59,0,0
BRDA:361,59,1,0
BRDA:361,60,0,0
BRDA:361,60,1,0
BRDA:364,61,0,0
BRDA:364,61,1,0
BRDA:364,62,0,0
BRDA:364,62,1,0
BRDA:366,63,0,0
BRDA:366,63,1,0
BRDA:366,64,0,0
BRDA:366,64,1,0
BRDA:374,65,0,0
BRDA:374,65,1,0
BRDA:374,66,0,0
BRDA:374,66,1,0
BRDA:374,67,0,0
BRDA:374,67,1,0
BRDA:375,68,0,0
BRDA:375,68,1,0
BRDA:375,69,0,0
BRDA:375,69,1,0
BRDA:376,70,0,0
BRDA:376,70,1,0
BRDA:376,71,0,0
BRDA:376,71,1,0
BRDA:378,72,0,0
BRDA:391,73,0,0
BRDA:392,74,0,0
BRDA:392,74,1,0
BRDA:413,75,0,0
BRDA:413,75,1,0
BRDA:413,75,2,0
BRDA:446,76,0,0
BRDA:455,77,0,0
BRDA:460,78,0,0
BRDA:460,78,1,0
BRDA:460,79,0,0
BRDA:460,79,1,0
BRDA:466,80,0,0
BRDA:466,80,1,0
BRDA:466,81,0,0
BRDA:466,81,1,0
BRDA:469,82,0,0
BRDA:469,82,1,0
BRDA:469,83,0,0
BRDA:469,83,1,0
BRDA:471,84,0,0
BRDA:471,84,1,0
BRDA:471,85,0,0
BRDA:471,85,1,0
BRDA:479,86,0,0
BRDA:479,86,1,0
BRDA:479,87,0,0
BRDA:479,87,1,0
BRDA:479,88,0,0
BRDA:479,88,1,0
BRDA:480,89,0,0
BRDA:480,89,1,0
BRDA:480,90,0,0
BRDA:480,90,1,0
BRDA:481,91,0,0
BRDA:481,91,1,0
BRDA:481,92,0,0
BRDA:481,92,1,0
BRDA:483,93,0,0
BRDA:496,94,0,0
BRDA:497,95,0,0
BRDA:497,95,1,0
BRDA:518,96,0,0
BRDA:518,96,1,0
BRDA:518,96,2,0
BRDA:539,97,0,0
BRF:188
BRH:0
end_of_record
TN:
SF:src/api/resources/facts/client/index.ts
FNF:0
FNH:0
DA:2,1
LF:1
LH:1
BRF:0
BRH:0
end_of_record
TN:
SF:src/api/resources/interactions/index.ts
FNF:0
FNH:0
DA:1,1
DA:2,1
LF:2
LH:2
BRF:0
BRH:0
end_of_record
TN:
SF:src/api/resources/interactions/client/Client.ts
FN:41,(anonymous_16)
FN:57,(anonymous_17)
FN:58,(anonymous_18)
FN:62,(anonymous_19)
FN:64,(anonymous_20)
FN:87,(anonymous_21)
FN:190,(anonymous_22)
FN:191,(anonymous_23)
FN:192,(anonymous_24)
FN:219,(anonymous_25)
FN:226,(anonymous_26)
FN:334,(anonymous_28)
FN:341,(anonymous_29)
FN:439,(anonymous_31)
FN:443,(anonymous_32)
FN:533,(anonymous_34)
FN:541,(anonymous_35)
FN:542,(anonymous_36)
FN:634,(anonymous_37)
FNF:19
FNH:4
FNDA:1,(anonymous_16)
FNDA:0,(anonymous_17)
FNDA:0,(anonymous_18)
FNDA:0,(anonymous_19)
FNDA:0,(anonymous_20)
FNDA:0,(anonymous_21)
FNDA:0,(anonymous_22)
FNDA:0,(anonymous_23)
FNDA:0,(anonymous_24)
FNDA:23,(anonymous_25)
FNDA:23,(anonymous_26)
FNDA:0,(anonymous_28)
FNDA:0,(anonymous_29)
FNDA:0,(anonymous_31)
FNDA:0,(anonymous_32)
FNDA:0,(anonymous_34)
FNDA:0,(anonymous_35)
FNDA:0,(anonymous_36)
FNDA:23,(anonymous_37)
DA:6,1
DA:7,1
DA:8,1
DA:9,1
DA:10,1
DA:38,1
DA:42,1
DA:58,0
DA:61,0
DA:64,0
DA:65,0
DA:66,0
DA:67,0
DA:68,0
DA:73,0
DA:74,0
DA:79,0
DA:80,0
DA:82,0
DA:83,0
DA:85,0
DA:86,0
DA:87,0
DA:88,0
DA:94,0
DA:100,0
DA:101,0
DA:103,0
DA:124,0
DA:125,0
DA:136,0
DA:137,0
DA:139,0
DA:150,0
DA:161,0
DA:168,0
DA:170,0
DA:176,0
DA:178,0
DA:185,0
DA:186,0
DA:187,0
DA:190,0
DA:191,0
DA:193,0
DA:194,0
DA:223,23
DA:230,23
DA:255,18
DA:256,18
DA:268,0
DA:269,0
DA:271,0
DA:273,0
DA:284,0
DA:286,0
DA:297,0
DA:305,0
DA:307,0
DA:313,0
DA:315,0
DA:338,0
DA:345,0
DA:364,0
DA:365,0
DA:377,0
DA:378,0
DA:380,0
DA:391,0
DA:402,0
DA:410,0
DA:412,0
DA:418,0
DA:420,0
DA:440,0
DA:447,0
DA:466,0
DA:467,0
DA:470,0
DA:471,0
DA:473,0
DA:484,0
DA:495,0
DA:503,0
DA:505,0
DA:511,0
DA:513,0
DA:538,0
DA:542,0
DA:546,0
DA:571,0
DA:572,0
DA:584,0
DA:585,0
DA:587,0
DA:598,0
DA:609,0
DA:617,0
DA:619,0
DA:625,0
DA:627,0
DA:635,23
DA:636,23
DA:637,23
DA:640,0
LF:105
LH:14
BRDA:58,0,0,0
BRDA:67,1,0,0
BRDA:73,2,0,0
BRDA:79,3,0,0
BRDA:80,4,0,0
BRDA:80,4,1,0
BRDA:80,5,0,0
BRDA:80,5,1,0
BRDA:80,6,0,0
BRDA:80,6,1,0
BRDA:80,7,0,0
BRDA:80,7,1,0
BRDA:82,8,0,0
BRDA:83,9,0,0
BRDA:83,9,1,0
BRDA:83,10,0,0
BRDA:83,10,1,0
BRDA:83,11,0,0
BRDA:83,11,1,0
BRDA:83,12,0,0
BRDA:83,12,1,0
BRDA:85,13,0,0
BRDA:86,14,0,0
BRDA:86,14,1,0
BRDA:100,15,0,0
BRDA:105,16,0,0
BRDA:105,16,1,0
BRDA:105,17,0,0
BRDA:105,17,1,0
BRDA:111,18,0,0
BRDA:111,18,1,0
BRDA:111,19,0,0
BRDA:111,19,1,0
BRDA:114,20,0,0
BRDA:114,20,1,0
BRDA:114,21,0,0
BRDA:114,21,1,0
BRDA:116,22,0,0
BRDA:116,22,1,0
BRDA:116,23,0,0
BRDA:116,23,1,0
BRDA:120,24,0,0
BRDA:120,24,1,0
BRDA:120,25,0,0
BRDA:120,25,1,0
BRDA:120,26,0,0
BRDA:120,26,1,0
BRDA:121,27,0,0
BRDA:121,27,1,0
BRDA:121,28,0,0
BRDA:121,28,1,0
BRDA:122,29,0,0
BRDA:122,29,1,0
BRDA:122,30,0,0
BRDA:122,30,1,0
BRDA:124,31,0,0
BRDA:136,32,0,0
BRDA:137,33,0,0
BRDA:137,33,1,0
BRDA:137,33,2,0
BRDA:168,34,0,0
BRDA:168,34,1,0
BRDA:168,34,2,0
BRDA:185,35,0,0
BRDA:185,35,1,0
BRDA:185,36,0,0
BRDA:185,36,1,0
BRDA:185,37,0,0
BRDA:185,37,1,0
BRDA:185,38,0,0
BRDA:185,38,1,0
BRDA:185,39,0,0
BRDA:185,39,1,0
BRDA:190,40,0,0
BRDA:190,40,1,0
BRDA:190,41,0,0
BRDA:190,41,1,0
BRDA:190,42,0,0
BRDA:190,42,1,0
BRDA:190,43,0,0
BRDA:190,43,1,0
BRDA:191,44,0,0
BRDA:191,44,1,0
BRDA:191,45,0,0
BRDA:191,45,1,0
BRDA:191,46,0,0
BRDA:191,46,1,0
BRDA:191,47,0,0
BRDA:191,47,1,0
BRDA:232,48,0,0
BRDA:232,48,1,23
BRDA:232,49,0,23
BRDA:232,49,1,23
BRDA:238,50,0,0
BRDA:238,50,1,23
BRDA:238,51,0,23
BRDA:238,51,1,23
BRDA:241,52,0,23
BRDA:241,52,1,0
BRDA:241,53,0,23
BRDA:241,53,1,23
BRDA:243,54,0,23
BRDA:243,54,1,0
BRDA:243,55,0,23
BRDA:243,55,1,23
BRDA:251,56,0,0
BRDA:251,56,1,18
BRDA:251,57,0,18
BRDA:251,57,1,0
BRDA:251,58,0,18
BRDA:251,58,1,18
BRDA:252,59,0,18
BRDA:252,59,1,0
BRDA:252,60,0,18
BRDA:252,60,1,18
BRDA:253,61,0,18
BRDA:253,61,1,0
BRDA:253,62,0,18
BRDA:253,62,1,18
BRDA:255,63,0,18
BRDA:268,64,0,0
BRDA:269,65,0,0
BRDA:269,65,1,0
BRDA:269,65,2,0
BRDA:269,65,3,0
BRDA:269,65,4,0
BRDA:305,66,0,0
BRDA:305,66,1,0
BRDA:305,66,2,0
BRDA:347,67,0,0
BRDA:347,67,1,0
BRDA:347,68,0,0
BRDA:347,68,1,0
BRDA:353,69,0,0
BRDA:353,69,1,0
BRDA:353,70,0,0
BRDA:353,70,1,0
BRDA:356,71,0,0
BRDA:356,71,1,0
BRDA:356,72,0,0
BRDA:356,72,1,0
BRDA:358,73,0,0
BRDA:358,73,1,0
BRDA:358,74,0,0
BRDA:358,74,1,0
BRDA:360,75,0,0
BRDA:360,75,1,0
BRDA:360,76,0,0
BRDA:360,76,1,0
BRDA:360,77,0,0
BRDA:360,77,1,0
BRDA:361,78,0,0
BRDA:361,78,1,0
BRDA:361,79,0,0
BRDA:361,79,1,0
BRDA:362,80,0,0
BRDA:362,80,1,0
BRDA:362,81,0,0
BRDA:362,81,1,0
BRDA:364,82,0,0
BRDA:377,83,0,0
BRDA:378,84,0,0
BRDA:378,84,1,0
BRDA:378,84,2,0
BRDA:410,85,0,0
BRDA:410,85,1,0
BRDA:410,85,2,0
BRDA:449,86,0,0
BRDA:449,86,1,0
BRDA:449,87,0,0
BRDA:449,87,1,0
BRDA:455,88,0,0
BRDA:455,88,1,0
BRDA:455,89,0,0
BRDA:455,89,1,0
BRDA:458,90,0,0
BRDA:458,90,1,0
BRDA:458,91,0,0
BRDA:458,91,1,0
BRDA:460,92,0,0
BRDA:460,92,1,0
BRDA:460,93,0,0
BRDA:460,93,1,0
BRDA:462,94,0,0
BRDA:462,94,1,0
BRDA:462,95,0,0
BRDA:462,95,1,0
BRDA:462,96,0,0
BRDA:462,96,1,0
BRDA:463,97,0,0
BRDA:463,97,1,0
BRDA:463,98,0,0
BRDA:463,98,1,0
BRDA:464,99,0,0
BRDA:464,99,1,0
BRDA:464,100,0,0
BRDA:464,100,1,0
BRDA:466,101,0,0
BRDA:470,102,0,0
BRDA:471,103,0,0
BRDA:471,103,1,0
BRDA:471,103,2,0
BRDA:503,104,0,0
BRDA:503,104,1,0
BRDA:503,104,2,0
BRDA:535,105,0,0
BRDA:543,106,0,0
BRDA:548,107,0,0
BRDA:548,107,1,0
BRDA:548,108,0,0
BRDA:548,108,1,0
BRDA:554,109,0,0
BRDA:554,109,1,0
BRDA:554,110,0,0
BRDA:554,110,1,0
BRDA:557,111,0,0
BRDA:557,111,1,0
BRDA:557,112,0,0
BRDA:557,112,1,0
BRDA:559,113,0,0
BRDA:559,113,1,0
BRDA:559,114,0,0
BRDA:559,114,1,0
BRDA:567,115,0,0
BRDA:567,115,1,0
BRDA:567,116,0,0
BRDA:567,116,1,0
BRDA:567,117,0,0
BRDA:567,117,1,0
BRDA:568,118,0,0
BRDA:568,118,1,0
BRDA:568,119,0,0
BRDA:568,119,1,0
BRDA:569,120,0,0
BRDA:569,120,1,0
BRDA:569,121,0,0
BRDA:569,121,1,0
BRDA:571,122,0,0
BRDA:584,123,0,0
BRDA:585,124,0,0
BRDA:585,124,1,0
BRDA:585,124,2,0
BRDA:617,125,0,0
BRDA:617,125,1,0
BRDA:617,125,2,0
BRDA:636,126,0,23
BRF:246
BRH:24
end_of_record
TN:
SF:src/api/resources/interactions/client/index.ts
FNF:0
FNH:0
DA:2,1
LF:1
LH:1
BRF:0
BRH:0
end_of_record
TN:
SF:src/api/resources/interactions/types/InteractionsListRequestSort.ts
FNF:0
FNH:0
DA:9,1
LF:1
LH:1
BRF:0
BRH:0
end_of_record
TN:
SF:src/api/resources/interactions/types/index.ts
FNF:0
FNH:0
DA:1,1
LF:1
LH:1
BRF:0
BRH:0
end_of_record
TN:
SF:src/api/resources/recordings/index.ts
FNF:0
FNH:0
DA:1,1
LF:1
LH:1
BRF:0
BRH:0
end_of_record
TN:
SF:src/api/resources/recordings/client/Client.ts
FN:43,(anonymous_16)
FN:61,(anonymous_17)
FN:68,(anonymous_18)
FN:170,(anonymous_20)
FN:178,(anonymous_21)
FN:283,(anonymous_23)
FN:291,(anonymous_24)
FN:402,(anonymous_26)
FN:410,(anonymous_27)
FN:503,(anonymous_29)
FNF:10
FNH:0
FNDA:0,(anonymous_16)
FNDA:0,(anonymous_17)
FNDA:0,(anonymous_18)
FNDA:0,(anonymous_20)
FNDA:0,(anonymous_21)
FNDA:0,(anonymous_23)
FNDA:0,(anonymous_24)
FNDA:0,(anonymous_26)
FNDA:0,(anonymous_27)
FNDA:0,(anonymous_29)
DA:6,1
DA:7,1
DA:8,1
DA:9,1
DA:10,1
DA:40,1
DA:44,0
DA:65,0
DA:72,0
DA:91,0
DA:92,0
DA:104,0
DA:105,0
DA:107,0
DA:109,0
DA:120,0
DA:122,0
DA:133,0
DA:141,0
DA:143,0
DA:149,0
DA:151,0
DA:175,0
DA:183,0
DA:206,0
DA:207,0
DA:219,0
DA:220,0
DA:222,0
DA:224,0
DA:235,0
DA:237,0
DA:248,0
DA:256,0
DA:258,0
DA:264,0
DA:268,0
DA:288,0
DA:296,0
DA:316,0
DA:317,0
DA:320,0
DA:321,0
DA:323,0
DA:325,0
DA:336,0
DA:347,0
DA:349,0
DA:360,0
DA:368,0
DA:370,0
DA:376,0
DA:380,0
DA:407,0
DA:415,0
DA:434,0
DA:435,0
DA:438,0
DA:439,0
DA:441,0
DA:452,0
DA:463,0
DA:465,0
DA:476,0
DA:484,0
DA:486,0
DA:492,0
DA:496,0
DA:504,0
DA:505,0
DA:506,0
DA:509,0
LF:72
LH:6
BRDA:74,0,0,0
BRDA:74,0,1,0
BRDA:74,1,0,0
BRDA:74,1,1,0
BRDA:80,2,0,0
BRDA:80,2,1,0
BRDA:80,3,0,0
BRDA:80,3,1,0
BRDA:83,4,0,0
BRDA:83,4,1,0
BRDA:83,5,0,0
BRDA:83,5,1,0
BRDA:85,6,0,0
BRDA:85,6,1,0
BRDA:85,7,0,0
BRDA:85,7,1,0
BRDA:87,8,0,0
BRDA:87,8,1,0
BRDA:87,9,0,0
BRDA:87,9,1,0
BRDA:87,10,0,0
BRDA:87,10,1,0
BRDA:88,11,0,0
BRDA:88,11,1,0
BRDA:88,12,0,0
BRDA:88,12,1,0
BRDA:89,13,0,0
BRDA:89,13,1,0
BRDA:89,14,0,0
BRDA:89,14,1,0
BRDA:91,15,0,0
BRDA:104,16,0,0
BRDA:105,17,0,0
BRDA:105,17,1,0
BRDA:105,17,2,0
BRDA:105,17,3,0
BRDA:105,17,4,0
BRDA:141,18,0,0
BRDA:141,18,1,0
BRDA:141,18,2,0
BRDA:185,19,0,0
BRDA:185,19,1,0
BRDA:185,20,0,0
BRDA:185,20,1,0
BRDA:191,21,0,0
BRDA:191,21,1,0
BRDA:191,22,0,0
BRDA:191,22,1,0
BRDA:194,23,0,0
BRDA:194,23,1,0
BRDA:194,24,0,0
BRDA:194,24,1,0
BRDA:196,25,0,0
BRDA:196,25,1,0
BRDA:196,26,0,0
BRDA:196,26,1,0
BRDA:202,27,0,0
BRDA:202,27,1,0
BRDA:202,28,0,0
BRDA:202,28,1,0
BRDA:202,29,0,0
BRDA:202,29,1,0
BRDA:203,30,0,0
BRDA:203,30,1,0
BRDA:203,31,0,0
BRDA:203,31,1,0
BRDA:204,32,0,0
BRDA:204,32,1,0
BRDA:204,33,0,0
BRDA:204,33,1,0
BRDA:206,34,0,0
BRDA:219,35,0,0
BRDA:220,36,0,0
BRDA:220,36,1,0
BRDA:220,36,2,0
BRDA:220,36,3,0
BRDA:220,36,4,0
BRDA:256,37,0,0
BRDA:256,37,1,0
BRDA:256,37,2,0
BRDA:298,38,0,0
BRDA:298,38,1,0
BRDA:298,39,0,0
BRDA:298,39,1,0
BRDA:304,40,0,0
BRDA:304,40,1,0
BRDA:304,41,0,0
BRDA:304,41,1,0
BRDA:307,42,0,0
BRDA:307,42,1,0
BRDA:307,43,0,0
BRDA:307,43,1,0
BRDA:309,44,0,0
BRDA:309,44,1,0
BRDA:309,45,0,0
BRDA:309,45,1,0
BRDA:312,46,0,0
BRDA:312,46,1,0
BRDA:312,47,0,0
BRDA:312,47,1,0
BRDA:312,48,0,0
BRDA:312,48,1,0
BRDA:313,49,0,0
BRDA:313,49,1,0
BRDA:313,50,0,0
BRDA:313,50,1,0
BRDA:314,51,0,0
BRDA:314,51,1,0
BRDA:314,52,0,0
BRDA:314,52,1,0
BRDA:316,53,0,0
BRDA:320,54,0,0
BRDA:321,55,0,0
BRDA:321,55,1,0
BRDA:321,55,2,0
BRDA:321,55,3,0
BRDA:321,55,4,0
BRDA:321,55,5,0
BRDA:368,56,0,0
BRDA:368,56,1,0
BRDA:368,56,2,0
BRDA:417,57,0,0
BRDA:417,57,1,0
BRDA:417,58,0,0
BRDA:417,58,1,0
BRDA:423,59,0,0
BRDA:423,59,1,0
BRDA:423,60,0,0
BRDA:423,60,1,0
BRDA:426,61,0,0
BRDA:426,61,1,0
BRDA:426,62,0,0
BRDA:426,62,1,0
BRDA:428,63,0,0
BRDA:428,63,1,0
BRDA:428,64,0,0
BRDA:428,64,1,0
BRDA:430,65,0,0
BRDA:430,65,1,0
BRDA:430,66,0,0
BRDA:430,66,1,0
BRDA:430,67,0,0
BRDA:430,67,1,0
BRDA:431,68,0,0
BRDA:431,68,1,0
BRDA:431,69,0,0
BRDA:431,69,1,0
BRDA:432,70,0,0
BRDA:432,70,1,0
BRDA:432,71,0,0
BRDA:432,71,1,0
BRDA:434,72,0,0
BRDA:438,73,0,0
BRDA:439,74,0,0
BRDA:439,74,1,0
BRDA:439,74,2,0
BRDA:439,74,3,0
BRDA:439,74,4,0
BRDA:484,75,0,0
BRDA:484,75,1,0
BRDA:484,75,2,0
BRDA:505,76,0,0
BRF:162
BRH:0
end_of_record
TN:
SF:src/api/resources/stream/index.ts
FNF:0
FNH:0
DA:1,1
LF:1
LH:1
BRF:0
BRH:0
end_of_record
TN:
SF:src/api/resources/stream/client/Client.ts
FN:37,(anonymous_16)
FN:41,(anonymous_17)
FN:63,(anonymous_19)
FNF:3
FNH:0
FNDA:0,(anonymous_16)
FNDA:0,(anonymous_17)
FNDA:0,(anonymous_19)
DA:6,1
DA:7,1
DA:34,1
DA:38,0
DA:42,0
DA:43,0
DA:44,0
DA:45,0
DA:46,0
DA:49,0
DA:60,0
DA:64,0
DA:65,0
DA:66,0
DA:69,0
LF:15
LH:3
BRDA:51,0,0,0
BRDA:51,0,1,0
BRDA:51,1,0,0
BRDA:51,1,1,0
BRDA:58,2,0,0
BRDA:58,2,1,0
BRDA:58,3,0,0
BRDA:58,3,1,0
BRDA:58,4,0,0
BRDA:58,4,1,0
BRDA:58,5,0,0
BRDA:58,5,1,0
BRDA:65,6,0,0
BRF:13
BRH:0
end_of_record
TN:
SF:src/api/resources/stream/client/Socket.ts
FN:62,(anonymous_16)
FN:35,(anonymous_17)
FN:38,(anonymous_18)
FN:54,(anonymous_19)
FN:57,(anonymous_20)
FN:71,(anonymous_21)
FN:85,(anonymous_22)
FN:89,(anonymous_23)
FN:101,(anonymous_24)
FN:115,(anonymous_25)
FN:128,(anonymous_26)
FN:140,(anonymous_27)
FN:152,(anonymous_28)
FN:157,(anonymous_30)
FN:158,(anonymous_31)
FN:162,(anonymous_32)
FN:169,(anonymous_33)
FN:180,(anonymous_34)
FNF:18
FNH:0
FNDA:0,(anonymous_16)
FNDA:0,(anonymous_17)
FNDA:0,(anonymous_18)
FNDA:0,(anonymous_19)
FNDA:0,(anonymous_20)
FNDA:0,(anonymous_21)
FNDA:0,(anonymous_22)
FNDA:0,(anonymous_23)
FNDA:0,(anonymous_24)
FNDA:0,(anonymous_25)
FNDA:0,(anonymous_26)
FNDA:0,(anonymous_27)
FNDA:0,(anonymous_28)
FNDA:0,(anonymous_30)
FNDA:0,(anonymous_31)
FNDA:0,(anonymous_32)
FNDA:0,(anonymous_33)
FNDA:0,(anonymous_34)
DA:5,1
DA:7,1
DA:8,1
DA:9,1
DA:10,1
DA:32,1
DA:34,0
DA:35,0
DA:36,0
DA:38,0
DA:39,0
DA:41,0
DA:48,0
DA:49,0
DA:51,0
DA:54,0
DA:55,0
DA:57,0
DA:58,0
DA:59,0
DA:63,0
DA:64,0
DA:65,0
DA:66,0
DA:67,0
DA:72,0
DA:86,0
DA:90,0
DA:91,0
DA:98,0
DA:102,0
DA:103,0
DA:112,0
DA:116,0
DA:117,0
DA:124,0
DA:129,0
DA:131,0
DA:132,0
DA:133,0
DA:134,0
DA:136,0
DA:141,0
DA:143,0
DA:145,0
DA:146,0
DA:147,0
DA:148,0
DA:153,0
DA:154,0
DA:157,0
DA:158,0
DA:159,0
DA:162,0
DA:163,0
DA:170,0
DA:171,0
DA:174,0
DA:175,0
DA:181,0
LF:60
LH:6
BRDA:36,0,0,0
BRDA:36,0,1,0
BRDA:36,1,0,0
BRDA:36,1,1,0
BRDA:48,2,0,0
BRDA:48,2,1,0
BRDA:49,3,0,0
BRDA:49,3,1,0
BRDA:49,4,0,0
BRDA:49,4,1,0
BRDA:51,5,0,0
BRDA:51,5,1,0
BRDA:51,6,0,0
BRDA:51,6,1,0
BRDA:55,7,0,0
BRDA:55,7,1,0
BRDA:55,8,0,0
BRDA:55,8,1,0
BRDA:59,9,0,0
BRDA:59,9,1,0
BRDA:59,10,0,0
BRDA:59,10,1,0
BRDA:153,11,0,0
BRDA:170,12,0,0
BRDA:174,13,0,0
BRF:25
BRH:0
end_of_record
TN:
SF:src/api/resources/templates/index.ts
FNF:0
FNH:0
DA:1,1
LF:1
LH:1
BRF:0
BRH:0
end_of_record
TN:
SF:src/api/resources/templates/client/Client.ts
FN:41,(anonymous_16)
FN:57,(anonymous_17)
FN:64,(anonymous_18)
FN:65,(anonymous_19)
FN:72,(anonymous_20)
FN:80,(anonymous_21)
FN:163,(anonymous_22)
FN:170,(anonymous_23)
FN:171,(anonymous_24)
FN:178,(anonymous_25)
FN:186,(anonymous_26)
FN:194,(anonymous_27)
FN:277,(anonymous_28)
FN:281,(anonymous_29)
FN:349,(anonymous_31)
FNF:15
FNH:0
FNDA:0,(anonymous_16)
FNDA:0,(anonymous_17)
FNDA:0,(anonymous_18)
FNDA:0,(anonymous_19)
FNDA:0,(anonymous_20)
FNDA:0,(anonymous_21)
FNDA:0,(anonymous_22)
FNDA:0,(anonymous_23)
FNDA:0,(anonymous_24)
FNDA:0,(anonymous_25)
FNDA:0,(anonymous_26)
FNDA:0,(anonymous_27)
FNDA:0,(anonymous_28)
FNDA:0,(anonymous_29)
FNDA:0,(anonymous_31)
DA:6,1
DA:7,1
DA:8,1
DA:9,1
DA:10,1
DA:38,1
DA:42,0
DA:61,0
DA:65,0
DA:68,0
DA:69,0
DA:70,0
DA:71,0
DA:72,0
DA:74,0
DA:78,0
DA:79,0
DA:80,0
DA:82,0
DA:86,0
DA:106,0
DA:107,0
DA:119,0
DA:120,0
DA:122,0
DA:124,0
DA:126,0
DA:134,0
DA:136,0
DA:142,0
DA:144,0
DA:167,0
DA:171,0
DA:174,0
DA:175,0
DA:176,0
DA:177,0
DA:178,0
DA:180,0
DA:184,0
DA:185,0
DA:186,0
DA:188,0
DA:192,0
DA:193,0
DA:194,0
DA:196,0
DA:200,0
DA:220,0
DA:221,0
DA:233,0
DA:234,0
DA:236,0
DA:238,0
DA:240,0
DA:248,0
DA:250,0
DA:256,0
DA:258,0
DA:278,0
DA:285,0
DA:304,0
DA:305,0
DA:317,0
DA:318,0
DA:320,0
DA:322,0
DA:324,0
DA:332,0
DA:334,0
DA:340,0
DA:342,0
DA:350,0
DA:351,0
DA:352,0
DA:355,0
LF:76
LH:6
BRDA:58,0,0,0
BRDA:65,1,0,0
BRDA:70,2,0,0
BRDA:71,3,0,0
BRDA:71,3,1,0
BRDA:78,4,0,0
BRDA:79,5,0,0
BRDA:79,5,1,0
BRDA:88,6,0,0
BRDA:88,6,1,0
BRDA:88,7,0,0
BRDA:88,7,1,0
BRDA:94,8,0,0
BRDA:94,8,1,0
BRDA:94,9,0,0
BRDA:94,9,1,0
BRDA:97,10,0,0
BRDA:97,10,1,0
BRDA:97,11,0,0
BRDA:97,11,1,0
BRDA:99,12,0,0
BRDA:99,12,1,0
BRDA:99,13,0,0
BRDA:99,13,1,0
BRDA:102,14,0,0
BRDA:102,14,1,0
BRDA:102,15,0,0
BRDA:102,15,1,0
BRDA:102,16,0,0
BRDA:102,16,1,0
BRDA:103,17,0,0
BRDA:103,17,1,0
BRDA:103,18,0,0
BRDA:103,18,1,0
BRDA:104,19,0,0
BRDA:104,19,1,0
BRDA:104,20,0,0
BRDA:104,20,1,0
BRDA:106,21,0,0
BRDA:119,22,0,0
BRDA:120,23,0,0
BRDA:120,23,1,0
BRDA:120,23,2,0
BRDA:134,24,0,0
BRDA:134,24,1,0
BRDA:134,24,2,0
BRDA:164,25,0,0
BRDA:171,26,0,0
BRDA:176,27,0,0
BRDA:177,28,0,0
BRDA:177,28,1,0
BRDA:184,29,0,0
BRDA:185,30,0,0
BRDA:185,30,1,0
BRDA:192,31,0,0
BRDA:193,32,0,0
BRDA:193,32,1,0
BRDA:202,33,0,0
BRDA:202,33,1,0
BRDA:202,34,0,0
BRDA:202,34,1,0
BRDA:208,35,0,0
BRDA:208,35,1,0
BRDA:208,36,0,0
BRDA:208,36,1,0
BRDA:211,37,0,0
BRDA:211,37,1,0
BRDA:211,38,0,0
BRDA:211,38,1,0
BRDA:213,39,0,0
BRDA:213,39,1,0
BRDA:213,40,0,0
BRDA:213,40,1,0
BRDA:216,41,0,0
BRDA:216,41,1,0
BRDA:216,42,0,0
BRDA:216,42,1,0
BRDA:216,43,0,0
BRDA:216,43,1,0
BRDA:217,44,0,0
BRDA:217,44,1,0
BRDA:217,45,0,0
BRDA:217,45,1,0
BRDA:218,46,0,0
BRDA:218,46,1,0
BRDA:218,47,0,0
BRDA:218,47,1,0
BRDA:220,48,0,0
BRDA:233,49,0,0
BRDA:234,50,0,0
BRDA:234,50,1,0
BRDA:234,50,2,0
BRDA:248,51,0,0
BRDA:248,51,1,0
BRDA:248,51,2,0
BRDA:287,52,0,0
BRDA:287,52,1,0
BRDA:287,53,0,0
BRDA:287,53,1,0
BRDA:293,54,0,0
BRDA:293,54,1,0
BRDA:293,55,0,0
BRDA:293,55,1,0
BRDA:296,56,0,0
BRDA:296,56,1,0
BRDA:296,57,0,0
BRDA:296,57,1,0
BRDA:298,58,0,0
BRDA:298,58,1,0
BRDA:298,59,0,0
BRDA:298,59,1,0
BRDA:300,60,0,0
BRDA:300,60,1,0
BRDA:300,61,0,0
BRDA:300,61,1,0
BRDA:300,62,0,0
BRDA:300,62,1,0
BRDA:301,63,0,0
BRDA:301,63,1,0
BRDA:301,64,0,0
BRDA:301,64,1,0
BRDA:302,65,0,0
BRDA:302,65,1,0
BRDA:302,66,0,0
BRDA:302,66,1,0
BRDA:304,67,0,0
BRDA:317,68,0,0
BRDA:318,69,0,0
BRDA:318,69,1,0
BRDA:318,69,2,0
BRDA:332,70,0,0
BRDA:332,70,1,0
BRDA:332,70,2,0
BRDA:351,71,0,0
BRF:134
BRH:0
end_of_record
TN:
SF:src/api/resources/templates/client/index.ts
FNF:0
FNH:0
DA:2,1
LF:1
LH:1
BRF:0
BRH:0
end_of_record
TN:
SF:src/api/resources/transcribe/index.ts
FNF:0
FNH:0
DA:1,1
LF:1
LH:1
BRF:0
BRH:0
end_of_record
TN:
SF:src/api/resources/transcribe/client/Client.ts
FN:36,(anonymous_16)
FN:40,(anonymous_17)
FN:62,(anonymous_19)
FNF:3
FNH:0
FNDA:0,(anonymous_16)
FNDA:0,(anonymous_17)
FNDA:0,(anonymous_19)
DA:6,1
DA:7,1
DA:33,1
DA:37,0
DA:41,0
DA:42,0
DA:43,0
DA:44,0
DA:45,0
DA:48,0
DA:59,0
DA:63,0
DA:64,0
DA:65,0
DA:68,0
LF:15
LH:3
BRDA:50,0,0,0
BRDA:50,0,1,0
BRDA:50,1,0,0
BRDA:50,1,1,0
BRDA:57,2,0,0
BRDA:57,2,1,0
BRDA:57,3,0,0
BRDA:57,3,1,0
BRDA:57,4,0,0
BRDA:57,4,1,0
BRDA:57,5,0,0
BRDA:57,5,1,0
BRDA:64,6,0,0
BRF:13
BRH:0
end_of_record
TN:
SF:src/api/resources/transcribe/client/Socket.ts
FN:62,(anonymous_16)
FN:35,(anonymous_17)
FN:38,(anonymous_18)
FN:54,(anonymous_19)
FN:57,(anonymous_20)
FN:71,(anonymous_21)
FN:85,(anonymous_22)
FN:89,(anonymous_23)
FN:101,(anonymous_24)
FN:115,(anonymous_25)
FN:128,(anonymous_26)
FN:140,(anonymous_27)
FN:152,(anonymous_28)
FN:157,(anonymous_30)
FN:158,(anonymous_31)
FN:162,(anonymous_32)
FN:169,(anonymous_33)
FN:180,(anonymous_34)
FNF:18
FNH:0
FNDA:0,(anonymous_16)
FNDA:0,(anonymous_17)
FNDA:0,(anonymous_18)
FNDA:0,(anonymous_19)
FNDA:0,(anonymous_20)
FNDA:0,(anonymous_21)
FNDA:0,(anonymous_22)
FNDA:0,(anonymous_23)
FNDA:0,(anonymous_24)
FNDA:0,(anonymous_25)
FNDA:0,(anonymous_26)
FNDA:0,(anonymous_27)
FNDA:0,(anonymous_28)
FNDA:0,(anonymous_30)
FNDA:0,(anonymous_31)
FNDA:0,(anonymous_32)
FNDA:0,(anonymous_33)
FNDA:0,(anonymous_34)
DA:5,1
DA:7,1
DA:8,1
DA:9,1
DA:10,1
DA:32,1
DA:34,0
DA:35,0
DA:36,0
DA:38,0
DA:39,0
DA:41,0
DA:48,0
DA:49,0
DA:51,0
DA:54,0
DA:55,0
DA:57,0
DA:58,0
DA:59,0
DA:63,0
DA:64,0
DA:65,0
DA:66,0
DA:67,0
DA:72,0
DA:86,0
DA:90,0
DA:91,0
DA:98,0
DA:102,0
DA:103,0
DA:112,0
DA:116,0
DA:117,0
DA:124,0
DA:129,0
DA:131,0
DA:132,0
DA:133,0
DA:134,0
DA:136,0
DA:141,0
DA:143,0
DA:145,0
DA:146,0
DA:147,0
DA:148,0
DA:153,0
DA:154,0
DA:157,0
DA:158,0
DA:159,0
DA:162,0
DA:163,0
DA:170,0
DA:171,0
DA:174,0
DA:175,0
DA:181,0
LF:60
LH:6
BRDA:36,0,0,0
BRDA:36,0,1,0
BRDA:36,1,0,0
BRDA:36,1,1,0
BRDA:48,2,0,0
BRDA:48,2,1,0
BRDA:49,3,0,0
BRDA:49,3,1,0
BRDA:49,4,0,0
BRDA:49,4,1,0
BRDA:51,5,0,0
BRDA:51,5,1,0
BRDA:51,6,0,0
BRDA:51,6,1,0
BRDA:55,7,0,0
BRDA:55,7,1,0
BRDA:55,8,0,0
BRDA:55,8,1,0
BRDA:59,9,0,0
BRDA:59,9,1,0
BRDA:59,10,0,0
BRDA:59,10,1,0
BRDA:153,11,0,0
BRDA:170,12,0,0
BRDA:174,13,0,0
BRF:25
BRH:0
end_of_record
TN:
SF:src/api/resources/transcripts/index.ts
FNF:0
FNH:0
DA:1,1
DA:2,1
LF:2
LH:2
BRF:0
BRH:0
end_of_record
TN:
SF:src/api/resources/transcripts/client/Client.ts
FN:41,(anonymous_16)
FN:61,(anonymous_17)
FN:69,(anonymous_18)
FN:70,(anonymous_19)
FN:191,(anonymous_20)
FN:199,(anonymous_21)
FN:316,(anonymous_23)
FN:324,(anonymous_24)
FN:435,(anonymous_26)
FN:443,(anonymous_27)
FN:529,(anonymous_29)
FNF:11
FNH:0
FNDA:0,(anonymous_16)
FNDA:0,(anonymous_17)
FNDA:0,(anonymous_18)
FNDA:0,(anonymous_19)
FNDA:0,(anonymous_20)
FNDA:0,(anonymous_21)
FNDA:0,(anonymous_23)
FNDA:0,(anonymous_24)
FNDA:0,(anonymous_26)
FNDA:0,(anonymous_27)
FNDA:0,(anonymous_29)
DA:6,1
DA:7,1
DA:8,1
DA:9,1
DA:10,1
DA:38,1
DA:42,0
DA:66,0
DA:70,0
DA:74,0
DA:75,0
DA:76,0
DA:77,0
DA:80,0
DA:100,0
DA:101,0
DA:113,0
DA:114,0
DA:116,0
DA:118,0
DA:120,0
DA:131,0
DA:133,0
DA:144,0
DA:152,0
DA:154,0
DA:160,0
DA:164,0
DA:196,0
DA:204,0
DA:229,0
DA:230,0
DA:242,0
DA:243,0
DA:245,0
DA:247,0
DA:249,0
DA:260,0
DA:262,0
DA:273,0
DA:281,0
DA:283,0
DA:289,0
DA:293,0
DA:321,0
DA:329,0
DA:348,0
DA:349,0
DA:361,0
DA:362,0
DA:364,0
DA:366,0
DA:368,0
DA:379,0
DA:381,0
DA:392,0
DA:400,0
DA:402,0
DA:408,0
DA:412,0
DA:440,0
DA:448,0
DA:467,0
DA:468,0
DA:471,0
DA:472,0
DA:474,0
DA:476,0
DA:478,0
DA:489,0
DA:491,0
DA:502,0
DA:510,0
DA:512,0
DA:518,0
DA:522,0
DA:530,0
DA:531,0
DA:532,0
DA:535,0
LF:80
LH:6
BRDA:63,0,0,0
BRDA:71,1,0,0
BRDA:76,2,0,0
BRDA:77,3,0,0
BRDA:77,3,1,0
BRDA:77,4,0,0
BRDA:77,4,1,0
BRDA:77,5,0,0
BRDA:77,5,1,0
BRDA:77,6,0,0
BRDA:77,6,1,0
BRDA:82,7,0,0
BRDA:82,7,1,0
BRDA:82,8,0,0
BRDA:82,8,1,0
BRDA:88,9,0,0
BRDA:88,9,1,0
BRDA:88,10,0,0
BRDA:88,10,1,0
BRDA:91,11,0,0
BRDA:91,11,1,0
BRDA:91,12,0,0
BRDA:91,12,1,0
BRDA:93,13,0,0
BRDA:93,13,1,0
BRDA:93,14,0,0
BRDA:93,14,1,0
BRDA:96,15,0,0
BRDA:96,15,1,0
BRDA:96,16,0,0
BRDA:96,16,1,0
BRDA:96,17,0,0
BRDA:96,17,1,0
BRDA:97,18,0,0
BRDA:97,18,1,0
BRDA:97,19,0,0
BRDA:97,19,1,0
BRDA:98,20,0,0
BRDA:98,20,1,0
BRDA:98,21,0,0
BRDA:98,21,1,0
BRDA:100,22,0,0
BRDA:113,23,0,0
BRDA:114,24,0,0
BRDA:114,24,1,0
BRDA:114,24,2,0
BRDA:114,24,3,0
BRDA:114,24,4,0
BRDA:114,24,5,0
BRDA:152,25,0,0
BRDA:152,25,1,0
BRDA:152,25,2,0
BRDA:206,26,0,0
BRDA:206,26,1,0
BRDA:206,27,0,0
BRDA:206,27,1,0
BRDA:212,28,0,0
BRDA:212,28,1,0
BRDA:212,29,0,0
BRDA:212,29,1,0
BRDA:215,30,0,0
BRDA:215,30,1,0
BRDA:215,31,0,0
BRDA:215,31,1,0
BRDA:217,32,0,0
BRDA:217,32,1,0
BRDA:217,33,0,0
BRDA:217,33,1,0
BRDA:225,34,0,0
BRDA:225,34,1,0
BRDA:225,35,0,0
BRDA:225,35,1,0
BRDA:225,36,0,0
BRDA:225,36,1,0
BRDA:226,37,0,0
BRDA:226,37,1,0
BRDA:226,38,0,0
BRDA:226,38,1,0
BRDA:227,39,0,0
BRDA:227,39,1,0
BRDA:227,40,0,0
BRDA:227,40,1,0
BRDA:229,41,0,0
BRDA:242,42,0,0
BRDA:243,43,0,0
BRDA:243,43,1,0
BRDA:243,43,2,0
BRDA:243,43,3,0
BRDA:243,43,4,0
BRDA:243,43,5,0
BRDA:281,44,0,0
BRDA:281,44,1,0
BRDA:281,44,2,0
BRDA:331,45,0,0
BRDA:331,45,1,0
BRDA:331,46,0,0
BRDA:331,46,1,0
BRDA:337,47,0,0
BRDA:337,47,1,0
BRDA:337,48,0,0
BRDA:337,48,1,0
BRDA:340,49,0,0
BRDA:340,49,1,0
BRDA:340,50,0,0
BRDA:340,50,1,0
BRDA:342,51,0,0
BRDA:342,51,1,0
BRDA:342,52,0,0
BRDA:342,52,1,0
BRDA:344,53,0,0
BRDA:344,53,1,0
BRDA:344,54,0,0
BRDA:344,54,1,0
BRDA:344,55,0,0
BRDA:344,55,1,0
BRDA:345,56,0,0
BRDA:345,56,1,0
BRDA:345,57,0,0
BRDA:345,57,1,0
BRDA:346,58,0,0
BRDA:346,58,1,0
BRDA:346,59,0,0
BRDA:346,59,1,0
BRDA:348,60,0,0
BRDA:361,61,0,0
BRDA:362,62,0,0
BRDA:362,62,1,0
BRDA:362,62,2,0
BRDA:362,62,3,0
BRDA:362,62,4,0
BRDA:362,62,5,0
BRDA:400,63,0,0
BRDA:400,63,1,0
BRDA:400,63,2,0
BRDA:450,64,0,0
BRDA:450,64,1,0
BRDA:450,65,0,0
BRDA:450,65,1,0
BRDA:456,66,0,0
BRDA:456,66,1,0
BRDA:456,67,0,0
BRDA:456,67,1,0
BRDA:459,68,0,0
BRDA:459,68,1,0
BRDA:459,69,0,0
BRDA:459,69,1,0
BRDA:461,70,0,0
BRDA:461,70,1,0
BRDA:461,71,0,0
BRDA:461,71,1,0
BRDA:463,72,0,0
BRDA:463,72,1,0
BRDA:463,73,0,0
BRDA:463,73,1,0
BRDA:463,74,0,0
BRDA:463,74,1,0
BRDA:464,75,0,0
BRDA:464,75,1,0
BRDA:464,76,0,0
BRDA:464,76,1,0
BRDA:465,77,0,0
BRDA:465,77,1,0
BRDA:465,78,0,0
BRDA:465,78,1,0
BRDA:467,79,0,0
BRDA:471,80,0,0
BRDA:472,81,0,0
BRDA:472,81,1,0
BRDA:472,81,2,0
BRDA:472,81,3,0
BRDA:472,81,4,0
BRDA:472,81,5,0
BRDA:510,82,0,0
BRDA:510,82,1,0
BRDA:510,82,2,0
BRDA:531,83,0,0
BRF:176
BRH:0
end_of_record
TN:
SF:src/api/resources/transcripts/client/index.ts
FNF:0
FNH:0
DA:2,1
LF:1
LH:1
BRF:0
BRH:0
end_of_record
TN:
SF:src/api/resources/transcripts/types/TranscriptsCreateRequestModelName.ts
FNF:0
FNH:0
DA:9,1
LF:1
LH:1
BRF:0
BRH:0
end_of_record
TN:
SF:src/api/resources/transcripts/types/index.ts
FNF:0
FNH:0
DA:1,1
LF:1
LH:1
BRF:0
BRH:0
end_of_record
TN:
SF:src/api/types/CommonSortingDirectionEnum.ts
FNF:0
FNH:0
DA:6,1
LF:1
LH:1
BRF:0
BRH:0
end_of_record
TN:
SF:src/api/types/CommonSourceEnum.ts
FNF:0
FNH:0
DA:6,1
LF:1
LH:1
BRF:0
BRH:0
end_of_record
TN:
SF:src/api/types/DocumentsContextTypeEnum.ts
FNF:0
FNH:0
DA:6,1
LF:1
LH:1
BRF:0
BRH:0
end_of_record
TN:
SF:src/api/types/InteractionsEncounterStatusEnum.ts
FNF:0
FNH:0
DA:12,1
LF:1
LH:1
BRF:0
BRH:0
end_of_record
TN:
SF:src/api/types/InteractionsEncounterTypeEnum.ts
FNF:0
FNH:0
DA:11,1
LF:1
LH:1
BRF:0
BRH:0
end_of_record
TN:
SF:src/api/types/InteractionsGenderEnum.ts
FNF:0
FNH:0
DA:6,1
LF:1
LH:1
BRF:0
BRH:0
end_of_record
TN:
SF:src/api/types/StreamConfigModeType.ts
FNF:0
FNH:0
DA:9,1
LF:1
LH:1
BRF:0
BRH:0
end_of_record
TN:
SF:src/api/types/StreamConfigParticipantRole.ts
FNF:0
FNH:0
DA:9,1
LF:1
LH:1
BRF:0
BRH:0
end_of_record
TN:
SF:src/api/types/StreamConfigStatusMessageType.ts
FNF:0
FNH:0
DA:15,1
LF:1
LH:1
BRF:0
BRH:0
end_of_record
TN:
SF:src/api/types/TranscribeConfigStatusMessageType.ts
FNF:0
FNH:0
DA:9,1
LF:1
LH:1
BRF:0
BRH:0
end_of_record
TN:
SF:src/api/types/TranscriptsParticipantRoleEnum.ts
FNF:0
FNH:0
DA:6,1
LF:1
LH:1
BRF:0
BRH:0
end_of_record
TN:
SF:src/api/types/index.ts
FNF:0
FNH:0
DA:1,1
DA:2,1
DA:3,1
DA:4,1
DA:5,1
DA:6,1
DA:7,1
DA:8,1
DA:9,1
DA:10,1
DA:11,1
DA:12,1
DA:13,1
DA:14,1
DA:15,1
DA:16,1
DA:17,1
DA:18,1
DA:19,1
DA:20,1
DA:21,1
DA:22,1
DA:23,1
DA:24,1
DA:25,1
DA:26,1
DA:27,1
DA:28,1
DA:29,1
DA:30,1
DA:31,1
DA:32,1
DA:33,1
DA:34,1
DA:35,1
DA:36,1
DA:37,1
DA:38,1
DA:39,1
DA:40,1
DA:41,1
DA:42,1
DA:43,1
DA:44,1
DA:45,1
DA:46,1
DA:47,1
DA:48,1
DA:49,1
DA:50,1
DA:51,1
DA:52,1
DA:53,1
DA:54,1
DA:55,1
DA:56,1
DA:57,1
DA:58,1
DA:59,1
DA:60,1
DA:61,1
DA:62,1
DA:63,1
DA:64,1
DA:65,1
DA:66,1
DA:67,1
DA:68,1
DA:69,1
DA:70,1
DA:71,1
DA:72,1
DA:73,1
DA:74,1
DA:75,1
DA:76,1
DA:77,1
DA:78,1
DA:79,1
DA:80,1
DA:81,1
DA:82,1
DA:83,1
DA:84,1
DA:85,1
DA:86,1
DA:87,1
DA:88,1
DA:89,1
DA:90,1
DA:91,1
DA:92,1
DA:93,1
DA:94,1
DA:95,1
DA:96,1
LF:96
LH:96
BRF:0
BRH:0
end_of_record
TN:
SF:src/core/base64.ts
FN:1,base64ToBytes
FN:3,(anonymous_1)
FN:6,bytesToBase64
FN:11,base64Encode
FN:20,base64Decode
FNF:5
FNH:0
FNDA:0,base64ToBytes
FNDA:0,(anonymous_1)
FNDA:0,bytesToBase64
FNDA:0,base64Encode
FNDA:0,base64Decode
DA:2,0
DA:3,0
DA:7,0
DA:8,0
DA:11,1
DA:12,0
DA:13,0
DA:16,0
DA:17,0
DA:20,1
DA:21,0
DA:22,0
DA:25,0
DA:26,0
LF:14
LH:2
BRDA:12,0,0,0
BRDA:21,1,0,0
BRF:2
BRH:0
end_of_record
TN:
SF:src/core/headers.ts
FN:3,mergeHeaders
FN:9,(anonymous_1)
FN:10,(anonymous_2)
FN:21,mergeOnlyDefinedHeaders
FN:27,(anonymous_4)
FN:28,(anonymous_5)
FNF:6
FNH:6
FNDA:25,mergeHeaders
FNDA:74,(anonymous_1)
FNDA:49,(anonymous_2)
FNDA:24,mergeOnlyDefinedHeaders
FNDA:24,(anonymous_4)
FNDA:24,(anonymous_5)
DA:3,1
DA:6,25
DA:8,25
DA:9,74
DA:10,49
DA:11,198
DA:12,198
DA:13,0
DA:14,0
DA:18,25
DA:21,1
DA:24,24
DA:26,24
DA:27,24
DA:28,24
DA:29,47
DA:30,23
DA:34,24
LF:18
LH:16
BRDA:11,0,0,198
BRDA:11,0,1,0
BRDA:13,1,0,0
BRDA:29,2,0,23
BRF:4
BRH:2
end_of_record
TN:
SF:src/core/index.ts
FNF:0
FNH:0
DA:1,1
DA:2,1
DA:3,1
DA:4,1
DA:5,1
DA:6,1
DA:7,1
DA:8,1
DA:9,1
LF:9
LH:9
BRF:0
BRH:0
end_of_record
TN:
SF:src/core/json.ts
FN:8,(anonymous_0)
FN:22,fromJson
FNF:2
FNH:2
FNDA:18,(anonymous_0)
FNDA:19,fromJson
DA:8,1
DA:13,18
DA:22,1
DA:26,19
LF:4
LH:4
BRF:0
BRH:0
end_of_record
TN:
SF:src/core/auth/BasicAuth.ts
FN:11,(anonymous_0)
FN:18,(anonymous_1)
FNF:2
FNH:0
FNDA:0,(anonymous_0)
FNDA:0,(anonymous_1)
DA:1,1
DA:8,1
DA:10,1
DA:12,0
DA:13,0
DA:15,0
DA:16,0
DA:19,0
DA:20,0
DA:21,0
DA:23,0
DA:24,0
DA:26,0
LF:13
LH:3
BRDA:12,0,0,0
BRDA:23,1,0,0
BRDA:23,2,0,0
BRDA:23,2,1,0
BRF:4
BRH:0
end_of_record
TN:
SF:src/core/auth/BearerToken.ts
FN:6,(anonymous_0)
FN:12,(anonymous_1)
FNF:2
FNH:0
FNDA:0,(anonymous_0)
FNDA:0,(anonymous_1)
DA:3,1
DA:5,1
DA:7,0
DA:8,0
DA:10,0
DA:13,0
LF:6
LH:2
BRDA:7,0,0,0
BRF:1
BRH:0
end_of_record
TN:
SF:src/core/auth/OAuthTokenProvider.ts
FN:20,(anonymous_16)
FN:35,(anonymous_17)
FN:42,(anonymous_19)
FN:53,(anonymous_21)
FNF:4
FNH:4
FNDA:1,(anonymous_16)
FNDA:23,(anonymous_17)
FNDA:1,(anonymous_19)
FNDA:1,(anonymous_21)
DA:5,1
DA:12,1
DA:13,1
DA:29,1
DA:30,1
DA:31,1
DA:32,1
DA:36,23
DA:37,22
DA:39,1
DA:43,1
DA:48,1
DA:49,1
DA:50,1
DA:54,1
DA:55,1
LF:16
LH:16
BRDA:36,0,0,22
BRDA:36,1,0,23
BRDA:36,1,1,22
BRF:3
BRH:3
end_of_record
TN:
SF:src/core/auth/index.ts
FN:1,(anonymous_0)
FN:2,(anonymous_1)
FN:3,(anonymous_2)
FNF:3
FNH:1
FNDA:0,(anonymous_0)
FNDA:0,(anonymous_1)
FNDA:1,(anonymous_2)
DA:1,1
DA:2,1
DA:3,2
LF:3
LH:3
BRF:0
BRH:0
end_of_record
TN:
SF:src/core/fetcher/BinaryResponse.ts
FN:22,getBinaryResponse
FN:24,(anonymous_1)
FN:27,(anonymous_2)
FNF:3
FNH:0
FNDA:0,getBinaryResponse
FNDA:0,(anonymous_1)
FNDA:0,(anonymous_2)
DA:22,1
DA:23,0
DA:25,0
DA:27,0
DA:31,0
DA:32,0
DA:35,0
LF:7
LH:1
BRDA:31,0,0,0
BRDA:31,1,0,0
BRDA:31,1,1,0
BRF:3
BRH:0
end_of_record
TN:
SF:src/core/fetcher/Fetcher.ts
FN:56,getHeaders
FN:80,fetcherImpl
FN:90,(anonymous_11)
FN:90,(anonymous_12)
FNF:4
FNH:4
FNDA:19,getHeaders
FNDA:19,fetcherImpl
FNDA:19,(anonymous_11)
FNDA:19,(anonymous_12)
DA:1,1
DA:3,1
DA:4,1
DA:5,1
DA:6,1
DA:7,1
DA:8,1
DA:9,1
DA:10,1
DA:11,1
DA:57,19
DA:58,19
DA:59,19
DA:62,19
DA:63,0
DA:66,19
DA:67,151
DA:68,151
DA:69,151
DA:70,151
DA:72,0
DA:73,0
DA:75,0
DA:77,19
DA:80,1
DA:81,19
DA:82,19
DA:86,19
DA:88,19
DA:89,19
DA:90,19
DA:91,19
DA:105,19
DA:106,19
DA:113,0
DA:124,0
DA:125,0
DA:133,0
DA:134,0
DA:141,0
DA:142,0
DA:152,0
DA:163,1
LF:43
LH:31
BRDA:58,0,0,19
BRDA:58,1,0,19
BRDA:58,1,1,19
BRDA:62,2,0,0
BRDA:68,3,0,151
BRDA:72,4,0,0
BRDA:84,5,0,18
BRDA:84,5,1,1
BRDA:105,6,0,19
BRDA:105,6,1,0
BRDA:105,7,0,19
BRDA:105,7,1,19
BRDA:124,8,0,0
BRDA:124,8,1,0
BRDA:124,9,0,0
BRDA:124,9,1,0
BRDA:133,10,0,0
BRDA:133,10,1,0
BRDA:133,11,0,0
BRDA:133,11,1,0
BRDA:141,12,0,0
BRF:21
BRH:9
end_of_record
TN:
SF:src/core/fetcher/Headers.ts
FN:9,(anonymous_0)
FN:14,(anonymous_1)
FN:35,(anonymous_2)
FN:41,(anonymous_3)
FN:46,(anonymous_4)
FN:52,(anonymous_5)
FN:57,(anonymous_6)
FN:62,(anonymous_7)
FN:64,(anonymous_8)
FN:67,(anonymous_9)
FN:71,(anonymous_10)
FN:77,(anonymous_11)
FN:81,(anonymous_12)
FN:87,(anonymous_13)
FNF:14
FNH:0
FNDA:0,(anonymous_0)
FNDA:0,(anonymous_1)
FNDA:0,(anonymous_2)
FNDA:0,(anonymous_3)
FNDA:0,(anonymous_4)
FNDA:0,(anonymous_5)
FNDA:0,(anonymous_6)
FNDA:0,(anonymous_7)
FNDA:0,(anonymous_8)
FNDA:0,(anonymous_9)
FNDA:0,(anonymous_10)
FNDA:0,(anonymous_11)
FNDA:0,(anonymous_12)
FNDA:0,(anonymous_13)
DA:3,1
DA:4,1
DA:6,0
DA:10,0
DA:12,0
DA:13,0
DA:14,0
DA:15,0
DA:16,0
DA:17,0
DA:18,0
DA:20,0
DA:24,0
DA:25,0
DA:26,0
DA:28,0
DA:36,0
DA:37,0
DA:38,0
DA:42,0
DA:43,0
DA:47,0
DA:48,0
DA:49,0
DA:53,0
DA:54,0
DA:58,0
DA:59,0
DA:63,0
DA:64,0
DA:68,0
DA:72,0
DA:73,0
DA:78,0
DA:82,0
DA:83,0
DA:88,0
LF:37
LH:2
BRDA:3,0,0,1
BRDA:3,0,1,0
BRDA:12,1,0,0
BRDA:13,2,0,0
BRDA:13,2,1,0
BRDA:15,3,0,0
BRDA:15,3,1,0
BRDA:17,4,0,0
BRDA:17,4,1,0
BRDA:17,5,0,0
BRDA:17,5,1,0
BRDA:25,6,0,0
BRDA:25,6,1,0
BRDA:37,7,0,0
BRDA:37,7,1,0
BRDA:49,8,0,0
BRDA:49,8,1,0
BRDA:63,9,0,0
BRDA:63,9,1,0
BRDA:68,10,0,0
BRDA:68,10,1,0
BRF:21
BRH:1
end_of_record
TN:
SF:src/core/fetcher/HttpResponsePromise.ts
FN:10,(anonymous_7)
FN:12,(anonymous_8)
FN:25,(anonymous_9)
FN:38,(anonymous_10)
FN:42,(anonymous_11)
FN:53,(anonymous_12)
FN:63,(anonymous_13)
FN:76,(anonymous_14)
FN:81,(anonymous_15)
FN:83,(anonymous_16)
FN:89,(anonymous_17)
FN:97,(anonymous_18)
FN:104,(anonymous_19)
FN:113,(anonymous_20)
FNF:14
FNH:6
FNDA:24,(anonymous_7)
FNDA:24,(anonymous_8)
FNDA:0,(anonymous_9)
FNDA:0,(anonymous_10)
FNDA:0,(anonymous_11)
FNDA:24,(anonymous_12)
FNDA:0,(anonymous_13)
FNDA:0,(anonymous_14)
FNDA:24,(anonymous_15)
FNDA:19,(anonymous_16)
FNDA:24,(anonymous_17)
FNDA:0,(anonymous_18)
FNDA:0,(anonymous_19)
FNDA:0,(anonymous_20)
DA:6,1
DA:12,24
DA:13,24
DA:15,24
DA:29,0
DA:42,0
DA:43,0
DA:54,24
DA:66,0
DA:67,0
DA:77,0
DA:78,0
DA:82,24
DA:83,24
DA:85,24
DA:93,24
DA:100,0
DA:105,0
DA:114,0
LF:19
LH:9
BRDA:82,0,0,24
BRF:1
BRH:1
end_of_record
TN:
SF:src/core/fetcher/RawResponse.ts
FN:44,toRawResponse
FNF:1
FNH:1
FNDA:19,toRawResponse
DA:1,1
DA:16,1
DA:28,1
DA:44,1
DA:45,19
LF:5
LH:5
BRF:0
BRH:0
end_of_record
TN:
SF:src/core/fetcher/ResponseWithBody.ts
FN:5,isResponseWithBody
FNF:1
FNH:1
FNDA:19,isResponseWithBody
DA:5,1
DA:6,19
LF:2
LH:2
BRF:0
BRH:0
end_of_record
TN:
SF:src/core/fetcher/Supplier.ts
FN:4,(anonymous_7)
FN:4,(anonymous_8)
FNF:2
FNH:2
FNDA:225,(anonymous_7)
FNDA:225,(anonymous_8)
DA:3,1
DA:4,225
DA:5,225
DA:6,23
DA:8,202
LF:5
LH:5
BRDA:5,0,0,23
BRDA:5,0,1,202
BRF:2
BRH:2
end_of_record
TN:
SF:src/core/fetcher/createRequestUrl.ts
FN:3,createRequestUrl
FNF:1
FNH:1
FNDA:19,createRequestUrl
DA:1,1
DA:3,1
DA:4,19
DA:5,19
LF:4
LH:4
BRDA:5,0,0,0
BRDA:5,0,1,19
BRF:2
BRH:1
end_of_record
TN:
SF:src/core/fetcher/getErrorResponseBody.ts
FN:4,getErrorResponseBody
FNF:1
FNH:0
FNDA:0,getErrorResponseBody
DA:1,1
DA:2,1
DA:4,1
DA:5,0
DA:6,0
DA:7,0
DA:10,0
DA:11,0
DA:13,0
DA:20,0
DA:21,0
DA:23,0
DA:24,0
DA:25,0
DA:30,0
LF:15
LH:3
BRDA:5,0,0,0
BRDA:5,0,1,0
BRDA:5,1,0,0
BRDA:5,1,1,0
BRDA:6,2,0,0
BRDA:6,3,0,0
BRDA:6,3,1,0
BRDA:10,4,0,0
BRDA:11,5,0,0
BRDA:11,5,1,0
BRDA:11,6,0,0
BRDA:11,6,1,0
BRDA:11,7,0,0
BRDA:11,7,1,0
BRDA:11,8,0,0
BRDA:11,8,1,0
BRDA:13,9,0,0
BRDA:13,9,1,0
BRDA:13,9,2,0
BRDA:13,9,3,0
BRDA:13,9,4,0
BRDA:13,9,5,0
BRDA:13,9,6,0
BRDA:21,10,0,0
BRDA:21,10,1,0
BRDA:23,11,0,0
BRDA:23,12,0,0
BRDA:23,12,1,0
BRDA:25,13,0,0
BRDA:25,13,1,0
BRF:30
BRH:0
end_of_record
TN:
SF:src/core/fetcher/getFetchFn.ts
FN:1,getFetchFn
FNF:1
FNH:1
FNDA:19,getFetchFn
DA:1,1
DA:2,19
LF:2
LH:2
BRF:0
BRH:0
end_of_record
TN:
SF:src/core/fetcher/getHeader.ts
FN:1,getHeader
FNF:1
FNH:0
FNDA:0,getHeader
DA:1,1
DA:2,0
DA:3,0
DA:4,0
DA:7,0
LF:5
LH:1
BRDA:3,0,0,0
BRF:1
BRH:0
end_of_record
TN:
SF:src/core/fetcher/getRequestBody.ts
FN:10,getRequestBody
FN:10,(anonymous_8)
FNF:2
FNH:2
FNDA:19,getRequestBody
FNDA:19,(anonymous_8)
DA:1,1
DA:10,19
DA:11,19
DA:12,18
DA:14,1
LF:5
LH:5
BRDA:11,0,0,18
BRDA:11,0,1,1
BRF:2
BRH:2
end_of_record
TN:
SF:src/core/fetcher/getResponseBody.ts
FN:5,getResponseBody
FNF:1
FNH:1
FNDA:19,getResponseBody
DA:1,1
DA:2,1
DA:3,1
DA:5,1
DA:6,19
DA:7,0
DA:9,19
DA:11,0
DA:13,0
DA:15,0
DA:17,0
DA:19,0
DA:22,0
DA:26,19
DA:27,19
DA:28,19
DA:29,19
DA:30,19
DA:32,0
DA:42,0
LF:20
LH:11
BRDA:6,0,0,0
BRDA:9,1,0,0
BRDA:9,1,1,0
BRDA:9,1,2,0
BRDA:9,1,3,0
BRDA:9,1,4,0
BRDA:9,1,5,0
BRDA:27,2,0,19
BRF:8
BRH:1
end_of_record
TN:
SF:src/core/fetcher/index.ts
FN:2,(anonymous_0)
FN:4,(anonymous_1)
FN:5,(anonymous_2)
FN:6,(anonymous_3)
FN:6,(anonymous_4)
FN:6,(anonymous_5)
FN:8,(anonymous_6)
FNF:7
FNH:3
FNDA:24,(anonymous_0)
FNDA:0,(anonymous_1)
FNDA:74,(anonymous_2)
FNDA:0,(anonymous_3)
FNDA:0,(anonymous_4)
FNDA:0,(anonymous_5)
FNDA:24,(anonymous_6)
DA:2,25
DA:4,1
DA:5,75
DA:6,1
DA:8,25
LF:5
LH:5
BRF:0
BRH:0
end_of_record
TN:
SF:src/core/fetcher/makeRequest.ts
FN:3,(anonymous_7)
FN:13,(anonymous_8)
FNF:2
FNH:2
FNDA:19,(anonymous_7)
FNDA:19,(anonymous_8)
DA:1,1
DA:3,1
DA:13,19
DA:14,19
DA:17,19
DA:18,19
DA:19,19
DA:20,19
DA:21,19
DA:25,19
DA:26,0
DA:28,19
DA:29,19
DA:39,19
DA:40,19
DA:43,19
LF:16
LH:15
BRDA:18,0,0,19
BRDA:25,1,0,0
BRDA:34,2,0,0
BRDA:34,2,1,19
BRDA:39,3,0,19
BRF:5
BRH:3
end_of_record
TN:
SF:src/core/fetcher/requestWithRetries.ts
FN:6,addJitter
FN:12,requestWithRetries
FN:13,(anonymous_9)
FN:26,(anonymous_10)
FNF:4
FNH:2
FNDA:0,addJitter
FNDA:19,requestWithRetries
FNDA:19,(anonymous_9)
FNDA:0,(anonymous_10)
DA:1,1
DA:2,1
DA:3,1
DA:4,1
DA:8,0
DA:9,0
DA:12,1
DA:13,19
DA:16,19
DA:18,19
DA:19,19
DA:21,0
DA:24,0
DA:26,0
DA:27,0
DA:29,19
DA:32,19
LF:17
LH:11
BRDA:14,0,0,19
BRDA:19,1,0,0
BRDA:19,1,1,19
BRDA:19,2,0,19
BRDA:19,2,1,19
BRF:5
BRH:4
end_of_record
TN:
SF:src/core/fetcher/signals.ts
FN:3,getTimeoutSignal
FN:5,(anonymous_1)
FN:15,anySignal
FN:32,(anonymous_3)
FNF:4
FNH:2
FNDA:19,getTimeoutSignal
FNDA:0,(anonymous_1)
FNDA:19,anySignal
FNDA:0,(anonymous_3)
DA:1,1
DA:3,1
DA:4,19
DA:5,19
DA:6,19
DA:15,1
DA:18,19
DA:20,19
DA:22,19
DA:23,19
DA:26,0
DA:27,0
DA:32,19
DA:37,19
LF:14
LH:12
BRDA:18,0,0,19
BRDA:18,0,1,0
BRDA:18,1,0,19
BRDA:18,1,1,19
BRDA:23,2,0,0
BRDA:26,3,0,0
BRDA:26,3,1,0
BRDA:26,4,0,0
BRDA:26,4,1,0
BRDA:32,5,0,0
BRDA:32,5,1,0
BRDA:32,6,0,0
BRDA:32,6,1,0
BRF:13
BRH:3
end_of_record
TN:
SF:src/core/pagination/Page.ts
FN:17,(anonymous_27)
FN:42,(anonymous_28)
FN:53,(anonymous_30)
FN:57,(anonymous_31)
FN:70,(anonymous_33)
FNF:5
FNH:0
FNDA:0,(anonymous_27)
FNDA:0,(anonymous_28)
FNDA:0,(anonymous_30)
FNDA:0,(anonymous_31)
FNDA:0,(anonymous_33)
DA:8,1
DA:30,0
DA:31,0
DA:32,0
DA:33,0
DA:34,0
DA:35,0
DA:43,0
DA:44,0
DA:45,0
DA:46,0
DA:47,0
DA:54,0
DA:58,0
DA:59,0
DA:62,0
DA:63,0
DA:64,0
DA:65,0
DA:71,0
DA:72,0
LF:21
LH:1
BRF:0
BRH:0
end_of_record
TN:
SF:src/core/pagination/Pageable.ts
FN:15,(anonymous_0)
FNF:1
FNH:0
FNDA:0,(anonymous_0)
DA:2,1
DA:14,1
DA:16,0
LF:3
LH:2
BRF:0
BRH:0
end_of_record
TN:
SF:src/core/pagination/index.ts
FN:1,(anonymous_0)
FN:2,(anonymous_1)
FNF:2
FNH:0
FNDA:0,(anonymous_0)
FNDA:0,(anonymous_1)
DA:1,1
DA:2,1
LF:2
LH:2
BRF:0
BRH:0
end_of_record
TN:
SF:src/core/runtime/index.ts
FN:1,(anonymous_0)
FNF:1
FNH:1
FNDA:2,(anonymous_0)
DA:1,3
LF:1
LH:1
BRF:0
BRH:0
end_of_record
TN:
SF:src/core/runtime/runtime.ts
FN:29,evaluateRuntime
FNF:1
FNH:1
FNDA:1,evaluateRuntime
DA:21,1
DA:33,1
DA:34,1
DA:35,0
DA:45,1
DA:46,1
DA:47,0
DA:56,1
DA:57,1
DA:58,0
DA:67,1
DA:72,1
DA:73,0
DA:83,1
DA:84,1
DA:85,0
DA:94,1
DA:95,1
DA:96,0
DA:106,1
DA:111,1
DA:112,1
DA:123,0
DA:124,0
DA:125,0
DA:130,0
LF:26
LH:16
BRDA:33,0,0,1
BRDA:33,0,1,0
BRDA:34,1,0,0
BRDA:45,2,0,1
BRDA:45,2,1,1
BRDA:45,3,0,0
BRDA:45,3,1,1
BRDA:45,4,0,1
BRDA:45,4,1,1
BRDA:45,5,0,0
BRDA:45,5,1,1
BRDA:45,6,0,1
BRDA:45,6,1,1
BRDA:46,7,0,0
BRDA:57,8,0,0
BRDA:67,9,0,1
BRDA:67,9,1,0
BRDA:67,9,2,0
BRDA:67,9,3,0
BRDA:67,9,4,0
BRDA:68,10,0,0
BRDA:68,10,1,0
BRDA:68,11,0,0
BRDA:68,11,1,0
BRDA:69,12,0,0
BRDA:69,12,1,0
BRDA:69,13,0,0
BRDA:69,13,1,0
BRDA:70,14,0,0
BRDA:70,14,1,0
BRDA:70,15,0,0
BRDA:70,15,1,0
BRDA:71,16,0,0
BRDA:71,16,1,0
BRDA:71,17,0,0
BRDA:71,17,1,0
BRDA:72,18,0,0
BRDA:83,19,0,1
BRDA:83,19,1,0
BRDA:83,19,2,0
BRDA:84,20,0,0
BRDA:94,21,0,1
BRDA:94,21,1,0
BRDA:95,22,0,0
BRDA:106,23,0,1
BRDA:106,23,1,1
BRDA:106,23,2,1
BRDA:106,23,3,1
BRDA:106,23,4,1
BRDA:110,24,0,0
BRDA:110,24,1,1
BRDA:110,25,0,1
BRDA:110,25,1,1
BRDA:111,26,0,1
BRDA:123,27,0,0
BRDA:123,27,1,0
BRDA:123,28,0,0
BRDA:123,28,1,0
BRDA:123,29,0,0
BRDA:123,29,1,0
BRDA:124,30,0,0
BRF:61
BRH:21
end_of_record
TN:
SF:src/core/schemas/Schema.ts
FNF:0
FNH:0
DA:14,1
LF:1
LH:1
BRF:0
BRH:0
end_of_record
TN:
SF:src/core/schemas/index.ts
FNF:0
FNH:0
DA:1,1
LF:1
LH:1
BRF:0
BRH:0
end_of_record
TN:
SF:src/core/schemas/builders/index.ts
FNF:0
FNH:0
DA:1,1
DA:2,1
DA:3,1
DA:4,1
DA:5,1
DA:6,1
DA:7,1
DA:8,1
DA:9,1
DA:10,1
DA:11,1
DA:12,1
DA:13,1
DA:14,1
LF:14
LH:14
BRF:0
BRH:0
end_of_record
TN:
SF:src/core/schemas/builders/bigint/bigint.ts
FN:6,bigint
FN:8,(anonymous_1)
FN:31,(anonymous_2)
FN:48,(anonymous_3)
FNF:4
FNH:0
FNDA:0,bigint
FNDA:0,(anonymous_1)
FNDA:0,(anonymous_2)
FNDA:0,(anonymous_3)
DA:1,1
DA:2,1
DA:3,1
DA:4,1
DA:6,1
DA:7,0
DA:9,0
DA:10,0
DA:15,0
DA:16,0
DA:21,0
DA:32,0
DA:33,0
DA:43,0
DA:48,0
DA:51,0
LF:16
LH:5
BRDA:8,0,0,0
BRDA:8,1,0,0
BRDA:9,2,0,0
BRDA:15,3,0,0
BRDA:31,4,0,0
BRDA:31,5,0,0
BRDA:32,6,0,0
BRF:7
BRH:0
end_of_record
TN:
SF:src/core/schemas/builders/bigint/index.ts
FN:1,(anonymous_0)
FNF:1
FNH:0
FNDA:0,(anonymous_0)
DA:1,1
LF:1
LH:1
BRF:0
BRH:0
end_of_record
TN:
SF:src/core/schemas/builders/date/date.ts
FN:10,date
FN:12,(anonymous_1)
FN:40,(anonymous_2)
FN:58,(anonymous_3)
FNF:4
FNH:3
FNDA:24,date
FNDA:0,(anonymous_1)
FNDA:3,(anonymous_2)
FNDA:1,(anonymous_3)
DA:1,1
DA:2,1
DA:3,1
DA:4,1
DA:8,1
DA:10,1
DA:11,24
DA:13,0
DA:14,0
DA:24,0
DA:25,0
DA:35,0
DA:41,3
DA:42,3
DA:47,0
DA:58,1
DA:61,24
LF:17
LH:11
BRDA:12,0,0,0
BRDA:12,1,0,0
BRDA:13,2,0,0
BRDA:24,3,0,0
BRDA:40,4,0,0
BRDA:40,5,0,0
BRDA:41,6,0,3
BRDA:41,6,1,0
BRF:8
BRH:1
end_of_record
TN:
SF:src/core/schemas/builders/date/index.ts
FN:1,(anonymous_0)
FNF:1
FNH:1
FNDA:24,(anonymous_0)
DA:1,25
LF:1
LH:1
BRF:0
BRH:0
end_of_record
TN:
SF:src/core/schemas/builders/enum/enum.ts
FN:5,enum_
FN:10,(anonymous_1)
FNF:2
FNH:2
FNDA:13,enum_
FNDA:47,(anonymous_1)
DA:1,1
DA:2,1
DA:3,1
DA:5,1
DA:6,13
DA:8,13
DA:11,47
DA:12,0
DA:23,47
DA:24,0
DA:35,47
DA:42,13
LF:12
LH:10
BRDA:10,0,0,0
BRDA:10,1,0,0
BRDA:11,2,0,0
BRDA:23,3,0,0
BRDA:23,4,0,47
BRDA:23,4,1,0
BRF:6
BRH:1
end_of_record
TN:
SF:src/core/schemas/builders/enum/index.ts
FN:1,(anonymous_0)
FNF:1
FNH:1
FNDA:13,(anonymous_0)
DA:1,14
LF:1
LH:1
BRF:0
BRH:0
end_of_record
TN:
SF:src/core/schemas/builders/lazy/index.ts
FN:1,(anonymous_0)
FN:3,(anonymous_1)
FNF:2
FNH:0
FNDA:0,(anonymous_0)
FNDA:0,(anonymous_1)
DA:1,1
DA:3,1
LF:2
LH:2
BRF:0
BRH:0
end_of_record
TN:
SF:src/core/schemas/builders/lazy/lazy.ts
FN:6,lazy
FN:14,constructLazyBaseSchema
FN:18,(anonymous_2)
FN:19,(anonymous_3)
FN:20,(anonymous_4)
FN:26,getMemoizedSchema
FNF:6
FNH:0
FNDA:0,lazy
FNDA:0,constructLazyBaseSchema
FNDA:0,(anonymous_2)
FNDA:0,(anonymous_3)
FNDA:0,(anonymous_4)
FNDA:0,getMemoizedSchema
DA:2,1
DA:6,1
DA:7,0
DA:8,0
DA:14,1
DA:17,0
DA:18,0
DA:19,0
DA:20,0
DA:26,1
DA:27,0
DA:28,0
DA:29,0
DA:31,0
LF:14
LH:4
BRDA:28,0,0,0
BRF:1
BRH:0
end_of_record
TN:
SF:src/core/schemas/builders/lazy/lazyObject.ts
FN:7,lazyObject
FN:10,(anonymous_1)
FN:11,(anonymous_2)
FNF:3
FNH:0
FNDA:0,lazyObject
FNDA:0,(anonymous_1)
FNDA:0,(anonymous_2)
DA:1,1
DA:2,1
DA:4,1
DA:5,1
DA:7,1
DA:8,0
DA:10,0
DA:11,0
DA:14,0
LF:9
LH:5
BRF:0
BRH:0
end_of_record
TN:
SF:src/core/schemas/builders/list/index.ts
FN:1,(anonymous_0)
FNF:1
FNH:1
FNDA:37,(anonymous_0)
DA:1,38
LF:1
LH:1
BRF:0
BRH:0
end_of_record
TN:
SF:src/core/schemas/builders/list/list.ts
FN:6,list
FN:8,(anonymous_1)
FN:9,(anonymous_2)
FN:15,(anonymous_3)
FN:16,(anonymous_4)
FN:22,(anonymous_5)
FN:31,validateAndTransformArray
FN:47,(anonymous_7)
FN:50,(anonymous_8)
FNF:9
FNH:1
FNDA:37,list
FNDA:0,(anonymous_1)
FNDA:0,(anonymous_2)
FNDA:0,(anonymous_3)
FNDA:0,(anonymous_4)
FNDA:0,(anonymous_5)
FNDA:0,validateAndTransformArray
FNDA:0,(anonymous_7)
FNDA:0,(anonymous_8)
DA:1,1
DA:2,1
DA:3,1
DA:4,1
DA:6,1
DA:7,37
DA:9,0
DA:10,0
DA:16,0
DA:17,0
DA:22,0
DA:25,37
DA:35,0
DA:36,0
DA:47,0
DA:49,0
DA:51,0
DA:52,0
DA:58,0
DA:59,0
DA:60,0
DA:62,0
DA:63,0
DA:66,0
LF:24
LH:7
BRDA:12,0,0,0
BRDA:12,0,1,0
BRDA:12,1,0,0
BRDA:12,1,1,0
BRDA:12,2,0,0
BRDA:12,2,1,0
BRDA:12,3,0,0
BRDA:12,3,1,0
BRDA:19,4,0,0
BRDA:19,4,1,0
BRDA:19,5,0,0
BRDA:19,5,1,0
BRDA:19,6,0,0
BRDA:19,6,1,0
BRDA:19,7,0,0
BRDA:19,7,1,0
BRDA:35,8,0,0
BRDA:51,9,0,0
BRDA:51,10,0,0
BRDA:51,10,1,0
BRDA:59,11,0,0
BRDA:62,12,0,0
BRF:22
BRH:0
end_of_record
TN:
SF:src/core/schemas/builders/literals/booleanLiteral.ts
FN:5,booleanLiteral
FN:8,(anonymous_1)
FNF:2
FNH:0
FNDA:0,booleanLiteral
FNDA:0,(anonymous_1)
DA:1,1
DA:2,1
DA:3,1
DA:5,1
DA:6,0
DA:9,0
DA:10,0
DA:15,0
DA:28,0
LF:9
LH:4
BRDA:8,0,0,0
BRDA:8,1,0,0
BRDA:9,2,0,0
BRDA:9,2,1,0
BRF:4
BRH:0
end_of_record
TN:
SF:src/core/schemas/builders/literals/index.ts
FN:1,(anonymous_0)
FN:2,(anonymous_1)
FNF:2
FNH:1
FNDA:15,(anonymous_0)
FNDA:0,(anonymous_1)
DA:1,16
DA:2,1
LF:2
LH:2
BRF:0
BRH:0
end_of_record
TN:
SF:src/core/schemas/builders/literals/stringLiteral.ts
FN:5,stringLiteral
FN:8,(anonymous_1)
FNF:2
FNH:1
FNDA:15,stringLiteral
FNDA:0,(anonymous_1)
DA:1,1
DA:2,1
DA:3,1
DA:5,1
DA:6,15
DA:9,0
DA:10,0
DA:15,0
DA:28,15
LF:9
LH:6
BRDA:8,0,0,0
BRDA:8,1,0,0
BRDA:9,2,0,0
BRDA:9,2,1,0
BRF:4
BRH:0
end_of_record
TN:
SF:src/core/schemas/builders/object/index.ts
FN:1,(anonymous_0)
FN:1,(anonymous_1)
FN:2,(anonymous_2)
FN:7,(anonymous_3)
FN:7,(anonymous_4)
FNF:5
FNH:2
FNDA:0,(anonymous_0)
FNDA:89,(anonymous_1)
FNDA:0,(anonymous_2)
FNDA:0,(anonymous_3)
FNDA:16,(anonymous_4)
DA:1,90
DA:2,1
DA:7,17
LF:3
LH:3
BRF:0
BRH:0
end_of_record
TN:
SF:src/core/schemas/builders/object/object.ts
FN:28,object
FN:35,(anonymous_1)
FN:36,(anonymous_2)
FN:39,(anonymous_3)
FN:41,(anonymous_4)
FN:67,(anonymous_5)
FN:74,(anonymous_6)
FN:88,(anonymous_7)
FN:104,(anonymous_8)
FN:117,(anonymous_9)
FN:126,(anonymous_10)
FN:141,(anonymous_11)
FN:152,validateAndTransformObject
FN:218,(anonymous_13)
FN:219,(anonymous_14)
FN:238,getObjectUtils
FN:240,(anonymous_16)
FN:242,(anonymous_17)
FN:243,(anonymous_18)
FN:244,(anonymous_19)
FN:248,(anonymous_20)
FN:249,(anonymous_21)
FN:252,(anonymous_22)
FN:256,(anonymous_23)
FN:257,(anonymous_24)
FN:260,(anonymous_25)
FN:270,(anonymous_26)
FN:273,(anonymous_27)
FN:274,(anonymous_28)
FN:275,(anonymous_29)
FN:288,(anonymous_30)
FN:301,(anonymous_31)
FN:314,validateAndTransformExtendedObject
FN:326,(anonymous_33)
FN:352,isSchemaRequired
FN:356,isSchemaOptional
FNF:36
FNH:15
FNDA:89,object
FNDA:0,(anonymous_1)
FNDA:0,(anonymous_2)
FNDA:0,(anonymous_3)
FNDA:19,(anonymous_4)
FNDA:43,(anonymous_5)
FNDA:40,(anonymous_6)
FNDA:54,(anonymous_7)
FNDA:114,(anonymous_8)
FNDA:2,(anonymous_9)
FNDA:112,(anonymous_10)
FNDA:23,(anonymous_11)
FNDA:73,validateAndTransformObject
FNDA:138,(anonymous_13)
FNDA:5,(anonymous_14)
FNDA:89,getObjectUtils
FNDA:0,(anonymous_16)
FNDA:0,(anonymous_17)
FNDA:0,(anonymous_18)
FNDA:0,(anonymous_19)
FNDA:0,(anonymous_20)
FNDA:0,(anonymous_21)
FNDA:0,(anonymous_22)
FNDA:0,(anonymous_23)
FNDA:0,(anonymous_24)
FNDA:0,(anonymous_25)
FNDA:0,(anonymous_26)
FNDA:0,(anonymous_27)
FNDA:0,(anonymous_28)
FNDA:0,(anonymous_29)
FNDA:0,(anonymous_30)
FNDA:0,(anonymous_31)
FNDA:0,validateAndTransformExtendedObject
FNDA:0,(anonymous_33)
FNDA:259,isSchemaRequired
FNDA:259,isSchemaOptional
DA:1,1
DA:2,1
DA:3,1
DA:4,1
DA:5,1
DA:6,1
DA:7,1
DA:8,1
DA:9,1
DA:10,1
DA:11,1
DA:28,1
DA:34,89
DA:36,0
DA:37,0
DA:39,0
DA:42,19
DA:43,19
DA:45,19
DA:46,41
DA:47,41
DA:51,41
DA:57,41
DA:59,41
DA:60,39
DA:64,19
DA:68,43
DA:69,43
DA:70,3
DA:72,40
DA:75,40
DA:89,54
DA:91,54
DA:92,218
DA:96,218
DA:97,99
DA:101,54
DA:107,114
DA:110,114
DA:111,0
DA:114,114
DA:115,2
DA:118,2
DA:124,112
DA:127,112
DA:141,23
DA:144,89
DA:170,73
DA:171,0
DA:182,73
DA:183,73
DA:184,73
DA:186,73
DA:187,157
DA:189,157
DA:190,154
DA:192,154
DA:193,154
DA:194,150
DA:196,4
DA:197,4
DA:200,3
DA:202,0
DA:206,0
DA:208,0
DA:210,3
DA:211,3
DA:216,73
DA:218,138
DA:219,5
DA:225,73
DA:226,64
DA:231,9
DA:238,1
DA:239,89
DA:241,0
DA:242,0
DA:243,0
DA:245,0
DA:248,0
DA:249,0
DA:253,0
DA:256,0
DA:257,0
DA:260,0
DA:263,0
DA:272,0
DA:273,0
DA:274,0
DA:276,0
DA:277,0
DA:278,0
DA:280,0
DA:289,0
DA:290,0
DA:291,0
DA:293,0
DA:301,0
DA:304,0
DA:325,0
DA:326,0
DA:327,0
DA:330,0
DA:331,0
DA:333,0
DA:334,0
DA:342,0
DA:353,259
DA:357,259
DA:362,121
DA:364,138
LF:111
LH:71
BRDA:37,0,0,0
BRDA:37,0,1,0
BRDA:46,1,0,5
BRDA:46,1,1,36
BRDA:47,2,0,5
BRDA:47,2,1,36
BRDA:59,3,0,39
BRDA:69,4,0,3
BRDA:77,5,0,40
BRDA:77,5,1,0
BRDA:77,6,0,40
BRDA:77,6,1,40
BRDA:77,7,0,0
BRDA:77,7,1,40
BRDA:77,8,0,40
BRDA:77,8,1,40
BRDA:81,9,0,0
BRDA:81,9,1,19
BRDA:81,10,0,19
BRDA:81,10,1,19
BRDA:82,11,0,0
BRDA:82,11,1,19
BRDA:82,12,0,19
BRDA:82,12,1,19
BRDA:83,13,0,0
BRDA:83,13,1,19
BRDA:83,14,0,19
BRDA:83,14,1,19
BRDA:84,15,0,0
BRDA:84,15,1,19
BRDA:84,16,0,19
BRDA:84,16,1,19
BRDA:92,17,0,2
BRDA:92,17,1,216
BRDA:96,18,0,99
BRDA:110,19,0,0
BRDA:114,20,0,2
BRDA:114,20,1,112
BRDA:120,21,0,0
BRDA:120,21,1,2
BRDA:120,22,0,2
BRDA:120,22,1,2
BRDA:120,23,0,0
BRDA:120,23,1,2
BRDA:120,24,0,2
BRDA:120,24,1,2
BRDA:129,25,0,82
BRDA:129,25,1,30
BRDA:129,26,0,112
BRDA:129,26,1,112
BRDA:129,27,0,0
BRDA:129,27,1,112
BRDA:129,28,0,112
BRDA:129,28,1,112
BRDA:134,29,0,0
BRDA:134,29,1,54
BRDA:134,30,0,54
BRDA:134,30,1,54
BRDA:135,31,0,0
BRDA:135,31,1,54
BRDA:135,32,0,54
BRDA:135,32,1,54
BRDA:136,33,0,0
BRDA:136,33,1,54
BRDA:136,34,0,54
BRDA:136,34,1,54
BRDA:137,35,0,0
BRDA:137,35,1,54
BRDA:137,36,0,54
BRDA:137,36,1,54
BRDA:156,37,0,0
BRDA:157,38,0,54
BRDA:158,39,0,24
BRDA:170,40,0,0
BRDA:189,41,0,154
BRDA:189,41,1,3
BRDA:193,42,0,150
BRDA:193,42,1,4
BRDA:200,43,0,0
BRDA:200,43,1,0
BRDA:200,43,2,3
BRDA:225,44,0,64
BRDA:225,44,1,9
BRDA:225,45,0,73
BRDA:225,45,1,9
BRDA:277,46,0,0
BRDA:290,47,0,0
BRDA:333,48,0,0
BRDA:333,48,1,0
BRDA:333,49,0,0
BRDA:333,49,1,0
BRDA:345,50,0,0
BRDA:345,50,1,0
BRDA:346,51,0,0
BRDA:346,51,1,0
BRDA:357,52,0,0
BRDA:357,52,1,0
BRDA:357,52,2,77
BRDA:357,52,3,121
BRDA:357,52,4,138
BRF:100
BRH:68
end_of_record
TN:
SF:src/core/schemas/builders/object/objectWithoutOptionalProperties.ts
FN:9,objectWithoutOptionalProperties
FNF:1
FNH:0
FNDA:0,objectWithoutOptionalProperties
DA:1,1
DA:9,1
DA:12,0
LF:3
LH:2
BRF:0
BRH:0
end_of_record
TN:
SF:src/core/schemas/builders/object/property.ts
FN:3,property
FN:20,isProperty
FNF:2
FNH:2
FNDA:16,property
FNDA:414,isProperty
DA:3,1
DA:7,16
DA:20,1
DA:22,414
LF:4
LH:4
BRF:0
BRH:0
end_of_record
TN:
SF:src/core/schemas/builders/object-like/getObjectLikeUtils.ts
FN:8,getObjectLikeUtils
FN:10,(anonymous_1)
FN:18,withParsedProperties
FN:23,(anonymous_3)
FN:30,(anonymous_4)
FN:48,(anonymous_5)
FN:65,(anonymous_6)
FN:71,(anonymous_7)
FNF:8
FNH:1
FNDA:89,getObjectLikeUtils
FNDA:0,(anonymous_1)
FNDA:0,withParsedProperties
FNDA:0,(anonymous_3)
FNDA:0,(anonymous_4)
FNDA:0,(anonymous_5)
FNDA:0,(anonymous_6)
FNDA:0,(anonymous_7)
DA:2,1
DA:3,1
DA:4,1
DA:5,1
DA:8,1
DA:9,89
DA:10,0
DA:18,1
DA:22,0
DA:24,0
DA:25,0
DA:26,0
DA:29,0
DA:31,0
DA:39,0
DA:49,0
DA:50,0
DA:62,0
DA:63,0
DA:65,0
DA:68,0
DA:71,0
DA:74,0
LF:23
LH:7
BRDA:25,0,0,0
BRDA:33,1,0,0
BRDA:33,1,1,0
BRDA:49,2,0,0
BRDA:54,3,0,0
BRDA:54,3,1,0
BRDA:54,4,0,0
BRDA:54,4,1,0
BRDA:54,5,0,0
BRDA:54,5,1,0
BRDA:54,6,0,0
BRDA:54,6,1,0
BRF:12
BRH:0
end_of_record
TN:
SF:src/core/schemas/builders/object-like/index.ts
FN:1,(anonymous_0)
FN:1,(anonymous_1)
FNF:2
FNH:1
FNDA:89,(anonymous_0)
FNDA:0,(anonymous_1)
DA:1,90
LF:1
LH:1
BRF:0
BRH:0
end_of_record
TN:
SF:src/core/schemas/builders/primitives/any.ts
FN:4,(anonymous_0)
FNF:1
FNH:0
FNDA:0,(anonymous_0)
DA:1,1
DA:2,1
DA:4,1
LF:3
LH:3
BRF:0
BRH:0
end_of_record
TN:
SF:src/core/schemas/builders/primitives/boolean.ts
FN:7,(anonymous_0)
FNF:1
FNH:0
FNDA:0,(anonymous_0)
DA:1,1
DA:2,1
DA:3,1
DA:5,1
DA:8,0
DA:9,0
DA:14,0
LF:7
LH:4
BRDA:7,0,0,0
BRDA:7,1,0,0
BRDA:8,2,0,0
BRDA:8,2,1,0
BRF:4
BRH:0
end_of_record
TN:
SF:src/core/schemas/builders/primitives/index.ts
FN:1,(anonymous_0)
FN:2,(anonymous_1)
FN:3,(anonymous_2)
FN:4,(anonymous_3)
FN:5,(anonymous_4)
FNF:5
FNH:3
FNDA:0,(anonymous_0)
FNDA:18,(anonymous_1)
FNDA:27,(anonymous_2)
FNDA:115,(anonymous_3)
FNDA:0,(anonymous_4)
DA:1,1
DA:2,19
DA:3,28
DA:4,116
DA:5,1
LF:5
LH:5
BRF:0
BRH:0
end_of_record
TN:
SF:src/core/schemas/builders/primitives/number.ts
FN:7,(anonymous_0)
FNF:1
FNH:1
FNDA:2,(anonymous_0)
DA:1,1
DA:2,1
DA:3,1
DA:5,1
DA:8,2
DA:9,2
DA:14,0
LF:7
LH:6
BRDA:7,0,0,0
BRDA:7,1,0,0
BRDA:8,2,0,2
BRDA:8,2,1,0
BRF:4
BRH:1
end_of_record
TN:
SF:src/core/schemas/builders/primitives/string.ts
FN:7,(anonymous_0)
FNF:1
FNH:1
FNDA:72,(anonymous_0)
DA:1,1
DA:2,1
DA:3,1
DA:5,1
DA:8,72
DA:9,72
DA:14,0
LF:7
LH:6
BRDA:7,0,0,0
BRDA:7,1,0,0
BRDA:8,2,0,72
BRDA:8,2,1,0
BRF:4
BRH:1
end_of_record
TN:
SF:src/core/schemas/builders/primitives/unknown.ts
FN:4,(anonymous_0)
FNF:1
FNH:0
FNDA:0,(anonymous_0)
DA:1,1
DA:2,1
DA:4,1
LF:3
LH:3
BRF:0
BRH:0
end_of_record
TN:
SF:src/core/schemas/builders/record/index.ts
FN:1,(anonymous_0)
FNF:1
FNH:1
FNDA:1,(anonymous_0)
DA:1,2
LF:1
LH:1
BRF:0
BRH:0
end_of_record
TN:
SF:src/core/schemas/builders/record/record.ts
FN:9,record
FN:14,(anonymous_1)
FN:18,(anonymous_2)
FN:23,(anonymous_3)
FN:31,(anonymous_4)
FN:35,(anonymous_5)
FN:40,(anonymous_6)
FN:48,(anonymous_7)
FN:57,validateAndTransformRecord
FN:83,(anonymous_9)
FNF:10
FNH:1
FNDA:1,record
FNDA:0,(anonymous_1)
FNDA:0,(anonymous_2)
FNDA:0,(anonymous_3)
FNDA:0,(anonymous_4)
FNDA:0,(anonymous_5)
FNDA:0,(anonymous_6)
FNDA:0,(anonymous_7)
FNDA:0,validateAndTransformRecord
FNDA:0,(anonymous_9)
DA:1,1
DA:2,1
DA:3,1
DA:4,1
DA:5,1
DA:6,1
DA:9,1
DA:13,1
DA:15,0
DA:19,0
DA:24,0
DA:32,0
DA:36,0
DA:41,0
DA:48,0
DA:51,1
DA:70,0
DA:71,0
DA:82,0
DA:84,0
DA:85,0
DA:88,0
DA:90,0
DA:91,0
DA:92,0
DA:93,0
DA:94,0
DA:97,0
DA:99,0
DA:101,0
DA:102,0
DA:111,0
DA:112,0
DA:113,0
DA:115,0
DA:116,0
DA:118,0
DA:119,0
DA:122,0
LF:39
LH:9
BRDA:21,0,0,0
BRDA:21,0,1,0
BRDA:21,1,0,0
BRDA:21,1,1,0
BRDA:21,2,0,0
BRDA:21,2,1,0
BRDA:21,3,0,0
BRDA:21,3,1,0
BRDA:26,4,0,0
BRDA:26,4,1,0
BRDA:26,5,0,0
BRDA:26,5,1,0
BRDA:26,6,0,0
BRDA:26,6,1,0
BRDA:26,7,0,0
BRDA:26,7,1,0
BRDA:28,8,0,0
BRDA:28,8,1,0
BRDA:28,9,0,0
BRDA:28,9,1,0
BRDA:38,10,0,0
BRDA:38,10,1,0
BRDA:38,11,0,0
BRDA:38,11,1,0
BRDA:38,12,0,0
BRDA:38,12,1,0
BRDA:38,13,0,0
BRDA:38,13,1,0
BRDA:43,14,0,0
BRDA:43,14,1,0
BRDA:43,15,0,0
BRDA:43,15,1,0
BRDA:43,16,0,0
BRDA:43,16,1,0
BRDA:43,17,0,0
BRDA:43,17,1,0
BRDA:45,18,0,0
BRDA:45,18,1,0
BRDA:45,19,0,0
BRDA:45,19,1,0
BRDA:62,20,0,0
BRDA:70,21,0,0
BRDA:84,22,0,0
BRDA:91,23,0,0
BRDA:92,24,0,0
BRDA:92,24,1,0
BRDA:93,25,0,0
BRDA:101,26,0,0
BRDA:101,27,0,0
BRDA:101,27,1,0
BRDA:101,27,2,0
BRDA:112,28,0,0
BRDA:115,29,0,0
BRDA:118,30,0,0
BRF:54
BRH:0
end_of_record
TN:
SF:src/core/schemas/builders/schema-utils/JsonError.ts
FN:5,(anonymous_0)
FNF:1
FNH:1
FNDA:5,(anonymous_0)
DA:2,1
DA:4,1
DA:5,5
DA:6,5
DA:7,5
LF:5
LH:5
BRF:0
BRH:0
end_of_record
TN:
SF:src/core/schemas/builders/schema-utils/ParseError.ts
FN:5,(anonymous_0)
FNF:1
FNH:0
FNDA:0,(anonymous_0)
DA:2,1
DA:4,1
DA:5,0
DA:6,0
DA:7,0
LF:5
LH:2
BRF:0
BRH:0
end_of_record
TN:
SF:src/core/schemas/builders/schema-utils/getSchemaUtils.ts
FN:19,getSchemaUtils
FN:21,(anonymous_1)
FN:22,(anonymous_2)
FN:23,(anonymous_3)
FN:24,(anonymous_4)
FN:25,(anonymous_5)
FN:32,(anonymous_6)
FN:46,nullable
FN:48,(anonymous_8)
FN:57,(anonymous_9)
FN:66,(anonymous_10)
FN:75,optional
FN:79,(anonymous_12)
FN:88,(anonymous_13)
FN:103,(anonymous_14)
FN:112,optionalNullable
FN:116,(anonymous_16)
FN:131,(anonymous_17)
FN:146,(anonymous_18)
FN:155,transform
FN:160,(anonymous_20)
FN:170,(anonymous_21)
FN:174,(anonymous_22)
FNF:23
FNH:12
FNDA:446,getSchemaUtils
FNDA:0,(anonymous_1)
FNDA:86,(anonymous_2)
FNDA:17,(anonymous_3)
FNDA:0,(anonymous_4)
FNDA:19,(anonymous_5)
FNDA:24,(anonymous_6)
FNDA:0,nullable
FNDA:0,(anonymous_8)
FNDA:0,(anonymous_9)
FNDA:0,(anonymous_10)
FNDA:86,optional
FNDA:1,(anonymous_12)
FNDA:14,(anonymous_13)
FNDA:77,(anonymous_14)
FNDA:17,optionalNullable
FNDA:0,(anonymous_16)
FNDA:6,(anonymous_17)
FNDA:44,(anonymous_18)
FNDA:0,transform
FNDA:0,(anonymous_20)
FNDA:0,(anonymous_21)
FNDA:0,(anonymous_22)
DA:1,1
DA:2,1
DA:3,1
DA:19,1
DA:20,446
DA:21,0
DA:22,86
DA:23,17
DA:24,0
DA:26,19
DA:27,19
DA:28,19
DA:30,0
DA:33,24
DA:34,24
DA:35,19
DA:37,5
DA:46,1
DA:47,0
DA:49,0
DA:50,0
DA:55,0
DA:58,0
DA:59,0
DA:64,0
DA:66,0
DA:69,0
DA:75,1
DA:78,86
DA:80,1
DA:81,0
DA:86,1
DA:89,14
DA:90,0
DA:95,14
DA:96,0
DA:101,14
DA:103,77
DA:106,86
DA:112,1
DA:115,17
DA:117,0
DA:118,0
DA:123,0
DA:124,0
DA:129,0
DA:132,6
DA:133,0
DA:138,6
DA:139,0
DA:144,6
DA:146,44
DA:149,17
DA:155,1
DA:159,0
DA:161,0
DA:162,0
DA:163,0
DA:165,0
DA:171,0
DA:172,0
DA:174,0
DA:177,0
LF:63
LH:32
BRDA:27,0,0,19
BRDA:34,1,0,19
BRDA:49,2,0,0
BRDA:58,3,0,0
BRDA:80,4,0,0
BRDA:89,5,0,0
BRDA:89,6,0,14
BRDA:89,6,1,14
BRDA:89,7,0,0
BRDA:89,7,1,14
BRDA:89,8,0,14
BRDA:89,8,1,14
BRDA:95,9,0,0
BRDA:117,10,0,0
BRDA:123,11,0,0
BRDA:132,12,0,0
BRDA:138,13,0,0
BRDA:162,14,0,0
BRF:18
BRH:7
end_of_record
TN:
SF:src/core/schemas/builders/schema-utils/index.ts
FN:1,(anonymous_0)
FN:1,(anonymous_1)
FN:1,(anonymous_2)
FN:3,(anonymous_3)
FN:4,(anonymous_4)
FNF:5
FNH:1
FNDA:343,(anonymous_0)
FNDA:0,(anonymous_1)
FNDA:0,(anonymous_2)
FNDA:0,(anonymous_3)
FNDA:0,(anonymous_4)
DA:1,344
DA:3,1
DA:4,1
LF:3
LH:3
BRF:0
BRH:0
end_of_record
TN:
SF:src/core/schemas/builders/schema-utils/stringifyValidationErrors.ts
FN:3,stringifyValidationError
FNF:1
FNH:1
FNDA:5,stringifyValidationError
DA:3,1
DA:4,5
DA:5,1
DA:7,4
LF:4
LH:4
BRDA:4,0,0,1
BRF:1
BRH:1
end_of_record
TN:
SF:src/core/schemas/builders/set/index.ts
FN:1,(anonymous_0)
FNF:1
FNH:0
FNDA:0,(anonymous_0)
DA:1,1
LF:1
LH:1
BRF:0
BRH:0
end_of_record
TN:
SF:src/core/schemas/builders/set/set.ts
FN:7,set
FN:10,(anonymous_1)
FN:21,(anonymous_2)
FN:36,(anonymous_3)
FNF:4
FNH:0
FNDA:0,set
FNDA:0,(anonymous_1)
FNDA:0,(anonymous_2)
FNDA:0,(anonymous_3)
DA:1,1
DA:2,1
DA:3,1
DA:4,1
DA:5,1
DA:7,1
DA:8,0
DA:9,0
DA:11,0
DA:12,0
DA:13,0
DA:18,0
DA:22,0
DA:23,0
DA:33,0
DA:34,0
DA:36,0
DA:39,0
LF:18
LH:6
BRDA:12,0,0,0
BRDA:12,0,1,0
BRDA:22,1,0,0
BRDA:27,2,0,0
BRDA:27,2,1,0
BRDA:27,3,0,0
BRDA:27,3,1,0
BRDA:27,4,0,0
BRDA:27,4,1,0
BRDA:27,5,0,0
BRDA:27,5,1,0
BRF:11
BRH:0
end_of_record
TN:
SF:src/core/schemas/builders/undiscriminated-union/index.ts
FN:6,(anonymous_0)
FNF:1
FNH:1
FNDA:4,(anonymous_0)
DA:6,5
LF:1
LH:1
BRF:0
BRH:0
end_of_record
TN:
SF:src/core/schemas/builders/undiscriminated-union/undiscriminatedUnion.ts
FN:6,undiscriminatedUnion
FN:13,(anonymous_1)
FN:15,(anonymous_2)
FN:20,(anonymous_3)
FN:22,(anonymous_4)
FN:27,(anonymous_5)
FN:36,validateAndTransformUndiscriminatedUnion
FNF:7
FNH:1
FNDA:4,undiscriminatedUnion
FNDA:0,(anonymous_1)
FNDA:0,(anonymous_2)
FNDA:0,(anonymous_3)
FNDA:0,(anonymous_4)
FNDA:0,(anonymous_5)
FNDA:0,validateAndTransformUndiscriminatedUnion
DA:1,1
DA:2,1
DA:3,1
DA:6,1
DA:12,4
DA:14,0
DA:15,0
DA:21,0
DA:22,0
DA:27,0
DA:30,4
DA:41,0
DA:42,0
DA:43,0
DA:44,0
DA:45,0
DA:47,0
DA:48,0
DA:56,0
LF:19
LH:6
BRDA:44,0,0,0
BRDA:44,0,1,0
BRF:2
BRH:0
end_of_record
TN:
SF:src/core/schemas/builders/union/discriminant.ts
FN:1,discriminant
FNF:1
FNH:0
FNDA:0,discriminant
DA:1,1
DA:5,0
LF:2
LH:1
BRF:0
BRH:0
end_of_record
TN:
SF:src/core/schemas/builders/union/index.ts
FN:1,(anonymous_0)
FN:10,(anonymous_1)
FNF:2
FNH:0
FNDA:0,(anonymous_0)
FNDA:0,(anonymous_1)
DA:1,1
DA:10,1
LF:2
LH:2
BRF:0
BRH:0
end_of_record
TN:
SF:src/core/schemas/builders/union/union.ts
FN:19,union
FN:33,(anonymous_2)
FN:38,(anonymous_3)
FN:43,(anonymous_4)
FN:45,(anonymous_5)
FN:50,(anonymous_6)
FN:55,(anonymous_7)
FN:60,(anonymous_8)
FN:62,(anonymous_9)
FN:67,(anonymous_10)
FN:77,transformAndValidateUnion
FNF:11
FNH:0
FNDA:0,union
FNDA:0,(anonymous_2)
FNDA:0,(anonymous_3)
FNDA:0,(anonymous_4)
FNDA:0,(anonymous_5)
FNDA:0,(anonymous_6)
FNDA:0,(anonymous_7)
FNDA:0,(anonymous_8)
FNDA:0,(anonymous_9)
FNDA:0,(anonymous_10)
FNDA:0,transformAndValidateUnion
DA:1,1
DA:2,1
DA:3,1
DA:4,1
DA:5,1
DA:6,1
DA:8,1
DA:9,1
DA:19,1
DA:24,0
DA:26,0
DA:30,0
DA:32,0
DA:34,0
DA:39,0
DA:43,0
DA:46,0
DA:51,0
DA:56,0
DA:60,0
DA:63,0
DA:67,0
DA:70,0
DA:103,0
DA:104,0
DA:115,0
DA:117,0
DA:118,0
DA:129,0
DA:130,0
DA:131,0
DA:137,0
DA:139,0
DA:140,0
DA:141,0
DA:149,0
DA:161,0
DA:165,0
DA:166,0
DA:169,0
LF:40
LH:9
BRDA:24,0,0,0
BRDA:24,0,1,0
BRDA:26,1,0,0
BRDA:26,1,1,0
BRDA:40,2,0,0
BRDA:40,2,1,0
BRDA:40,3,0,0
BRDA:40,3,1,0
BRDA:41,4,0,0
BRDA:41,4,1,0
BRDA:41,5,0,0
BRDA:41,5,1,0
BRDA:41,6,0,0
BRDA:41,6,1,0
BRDA:41,7,0,0
BRDA:41,7,1,0
BRDA:44,8,0,0
BRDA:44,8,1,0
BRDA:44,9,0,0
BRDA:44,9,1,0
BRDA:47,10,0,0
BRDA:47,10,1,0
BRDA:47,11,0,0
BRDA:47,11,1,0
BRDA:57,12,0,0
BRDA:57,12,1,0
BRDA:57,13,0,0
BRDA:57,13,1,0
BRDA:58,14,0,0
BRDA:58,14,1,0
BRDA:58,15,0,0
BRDA:58,15,1,0
BRDA:58,16,0,0
BRDA:58,16,1,0
BRDA:58,17,0,0
BRDA:58,17,1,0
BRDA:61,18,0,0
BRDA:61,18,1,0
BRDA:61,19,0,0
BRDA:61,19,1,0
BRDA:64,20,0,0
BRDA:64,20,1,0
BRDA:64,21,0,0
BRDA:64,21,1,0
BRDA:87,22,0,0
BRDA:89,23,0,0
BRDA:103,24,0,0
BRDA:115,25,0,0
BRDA:115,25,1,0
BRDA:117,26,0,0
BRDA:130,27,0,0
BRDA:139,28,0,0
BRDA:140,29,0,0
BRDA:140,29,1,0
BRDA:165,30,0,0
BRF:55
BRH:0
end_of_record
TN:
SF:src/core/schemas/utils/createIdentitySchemaCreator.ts
FN:5,createIdentitySchemaCreator
FN:9,(anonymous_1)
FN:13,(anonymous_2)
FNF:3
FNH:3
FNDA:33,createIdentitySchemaCreator
FNDA:188,(anonymous_1)
FNDA:114,(anonymous_2)
DA:2,1
DA:3,1
DA:5,1
DA:9,33
DA:10,188
DA:13,114
DA:16,188
LF:7
LH:7
BRF:0
BRH:0
end_of_record
TN:
SF:src/core/schemas/utils/entries.ts
FN:1,entries
FNF:1
FNH:1
FNDA:73,entries
DA:1,1
DA:2,73
LF:2
LH:2
BRF:0
BRH:0
end_of_record
TN:
SF:src/core/schemas/utils/filterObject.ts
FN:1,filterObject
FN:4,(anonymous_1)
FNF:2
FNH:0
FNDA:0,filterObject
FNDA:0,(anonymous_1)
DA:1,1
DA:2,0
DA:3,0
DA:5,0
DA:6,0
DA:8,0
LF:6
LH:1
BRDA:5,0,0,0
BRF:1
BRH:0
end_of_record
TN:
SF:src/core/schemas/utils/getErrorMessageForIncorrectType.ts
FN:1,getErrorMessageForIncorrectType
FN:5,getTypeAsString
FNF:2
FNH:0
FNDA:0,getErrorMessageForIncorrectType
FNDA:0,getTypeAsString
DA:1,1
DA:2,0
DA:6,0
DA:7,0
DA:9,0
DA:10,0
DA:12,0
DA:13,0
DA:15,0
DA:17,0
DA:22,0
DA:24,0
LF:12
LH:1
BRDA:6,0,0,0
BRDA:9,1,0,0
BRDA:12,2,0,0
BRDA:15,3,0,0
BRDA:15,3,1,0
BRDA:15,3,2,0
BRDA:15,3,3,0
BRDA:15,3,4,0
BRF:8
BRH:0
end_of_record
TN:
SF:src/core/schemas/utils/isPlainObject.ts
FN:2,isPlainObject
FNF:1
FNH:1
FNDA:73,isPlainObject
DA:2,1
DA:3,73
DA:4,0
DA:7,73
DA:8,0
DA:11,73
DA:12,73
DA:13,73
DA:16,73
LF:9
LH:7
BRDA:3,0,0,0
BRDA:3,1,0,73
BRDA:3,1,1,73
BRDA:7,2,0,0
BRF:4
BRH:2
end_of_record
TN:
SF:src/core/schemas/utils/keys.ts
FN:1,keys
FNF:1
FNH:0
FNDA:0,keys
DA:1,1
DA:2,0
LF:2
LH:1
BRF:0
BRH:0
end_of_record
TN:
SF:src/core/schemas/utils/maybeSkipValidation.ts
FN:3,maybeSkipValidation
FN:11,transformAndMaybeSkipValidation
FN:14,(anonymous_2)
FN:23,(anonymous_3)
FNF:4
FNH:3
FNDA:343,maybeSkipValidation
FNDA:686,transformAndMaybeSkipValidation
FNDA:133,(anonymous_2)
FNDA:0,(anonymous_3)
DA:3,1
DA:4,343
DA:14,686
DA:15,133
DA:16,133
DA:17,133
DA:19,0
DA:24,0
DA:30,0
DA:35,133
LF:10
LH:7
BRDA:16,0,0,94
BRDA:16,1,0,133
BRDA:16,1,1,0
BRDA:16,2,0,133
BRDA:16,2,1,133
BRDA:17,3,0,0
BRDA:17,3,1,133
BRDA:17,4,0,133
BRDA:17,4,1,3
BRDA:25,5,0,0
BRDA:25,5,1,0
BRF:11
BRH:7
end_of_record
TN:
SF:src/core/schemas/utils/partition.ts
FN:1,partition
FNF:1
FNH:0
FNDA:0,partition
DA:1,1
DA:2,0
DA:3,0
DA:4,0
DA:5,0
DA:6,0
DA:8,0
DA:11,0
LF:8
LH:1
BRDA:5,0,0,0
BRDA:5,0,1,0
BRF:2
BRH:0
end_of_record
TN:
SF:src/core/url/index.ts
FN:1,(anonymous_0)
FN:2,(anonymous_1)
FNF:2
FNH:1
FNDA:24,(anonymous_0)
FNDA:0,(anonymous_1)
DA:1,25
DA:2,1
LF:2
LH:2
BRF:0
BRH:0
end_of_record
TN:
SF:src/core/url/join.ts
FN:1,join
FN:39,joinPath
FN:63,joinPathSegments
FN:70,trimSlashes
FNF:4
FNH:3
FNDA:24,join
FNDA:0,joinPath
FNDA:25,joinPathSegments
FNDA:25,trimSlashes
DA:1,1
DA:2,24
DA:3,0
DA:6,24
DA:7,0
DA:10,24
DA:12,24
DA:13,24
DA:16,0
DA:19,24
DA:20,24
DA:22,24
DA:23,25
DA:24,25
DA:25,25
DA:29,24
DA:30,23
DA:33,24
DA:36,0
DA:40,0
DA:41,0
DA:44,0
DA:46,0
DA:47,0
DA:49,0
DA:50,0
DA:51,0
DA:52,0
DA:56,0
DA:57,0
DA:60,0
DA:64,25
DA:65,0
DA:67,25
DA:71,25
DA:73,25
DA:74,25
DA:76,25
DA:77,25
DA:79,25
LF:40
LH:23
BRDA:2,0,0,0
BRDA:6,1,0,0
BRDA:10,2,0,24
BRDA:20,3,0,24
BRDA:20,3,1,24
BRDA:24,4,0,25
BRDA:29,5,0,23
BRDA:29,6,0,24
BRDA:29,6,1,23
BRDA:40,7,0,0
BRDA:47,8,0,0
BRDA:47,8,1,0
BRDA:51,9,0,0
BRDA:56,10,0,0
BRDA:56,11,0,0
BRDA:56,11,1,0
BRDA:64,12,0,0
BRDA:71,13,0,0
BRDA:76,14,0,0
BRDA:77,15,0,23
BRDA:79,16,0,2
BRDA:79,16,1,23
BRDA:79,17,0,25
BRDA:79,17,1,25
BRF:24
BRH:12
end_of_record
TN:
SF:src/core/url/qs.ts
FN:11,encodeValue
FN:22,stringifyObject
FN:64,toQueryString
FNF:3
FNH:1
FNDA:0,encodeValue
FNDA:0,stringifyObject
FNDA:19,toQueryString
DA:6,1
DA:12,0
DA:13,0
DA:15,0
DA:16,0
DA:18,0
DA:19,0
DA:23,0
DA:25,0
DA:26,0
DA:28,0
DA:29,0
DA:32,0
DA:33,0
DA:34,0
DA:36,0
DA:37,0
DA:38,0
DA:39,0
DA:41,0
DA:42,0
DA:43,0
DA:45,0
DA:46,0
DA:47,0
DA:50,0
DA:51,0
DA:52,0
DA:54,0
DA:56,0
DA:57,0
DA:61,0
DA:64,1
DA:65,19
DA:66,19
DA:69,0
DA:73,0
LF:37
LH:4
BRDA:12,0,0,0
BRDA:15,1,0,0
BRDA:19,2,0,0
BRDA:19,2,1,0
BRDA:22,3,0,0
BRDA:26,4,0,0
BRDA:26,4,1,0
BRDA:28,5,0,0
BRDA:32,6,0,0
BRDA:32,6,1,0
BRDA:33,7,0,0
BRDA:38,8,0,0
BRDA:41,9,0,0
BRDA:41,9,1,0
BRDA:41,10,0,0
BRDA:41,10,1,0
BRDA:41,10,2,0
BRDA:42,11,0,0
BRDA:42,11,1,0
BRDA:45,12,0,0
BRDA:45,12,1,0
BRDA:46,13,0,0
BRDA:46,13,1,0
BRDA:50,14,0,0
BRDA:50,14,1,0
BRDA:50,15,0,0
BRDA:50,15,1,0
BRDA:51,16,0,0
BRDA:56,17,0,0
BRDA:56,17,1,0
BRDA:65,18,0,19
BRDA:65,19,0,19
BRDA:65,19,1,0
BRF:33
BRH:2
end_of_record
TN:
SF:src/core/utils/index.ts
FN:1,(anonymous_0)
FNF:1
FNH:0
FNDA:0,(anonymous_0)
DA:1,1
LF:1
LH:1
BRF:0
BRH:0
end_of_record
TN:
SF:src/core/utils/setObjectProperty.ts
FN:11,setObjectProperty
FNF:1
FNH:0
FNDA:0,setObjectProperty
DA:11,1
DA:12,0
DA:13,0
DA:16,0
DA:17,0
DA:19,0
DA:22,0
DA:23,0
DA:24,0
DA:25,0
DA:27,0
DA:29,0
DA:30,0
DA:32,0
DA:35,0
DA:36,0
DA:38,0
DA:41,0
DA:42,0
LF:19
LH:1
BRDA:12,0,0,0
BRDA:17,1,0,0
BRDA:25,2,0,0
BRDA:29,3,0,0
BRDA:29,4,0,0
BRDA:29,4,1,0
BRDA:36,5,0,0
BRF:7
BRH:0
end_of_record
TN:
SF:src/core/websocket/events.ts
FN:4,(anonymous_0)
FN:13,(anonymous_1)
FN:24,(anonymous_2)
FNF:3
FNH:0
FNDA:0,(anonymous_0)
FNDA:0,(anonymous_1)
FNDA:0,(anonymous_2)
DA:1,1
DA:5,0
DA:6,0
DA:10,1
DA:14,0
DA:15,0
DA:16,0
DA:20,1
DA:23,0
DA:25,0
DA:26,0
DA:27,0
LF:12
LH:3
BRDA:24,0,0,0
BRDA:24,1,0,0
BRF:2
BRH:0
end_of_record
TN:
SF:src/core/websocket/index.ts
FNF:0
FNH:0
DA:1,1
LF:1
LH:1
BRF:0
BRH:0
end_of_record
TN:
SF:src/core/websocket/ws.ts
FN:7,(anonymous_9)
FN:20,(anonymous_10)
FN:95,(anonymous_11)
FN:451,(anonymous_12)
FN:456,(anonymous_13)
FN:461,(anonymous_14)
FN:467,(anonymous_15)
FN:470,(anonymous_16)
FN:476,(anonymous_17)
FN:479,(anonymous_18)
FN:487,(anonymous_19)
FN:492,(anonymous_20)
FN:507,(anonymous_21)
FN:107,(anonymous_22)
FN:110,(anonymous_23)
FN:113,(anonymous_24)
FN:116,(anonymous_25)
FN:120,(anonymous_26)
FN:123,(anonymous_27)
FN:126,(anonymous_28)
FN:129,(anonymous_29)
FN:133,(anonymous_30)
FN:137,(anonymous_31)
FN:147,(anonymous_32)
FN:157,(anonymous_33)
FN:158,(anonymous_34)
FN:175,(anonymous_35)
FN:184,(anonymous_36)
FN:191,(anonymous_37)
FN:201,(anonymous_38)
FN:230,(anonymous_39)
FN:249,(anonymous_40)
FN:264,(anonymous_41)
FN:280,(anonymous_42)
FN:290,(anonymous_43)
FN:303,(anonymous_44)
FN:311,(anonymous_45)
FN:316,(anonymous_46)
FN:325,(anonymous_47)
FN:342,(anonymous_48)
FN:343,(anonymous_49)
FN:348,(anonymous_50)
FN:365,(anonymous_51)
FN:390,(anonymous_52)
FN:391,(anonymous_53)
FN:410,(anonymous_54)
FN:414,(anonymous_55)
FN:419,(anonymous_56)
FN:433,(anonymous_57)
FN:438,(anonymous_58)
FN:510,(anonymous_59)
FN:522,(anonymous_60)
FN:534,(anonymous_61)
FNF:53
FNH:0
FNDA:0,(anonymous_9)
FNDA:0,(anonymous_10)
FNDA:0,(anonymous_11)
FNDA:0,(anonymous_12)
FNDA:0,(anonymous_13)
FNDA:0,(anonymous_14)
FNDA:0,(anonymous_15)
FNDA:0,(anonymous_16)
FNDA:0,(anonymous_17)
FNDA:0,(anonymous_18)
FNDA:0,(anonymous_19)
FNDA:0,(anonymous_20)
FNDA:0,(anonymous_21)
FNDA:0,(anonymous_22)
FNDA:0,(anonymous_23)
FNDA:0,(anonymous_24)
FNDA:0,(anonymous_25)
FNDA:0,(anonymous_26)
FNDA:0,(anonymous_27)
FNDA:0,(anonymous_28)
FNDA:0,(anonymous_29)
FNDA:0,(anonymous_30)
FNDA:0,(anonymous_31)
FNDA:0,(anonymous_32)
FNDA:0,(anonymous_33)
FNDA:0,(anonymous_34)
FNDA:0,(anonymous_35)
FNDA:0,(anonymous_36)
FNDA:0,(anonymous_37)
FNDA:0,(anonymous_38)
FNDA:0,(anonymous_39)
FNDA:0,(anonymous_40)
FNDA:0,(anonymous_41)
FNDA:0,(anonymous_42)
FNDA:0,(anonymous_43)
FNDA:0,(anonymous_44)
FNDA:0,(anonymous_45)
FNDA:0,(anonymous_46)
FNDA:0,(anonymous_47)
FNDA:0,(anonymous_48)
FNDA:0,(anonymous_49)
FNDA:0,(anonymous_50)
FNDA:0,(anonymous_51)
FNDA:0,(anonymous_52)
FNDA:0,(anonymous_53)
FNDA:0,(anonymous_54)
FNDA:0,(anonymous_55)
FNDA:0,(anonymous_56)
FNDA:0,(anonymous_57)
FNDA:0,(anonymous_58)
FNDA:0,(anonymous_59)
FNDA:0,(anonymous_60)
FNDA:0,(anonymous_61)
DA:1,1
DA:3,1
DA:4,1
DA:5,1
DA:7,1
DA:8,0
DA:10,0
DA:11,0
DA:12,0
DA:14,0
DA:20,1
DA:60,1
DA:72,1
DA:74,0
DA:80,0
DA:83,0
DA:84,0
DA:85,0
DA:86,0
DA:87,0
DA:96,0
DA:97,0
DA:98,0
DA:99,0
DA:100,0
DA:101,0
DA:102,0
DA:104,0
DA:108,0
DA:111,0
DA:114,0
DA:117,0
DA:121,0
DA:124,0
DA:127,0
DA:130,0
DA:134,0
DA:138,0
DA:139,0
DA:140,0
DA:148,0
DA:158,0
DA:159,0
DA:160,0
DA:161,0
DA:162,0
DA:164,0
DA:166,0
DA:168,0
DA:176,0
DA:185,0
DA:192,0
DA:193,0
DA:195,0
DA:202,0
DA:208,0
DA:213,0
DA:218,0
DA:224,0
DA:231,0
DA:232,0
DA:233,0
DA:234,0
DA:235,0
DA:236,0
DA:238,0
DA:239,0
DA:240,0
DA:242,0
DA:250,0
DA:251,0
DA:252,0
DA:253,0
DA:254,0
DA:256,0
DA:257,0
DA:265,0
DA:266,0
DA:267,0
DA:269,0
DA:270,0
DA:271,0
DA:272,0
DA:284,0
DA:286,0
DA:291,0
DA:292,0
DA:293,0
DA:294,0
DA:297,0
DA:307,0
DA:309,0
DA:311,0
DA:317,0
DA:321,0
DA:330,0
DA:331,0
DA:332,0
DA:333,0
DA:334,0
DA:335,0
DA:338,0
DA:339,0
DA:343,0
DA:344,0
DA:349,0
DA:350,0
DA:352,0
DA:353,0
DA:354,0
DA:355,0
DA:358,0
DA:359,0
DA:362,0
DA:366,0
DA:367,0
DA:369,0
DA:375,0
DA:377,0
DA:378,0
DA:379,0
DA:382,0
DA:384,0
DA:385,0
DA:386,0
DA:387,0
DA:389,0
DA:390,0
DA:392,0
DA:393,0
DA:395,0
DA:396,0
DA:397,0
DA:399,0
DA:400,0
DA:401,0
DA:402,0
DA:405,0
DA:406,0
DA:407,0
DA:408,0
DA:410,0
DA:415,0
DA:416,0
DA:420,0
DA:421,0
DA:422,0
DA:424,0
DA:425,0
DA:426,0
DA:427,0
DA:434,0
DA:435,0
DA:442,0
DA:444,0
DA:447,0
DA:451,0
DA:452,0
DA:453,0
DA:455,0
DA:456,0
DA:458,0
DA:461,0
DA:462,0
DA:464,0
DA:465,0
DA:467,0
DA:470,0
DA:471,0
DA:473,0
DA:474,0
DA:476,0
DA:479,0
DA:480,0
DA:481,0
DA:483,0
DA:484,0
DA:486,0
DA:487,0
DA:489,0
DA:492,0
DA:493,0
DA:494,0
DA:496,0
DA:497,0
DA:500,0
DA:501,0
DA:504,0
DA:505,0
DA:507,0
DA:511,0
DA:512,0
DA:514,0
DA:515,0
DA:516,0
DA:517,0
DA:519,0
DA:523,0
DA:524,0
DA:526,0
DA:527,0
DA:528,0
DA:529,0
DA:531,0
DA:535,0
[...]
DA:4,1
DA:5,1
DA:7,1
DA:9,0
DA:10,0
DA:13,0
DA:14,0
DA:21,0
DA:22,0
DA:25,0
DA:26,0
DA:34,0
DA:35,0
LF:13
LH:3
BRDA:9,0,0,0
BRDA:21,1,0,0
BRDA:25,2,0,0
BRDA:34,3,0,0
BRDA:34,4,0,0
BRDA:34,4,1,0
BRF:6
BRH:0
end_of_record
TN:
SF:src/custom/RefreshBearerProvider.ts
FN:26,(anonymous_16)
FN:42,(anonymous_17)
FN:50,(anonymous_19)
FN:66,(anonymous_21)
FNF:4
FNH:0
FNDA:0,(anonymous_16)
FNDA:0,(anonymous_17)
FNDA:0,(anonymous_19)
FNDA:0,(anonymous_21)
DA:5,1
DA:15,1
DA:16,0
DA:33,0
DA:34,0
DA:36,0
DA:37,0
DA:39,0
DA:43,0
DA:44,0
DA:47,0
DA:51,0
DA:52,0
DA:55,0
DA:57,0
DA:58,0
DA:60,0
DA:61,0
DA:63,0
DA:67,0
DA:69,0
LF:21
LH:2
BRDA:43,0,0,0
BRDA:43,1,0,0
BRDA:43,1,1,0
BRDA:51,2,0,0
BRDA:51,3,0,0
BRDA:51,3,1,0
BRDA:51,3,2,0
BRDA:66,4,0,0
BRDA:66,5,0,0
BRF:9
BRH:0
end_of_record
TN:
SF:src/errors/CortiError.ts
FN:13,(anonymous_0)
FN:32,buildMessage
FNF:2
FNH:0
FNDA:0,(anonymous_0)
FNDA:0,buildMessage
DA:6,1
DA:8,1
DA:24,0
DA:25,0
DA:26,0
DA:27,0
DA:28,0
DA:41,0
DA:42,0
DA:43,0
DA:46,0
DA:47,0
DA:50,0
DA:51,0
DA:54,0
LF:15
LH:2
BRDA:42,0,0,0
BRDA:46,1,0,0
BRDA:50,2,0,0
BRF:3
BRH:0
end_of_record
TN:
SF:src/errors/CortiTimeoutError.ts
FN:6,(anonymous_0)
FNF:1
FNH:0
FNDA:0,(anonymous_0)
DA:5,1
DA:7,0
DA:8,0
LF:3
LH:1
BRF:0
BRH:0
end_of_record
TN:
SF:src/errors/index.ts
FN:1,(anonymous_0)
FN:2,(anonymous_1)
FNF:2
FNH:1
FNDA:6,(anonymous_0)
FNDA:0,(anonymous_1)
DA:1,7
DA:2,1
LF:2
LH:2
BRF:0
BRH:0
end_of_record
TN:
SF:src/serialization/index.ts
FNF:0
FNH:0
DA:1,1
DA:2,1
LF:2
LH:2
BRF:0
BRH:0
end_of_record
TN:
SF:src/serialization/resources/index.ts
FNF:0
FNH:0
DA:1,1
DA:2,1
DA:3,1
DA:4,1
DA:5,1
DA:6,1
DA:7,1
DA:8,1
DA:9,1
DA:10,1
DA:11,1
DA:12,1
DA:13,1
DA:14,1
DA:15,1
DA:16,1
DA:17,1
LF:17
LH:17
BRF:0
BRH:0
end_of_record
TN:
SF:src/serialization/resources/auth/index.ts
FNF:0
FNH:0
DA:1,1
DA:2,1
LF:2
LH:2
BRF:0
BRH:0
end_of_record
TN:
SF:src/serialization/resources/auth/client/index.ts
FNF:0
FNH:0
DA:1,1
LF:1
LH:1
BRF:0
BRH:0
end_of_record
TN:
SF:src/serialization/resources/auth/client/requests/AuthGetTokenRequest.ts
FNF:0
FNH:0
DA:7,1
DA:9,1
LF:2
LH:2
BRF:0
BRH:0
end_of_record
TN:
SF:src/serialization/resources/auth/client/requests/index.ts
FN:1,(anonymous_0)
FNF:1
FNH:1
FNDA:1,(anonymous_0)
DA:1,2
LF:1
LH:1
BRF:0
BRH:0
end_of_record
TN:
SF:src/serialization/resources/auth/types/GetTokenResponse.ts
FNF:0
FNH:0
DA:7,1
DA:9,1
LF:2
LH:2
BRF:0
BRH:0
end_of_record
TN:
SF:src/serialization/resources/auth/types/index.ts
FNF:0
FNH:0
DA:1,1
LF:1
LH:1
BRF:0
BRH:0
end_of_record
TN:
SF:src/serialization/resources/documents/index.ts
FNF:0
FNH:0
DA:1,1
LF:1
LH:1
BRF:0
BRH:0
end_of_record
TN:
SF:src/serialization/resources/documents/client/index.ts
FNF:0
FNH:0
DA:1,1
LF:1
LH:1
BRF:0
BRH:0
end_of_record
TN:
SF:src/serialization/resources/documents/client/requests/DocumentsUpdateRequest.ts
FNF:0
FNH:0
DA:7,1
DA:8,1
DA:10,1
LF:3
LH:3
BRF:0
BRH:0
end_of_record
TN:
SF:src/serialization/resources/documents/client/requests/index.ts
FN:1,(anonymous_0)
FNF:1
FNH:0
FNDA:0,(anonymous_0)
DA:1,1
LF:1
LH:1
BRF:0
BRH:0
end_of_record
TN:
SF:src/serialization/resources/facts/index.ts
FNF:0
FNH:0
DA:1,1
LF:1
LH:1
BRF:0
BRH:0
end_of_record
TN:
SF:src/serialization/resources/facts/client/index.ts
FNF:0
FNH:0
DA:1,1
LF:1
LH:1
BRF:0
BRH:0
end_of_record
TN:
SF:src/serialization/resources/facts/client/requests/FactsBatchUpdateRequest.ts
FNF:0
FNH:0
DA:7,1
DA:8,1
DA:10,1
LF:3
LH:3
BRF:0
BRH:0
end_of_record
TN:
SF:src/serialization/resources/facts/client/requests/FactsCreateRequest.ts
FNF:0
FNH:0
DA:7,1
DA:8,1
DA:10,1
LF:3
LH:3
BRF:0
BRH:0
end_of_record
TN:
SF:src/serialization/resources/facts/client/requests/FactsUpdateRequest.ts
FNF:0
FNH:0
DA:7,1
DA:8,1
DA:10,1
LF:3
LH:3
BRF:0
BRH:0
end_of_record
TN:
SF:src/serialization/resources/facts/client/requests/index.ts
FN:1,(anonymous_0)
FN:2,(anonymous_1)
FN:3,(anonymous_2)
FNF:3
FNH:0
FNDA:0,(anonymous_0)
FNDA:0,(anonymous_1)
FNDA:0,(anonymous_2)
DA:1,1
DA:2,1
DA:3,1
LF:3
LH:3
BRF:0
BRH:0
end_of_record
TN:
SF:src/serialization/resources/interactions/index.ts
FNF:0
FNH:0
DA:1,1
DA:2,1
LF:2
LH:2
BRF:0
BRH:0
end_of_record
TN:
SF:src/serialization/resources/interactions/client/index.ts
FNF:0
FNH:0
DA:1,1
LF:1
LH:1
BRF:0
BRH:0
end_of_record
TN:
SF:src/serialization/resources/interactions/client/requests/InteractionsCreateRequest.ts
FNF:0
FNH:0
DA:7,1
DA:8,1
DA:9,1
DA:10,1
DA:12,1
LF:5
LH:5
BRF:0
BRH:0
end_of_record
TN:
SF:src/serialization/resources/interactions/client/requests/InteractionsUpdateRequest.ts
FNF:0
FNH:0
DA:7,1
DA:8,1
DA:9,1
DA:10,1
DA:12,1
LF:5
LH:5
BRF:0
BRH:0
end_of_record
TN:
SF:src/serialization/resources/interactions/client/requests/index.ts
FN:1,(anonymous_0)
FN:2,(anonymous_1)
FNF:2
FNH:1
FNDA:23,(anonymous_0)
FNDA:0,(anonymous_1)
DA:1,24
DA:2,1
LF:2
LH:2
BRF:0
BRH:0
end_of_record
TN:
SF:src/serialization/resources/interactions/types/InteractionsListRequestSort.ts
FNF:0
FNH:0
DA:7,1
DA:9,1
LF:2
LH:2
BRF:0
BRH:0
end_of_record
TN:
SF:src/serialization/resources/interactions/types/index.ts
FNF:0
FNH:0
DA:1,1
LF:1
LH:1
BRF:0
BRH:0
end_of_record
TN:
SF:src/serialization/resources/stream/index.ts
FNF:0
FNH:0
DA:1,1
LF:1
LH:1
BRF:0
BRH:0
end_of_record
TN:
SF:src/serialization/resources/stream/client/index.ts
FNF:0
FNH:0
DA:1,1
LF:1
LH:1
BRF:0
BRH:0
end_of_record
TN:
SF:src/serialization/resources/stream/client/socket/StreamSocketResponse.ts
FNF:0
FNH:0
DA:7,1
DA:8,1
DA:9,1
DA:10,1
DA:11,1
DA:12,1
DA:13,1
DA:15,1
LF:8
LH:8
BRF:0
BRH:0
end_of_record
TN:
SF:src/serialization/resources/stream/client/socket/index.ts
FN:1,(anonymous_0)
FNF:1
FNH:0
FNDA:0,(anonymous_0)
DA:1,1
LF:1
LH:1
BRF:0
BRH:0
end_of_record
TN:
SF:src/serialization/resources/transcribe/index.ts
FNF:0
FNH:0
DA:1,1
LF:1
LH:1
BRF:0
BRH:0
end_of_record
TN:
SF:src/serialization/resources/transcribe/client/index.ts
FNF:0
FNH:0
DA:1,1
LF:1
LH:1
BRF:0
BRH:0
end_of_record
TN:
SF:src/serialization/resources/transcribe/client/socket/TranscribeSocketResponse.ts
FNF:0
FNH:0
DA:7,1
DA:8,1
DA:9,1
DA:10,1
DA:11,1
DA:12,1
DA:13,1
DA:15,1
LF:8
LH:8
BRF:0
BRH:0
end_of_record
TN:
SF:src/serialization/resources/transcribe/client/socket/index.ts
FN:1,(anonymous_0)
FNF:1
FNH:0
FNDA:0,(anonymous_0)
DA:1,1
LF:1
LH:1
BRF:0
BRH:0
end_of_record
TN:
SF:src/serialization/resources/transcripts/index.ts
FNF:0
FNH:0
DA:1,1
DA:2,1
LF:2
LH:2
BRF:0
BRH:0
end_of_record
TN:
SF:src/serialization/resources/transcripts/client/index.ts
FNF:0
FNH:0
DA:1,1
LF:1
LH:1
BRF:0
BRH:0
end_of_record
TN:
SF:src/serialization/resources/transcripts/client/requests/TranscriptsCreateRequest.ts
FNF:0
FNH:0
DA:7,1
DA:8,1
DA:9,1
DA:10,1
DA:12,1
LF:5
LH:5
BRF:0
BRH:0
end_of_record
TN:
SF:src/serialization/resources/transcripts/client/requests/index.ts
FN:1,(anonymous_0)
FNF:1
FNH:0
FNDA:0,(anonymous_0)
DA:1,1
LF:1
LH:1
BRF:0
BRH:0
end_of_record
TN:
SF:src/serialization/resources/transcripts/types/TranscriptsCreateRequestModelName.ts
FNF:0
FNH:0
DA:7,1
DA:9,1
LF:2
LH:2
BRF:0
BRH:0
end_of_record
TN:
SF:src/serialization/resources/transcripts/types/index.ts
FNF:0
FNH:0
DA:1,1
LF:1
LH:1
BRF:0
BRH:0
end_of_record
TN:
SF:src/serialization/types/CommonSortingDirectionEnum.ts
FNF:0
FNH:0
DA:7,1
DA:9,1
LF:2
LH:2
BRF:0
BRH:0
end_of_record
TN:
SF:src/serialization/types/CommonSourceEnum.ts
FNF:0
FNH:0
DA:7,1
DA:9,1
LF:2
LH:2
BRF:0
BRH:0
end_of_record
TN:
SF:src/serialization/types/CommonTranscript.ts
FNF:0
FNH:0
DA:7,1
DA:9,1
LF:2
LH:2
BRF:0
BRH:0
end_of_record
TN:
SF:src/serialization/types/CommonUsageInfo.ts
FNF:0
FNH:0
DA:7,1
DA:9,1
LF:2
LH:2
BRF:0
BRH:0
end_of_record
TN:
SF:src/serialization/types/DocumentsContext.ts
FNF:0
FNH:0
DA:7,1
DA:8,1
DA:9,1
DA:11,1
LF:4
LH:4
BRF:0
BRH:0
end_of_record
TN:
SF:src/serialization/types/DocumentsContextData.ts
FNF:0
FNH:0
DA:7,1
DA:8,1
DA:9,1
DA:11,1
LF:4
LH:4
BRF:0
BRH:0
end_of_record
TN:
SF:src/serialization/types/DocumentsContextTypeEnum.ts
FNF:0
FNH:0
DA:7,1
DA:9,1
LF:2
LH:2
BRF:0
BRH:0
end_of_record
TN:
SF:src/serialization/types/DocumentsCreateRequest.ts
FNF:0
FNH:0
DA:7,1
DA:8,1
DA:9,1
DA:10,1
DA:12,1
LF:5
LH:5
BRF:0
BRH:0
end_of_record
TN:
SF:src/serialization/types/DocumentsCreateRequestWithTemplate.ts
FNF:0
FNH:0
DA:7,1
DA:8,1
DA:9,1
DA:11,1
LF:4
LH:4
BRF:0
BRH:0
end_of_record
TN:
SF:src/serialization/types/DocumentsCreateRequestWithTemplateId.ts
FNF:0
FNH:0
DA:7,1
DA:8,1
DA:9,1
DA:11,1
LF:4
LH:4
BRF:0
BRH:0
end_of_record
TN:
SF:src/serialization/types/DocumentsCreateRequestWithTemplateKey.ts
FNF:0
FNH:0
DA:7,1
DA:8,1
DA:10,1
LF:3
LH:3
BRF:0
BRH:0
end_of_record
TN:
SF:src/serialization/types/DocumentsGetResponse.ts
FNF:0
FNH:0
DA:7,1
DA:8,1
DA:9,1
DA:10,1
DA:12,1
LF:5
LH:5
BRF:0
BRH:0
end_of_record
TN:
SF:src/serialization/types/DocumentsListResponse.ts
FNF:0
FNH:0
DA:7,1
DA:8,1
DA:10,1
LF:3
LH:3
BRF:0
BRH:0
end_of_record
TN:
SF:src/serialization/types/DocumentsSection.ts
FNF:0
FNH:0
DA:7,1
DA:9,1
LF:2
LH:2
BRF:0
BRH:0
end_of_record
TN:
SF:src/serialization/types/DocumentsSectionInput.ts
FNF:0
FNH:0
DA:7,1
DA:9,1
LF:2
LH:2
BRF:0
BRH:0
end_of_record
TN:
SF:src/serialization/types/DocumentsTemplate.ts
FNF:0
FNH:0
DA:7,1
DA:8,1
DA:10,1
LF:3
LH:3
BRF:0
BRH:0
end_of_record
TN:
SF:src/serialization/types/ErrorResponse.ts
FNF:0
FNH:0
DA:7,1
DA:9,1
LF:2
LH:2
BRF:0
BRH:0
end_of_record
TN:
SF:src/serialization/types/FactsBatchUpdateInput.ts
FNF:0
FNH:0
DA:7,1
DA:8,1
DA:10,1
LF:3
LH:3
BRF:0
BRH:0
end_of_record
TN:
SF:src/serialization/types/FactsBatchUpdateItem.ts
FNF:0
FNH:0
DA:7,1
DA:8,1
DA:9,1
DA:11,1
LF:4
LH:4
BRF:0
BRH:0
end_of_record
TN:
SF:src/serialization/types/FactsBatchUpdateResponse.ts
FNF:0
FNH:0
DA:7,1
DA:8,1
DA:10,1
LF:3
LH:3
BRF:0
BRH:0
end_of_record
TN:
SF:src/serialization/types/FactsContext.ts
FNF:0
FNH:0
DA:7,1
DA:8,1
DA:10,1
LF:3
LH:3
BRF:0
BRH:0
end_of_record
TN:
SF:src/serialization/types/FactsCreateInput.ts
FNF:0
FNH:0
DA:7,1
DA:8,1
DA:10,1
LF:3
LH:3
BRF:0
BRH:0
end_of_record
TN:
SF:src/serialization/types/FactsCreateItem.ts
FNF:0
FNH:0
DA:7,1
DA:8,1
DA:9,1
DA:11,1
LF:4
LH:4
BRF:0
BRH:0
end_of_record
TN:
SF:src/serialization/types/FactsCreateResponse.ts
FNF:0
FNH:0
DA:7,1
DA:8,1
DA:10,1
LF:3
LH:3
BRF:0
BRH:0
end_of_record
TN:
SF:src/serialization/types/FactsEvidence.ts
FNF:0
FNH:0
DA:7,1
DA:9,1
LF:2
LH:2
BRF:0
BRH:0
end_of_record
TN:
SF:src/serialization/types/FactsFactGroupsItem.ts
FNF:0
FNH:0
DA:7,1
DA:8,1
DA:9,1
DA:11,1
LF:4
LH:4
BRF:0
BRH:0
end_of_record
TN:
SF:src/serialization/types/FactsFactGroupsItemTranslationsItem.ts
FNF:0
FNH:0
DA:7,1
DA:9,1
LF:2
LH:2
BRF:0
BRH:0
end_of_record
TN:
SF:src/serialization/types/FactsFactGroupsListResponse.ts
FNF:0
FNH:0
DA:7,1
DA:8,1
DA:10,1
LF:3
LH:3
BRF:0
BRH:0
end_of_record
TN:
SF:src/serialization/types/FactsListItem.ts
FNF:0
FNH:0
DA:7,1
DA:8,1
DA:9,1
DA:10,1
DA:12,1
LF:5
LH:5
BRF:0
BRH:0
end_of_record
TN:
SF:src/serialization/types/FactsListResponse.ts
FNF:0
FNH:0
DA:7,1
DA:8,1
DA:10,1
LF:3
LH:3
BRF:0
BRH:0
end_of_record
TN:
SF:src/serialization/types/FactsUpdateResponse.ts
FNF:0
FNH:0
DA:7,1
DA:8,1
DA:9,1
DA:11,1
LF:4
LH:4
BRF:0
BRH:0
end_of_record
TN:
SF:src/serialization/types/InteractionsCreateResponse.ts
FNF:0
FNH:0
DA:7,1
DA:8,1
DA:10,1
LF:3
LH:3
BRF:0
BRH:0
end_of_record
TN:
SF:src/serialization/types/InteractionsEncounterCreateRequest.ts
FNF:0
FNH:0
DA:7,1
DA:8,1
DA:9,1
DA:10,1
DA:12,1
LF:5
LH:5
BRF:0
BRH:0
end_of_record
TN:
SF:src/serialization/types/InteractionsEncounterPeriod.ts
FNF:0
FNH:0
DA:7,1
DA:9,1
LF:2
LH:2
BRF:0
BRH:0
end_of_record
TN:
SF:src/serialization/types/InteractionsEncounterResponse.ts
FNF:0
FNH:0
DA:7,1
DA:8,1
DA:9,1
DA:10,1
DA:12,1
LF:5
LH:5
BRF:0
BRH:0
end_of_record
TN:
SF:src/serialization/types/InteractionsEncounterStatusEnum.ts
FNF:0
FNH:0
DA:7,1
DA:9,1
LF:2
LH:2
BRF:0
BRH:0
end_of_record
TN:
SF:src/serialization/types/InteractionsEncounterTypeEnum.ts
FNF:0
FNH:0
DA:7,1
DA:9,1
LF:2
LH:2
BRF:0
BRH:0
end_of_record
TN:
SF:src/serialization/types/InteractionsEncounterUpdateRequest.ts
FNF:0
FNH:0
DA:7,1
DA:8,1
DA:9,1
DA:10,1
DA:12,1
LF:5
LH:5
BRF:0
BRH:0
end_of_record
TN:
SF:src/serialization/types/InteractionsGenderEnum.ts
FNF:0
FNH:0
DA:7,1
DA:9,1
LF:2
LH:2
BRF:0
BRH:0
end_of_record
TN:
SF:src/serialization/types/InteractionsGetResponse.ts
FNF:0
FNH:0
DA:7,1
DA:8,1
DA:9,1
DA:10,1
DA:12,1
LF:5
LH:5
BRF:0
BRH:0
end_of_record
TN:
SF:src/serialization/types/InteractionsListResponse.ts
FNF:0
FNH:0
DA:7,1
DA:8,1
DA:10,1
LF:3
LH:3
BRF:0
BRH:0
end_of_record
TN:
SF:src/serialization/types/InteractionsPatient.ts
FNF:0
FNH:0
DA:7,1
DA:8,1
DA:10,1
LF:3
LH:3
BRF:0
BRH:0
end_of_record
TN:
SF:src/serialization/types/RecordingsCreateResponse.ts
FNF:0
FNH:0
DA:7,1
DA:8,1
DA:10,1
LF:3
LH:3
BRF:0
BRH:0
end_of_record
TN:
SF:src/serialization/types/RecordingsListResponse.ts
FNF:0
FNH:0
DA:7,1
DA:8,1
DA:10,1
LF:3
LH:3
BRF:0
BRH:0
end_of_record
TN:
SF:src/serialization/types/StreamConfig.ts
FNF:0
FNH:0
DA:7,1
DA:8,1
DA:9,1
DA:11,1
LF:4
LH:4
BRF:0
BRH:0
end_of_record
TN:
SF:src/serialization/types/StreamConfigMessage.ts
FNF:0
FNH:0
DA:7,1
DA:8,1
DA:10,1
LF:3
LH:3
BRF:0
BRH:0
end_of_record
TN:
SF:src/serialization/types/StreamConfigMode.ts
FNF:0
FNH:0
DA:7,1
DA:8,1
DA:9,1
DA:11,1
LF:4
LH:4
BRF:0
BRH:0
end_of_record
TN:
SF:src/serialization/types/StreamConfigModeType.ts
FNF:0
FNH:0
DA:7,1
DA:9,1
LF:2
LH:2
BRF:0
BRH:0
end_of_record
TN:
SF:src/serialization/types/StreamConfigParticipant.ts
FNF:0
FNH:0
DA:7,1
DA:8,1
DA:10,1
LF:3
LH:3
BRF:0
BRH:0
end_of_record
TN:
SF:src/serialization/types/StreamConfigParticipantRole.ts
FNF:0
FNH:0
DA:7,1
DA:9,1
LF:2
LH:2
BRF:0
BRH:0
end_of_record
TN:
SF:src/serialization/types/StreamConfigStatusMessage.ts
FNF:0
FNH:0
DA:7,1
DA:8,1
DA:10,1
LF:3
LH:3
BRF:0
BRH:0
end_of_record
TN:
SF:src/serialization/types/StreamConfigStatusMessageType.ts
FNF:0
FNH:0
DA:7,1
DA:9,1
LF:2
LH:2
BRF:0
BRH:0
end_of_record
TN:
SF:src/serialization/types/StreamConfigTranscription.ts
FNF:0
FNH:0
DA:7,1
DA:8,1
DA:9,1
DA:11,1
LF:4
LH:4
BRF:0
BRH:0
end_of_record
TN:
SF:src/serialization/types/StreamEndMessage.ts
FNF:0
FNH:0
DA:7,1
DA:9,1
LF:2
LH:2
BRF:0
BRH:0
end_of_record
TN:
SF:src/serialization/types/StreamEndedMessage.ts
FNF:0
FNH:0
DA:7,1
DA:9,1
LF:2
LH:2
BRF:0
BRH:0
end_of_record
TN:
SF:src/serialization/types/StreamErrorDetail.ts
FNF:0
FNH:0
DA:7,1
DA:9,1
LF:2
LH:2
BRF:0
BRH:0
end_of_record
TN:
SF:src/serialization/types/StreamErrorMessage.ts
FNF:0
FNH:0
DA:7,1
DA:8,1
DA:10,1
LF:3
LH:3
BRF:0
BRH:0
end_of_record
TN:
SF:src/serialization/types/StreamFact.ts
FNF:0
FNH:0
DA:7,1
DA:9,1
LF:2
LH:2
BRF:0
BRH:0
end_of_record
TN:
SF:src/serialization/types/StreamFactsMessage.ts
FNF:0
FNH:0
DA:7,1
DA:8,1
DA:10,1
LF:3
LH:3
BRF:0
BRH:0
end_of_record
TN:
SF:src/serialization/types/StreamParticipant.ts
FNF:0
FNH:0
DA:7,1
DA:9,1
LF:2
LH:2
BRF:0
BRH:0
end_of_record
TN:
SF:src/serialization/types/StreamSupportedLanguage.ts
FNF:0
FNH:0
DA:7,1
DA:9,1
LF:2
LH:2
BRF:0
BRH:0
end_of_record
TN:
SF:src/serialization/types/StreamTranscript.ts
FNF:0
FNH:0
DA:7,1
DA:8,1
DA:9,1
DA:11,1
LF:4
LH:4
BRF:0
BRH:0
end_of_record
TN:
SF:src/serialization/types/StreamTranscriptMessage.ts
FNF:0
FNH:0
DA:7,1
DA:8,1
DA:10,1
LF:3
LH:3
BRF:0
BRH:0
end_of_record
TN:
SF:src/serialization/types/StreamTranscriptTime.ts
FNF:0
FNH:0
DA:7,1
DA:9,1
LF:2
LH:2
BRF:0
BRH:0
end_of_record
TN:
SF:src/serialization/types/StreamUsageMessage.ts
FNF:0
FNH:0
DA:7,1
DA:9,1
LF:2
LH:2
BRF:0
BRH:0
end_of_record
TN:
SF:src/serialization/types/TemplatesItem.ts
FNF:0
FNH:0
DA:7,1
DA:8,1
DA:9,1
DA:11,1
LF:4
LH:4
BRF:0
BRH:0
end_of_record
TN:
SF:src/serialization/types/TemplatesListResponse.ts
FNF:0
FNH:0
DA:7,1
DA:8,1
DA:10,1
LF:3
LH:3
BRF:0
BRH:0
end_of_record
TN:
SF:src/serialization/types/TemplatesSection.ts
FNF:0
FNH:0
DA:7,1
DA:8,1
DA:9,1
DA:11,1
LF:4
LH:4
BRF:0
BRH:0
end_of_record
TN:
SF:src/serialization/types/TemplatesSectionListResponse.ts
FNF:0
FNH:0
DA:7,1
DA:8,1
DA:10,1
LF:3
LH:3
BRF:0
BRH:0
end_of_record
TN:
SF:src/serialization/types/TemplatesSectionSorted.ts
FNF:0
FNH:0
DA:7,1
DA:8,1
DA:10,1
LF:3
LH:3
BRF:0
BRH:0
end_of_record
TN:
SF:src/serialization/types/TemplatesTranslation.ts
FNF:0
FNH:0
DA:7,1
DA:9,1
LF:2
LH:2
BRF:0
BRH:0
end_of_record
TN:
SF:src/serialization/types/TemplatesWritingStyle.ts
FNF:0
FNH:0
DA:7,1
DA:9,1
LF:2
LH:2
BRF:0
BRH:0
end_of_record
TN:
SF:src/serialization/types/TranscribeCommand.ts
FNF:0
FNH:0
DA:7,1
DA:8,1
DA:10,1
LF:3
LH:3
BRF:0
BRH:0
end_of_record
TN:
SF:src/serialization/types/TranscribeCommandData.ts
FNF:0
FNH:0
DA:7,1
DA:9,1
LF:2
LH:2
BRF:0
BRH:0
end_of_record
TN:
SF:src/serialization/types/TranscribeCommandMessage.ts
FNF:0
FNH:0
DA:7,1
DA:8,1
DA:10,1
LF:3
LH:3
BRF:0
BRH:0
end_of_record
TN:
SF:src/serialization/types/TranscribeCommandVariable.ts
FNF:0
FNH:0
DA:7,1
DA:9,1
LF:2
LH:2
BRF:0
BRH:0
end_of_record
TN:
SF:src/serialization/types/TranscribeConfig.ts
FNF:0
FNH:0
DA:7,1
DA:8,1
DA:9,1
DA:11,1
LF:4
LH:4
BRF:0
BRH:0
end_of_record
TN:
SF:src/serialization/types/TranscribeConfigMessage.ts
FNF:0
FNH:0
DA:7,1
DA:8,1
DA:10,1
LF:3
LH:3
BRF:0
BRH:0
end_of_record
TN:
SF:src/serialization/types/TranscribeConfigStatusMessage.ts
FNF:0
FNH:0
DA:7,1
DA:8,1
DA:10,1
LF:3
LH:3
BRF:0
BRH:0
end_of_record
TN:
SF:src/serialization/types/TranscribeConfigStatusMessageType.ts
FNF:0
FNH:0
DA:7,1
DA:9,1
LF:2
LH:2
BRF:0
BRH:0
end_of_record
TN:
SF:src/serialization/types/TranscribeEndMessage.ts
FNF:0
FNH:0
DA:7,1
DA:9,1
LF:2
LH:2
BRF:0
BRH:0
end_of_record
TN:
SF:src/serialization/types/TranscribeEndedMessage.ts
FNF:0
FNH:0
DA:7,1
DA:9,1
LF:2
LH:2
BRF:0
BRH:0
end_of_record
TN:
SF:src/serialization/types/TranscribeErrorMessage.ts
FNF:0
FNH:0
DA:7,1
DA:8,1
DA:10,1
LF:3
LH:3
BRF:0
BRH:0
end_of_record
TN:
SF:src/serialization/types/TranscribeErrorMessageError.ts
FNF:0
FNH:0
DA:7,1
DA:9,1
LF:2
LH:2
BRF:0
BRH:0
end_of_record
TN:
SF:src/serialization/types/TranscribeSupportedLanguage.ts
FNF:0
FNH:0
DA:7,1
DA:9,1
LF:2
LH:2
BRF:0
BRH:0
end_of_record
TN:
SF:src/serialization/types/TranscribeTranscriptData.ts
FNF:0
FNH:0
DA:7,1
DA:9,1
LF:2
LH:2
BRF:0
BRH:0
end_of_record
TN:
SF:src/serialization/types/TranscribeTranscriptMessage.ts
FNF:0
FNH:0
DA:7,1
DA:8,1
DA:10,1
LF:3
LH:3
BRF:0
BRH:0
end_of_record
TN:
SF:src/serialization/types/TranscribeUsageMessage.ts
FNF:0
FNH:0
DA:7,1
DA:9,1
LF:2
LH:2
BRF:0
BRH:0
end_of_record
TN:
SF:src/serialization/types/TranscriptsData.ts
FNF:0
FNH:0
DA:7,1
DA:8,1
DA:9,1
DA:11,1
LF:4
LH:4
BRF:0
BRH:0
end_of_record
TN:
SF:src/serialization/types/TranscriptsListItem.ts
FNF:0
FNH:0
DA:7,1
DA:8,1
DA:9,1
DA:11,1
LF:4
LH:4
BRF:0
BRH:0
end_of_record
TN:
SF:src/serialization/types/TranscriptsListResponse.ts
FNF:0
FNH:0
DA:7,1
DA:8,1
DA:10,1
LF:3
LH:3
BRF:0
BRH:0
end_of_record
TN:
SF:src/serialization/types/TranscriptsMetadata.ts
FNF:0
FNH:0
DA:7,1
DA:8,1
DA:10,1
LF:3
LH:3
BRF:0
BRH:0
end_of_record
TN:
SF:src/serialization/types/TranscriptsParticipant.ts
FNF:0
FNH:0
DA:7,1
DA:8,1
DA:10,1
LF:3
LH:3
BRF:0
BRH:0
end_of_record
TN:
SF:src/serialization/types/TranscriptsParticipantRoleEnum.ts
FNF:0
FNH:0
DA:7,1
DA:9,1
LF:2
LH:2
BRF:0
BRH:0
end_of_record
TN:
SF:src/serialization/types/TranscriptsResponse.ts
FNF:0
FNH:0
DA:7,1
DA:8,1
DA:9,1
DA:10,1
DA:11,1
DA:13,1
LF:6
LH:6
BRF:0
BRH:0
end_of_record
TN:
SF:src/serialization/types/Uuid.ts
FNF:0
FNH:0
DA:7,1
DA:9,1
LF:2
LH:2
BRF:0
BRH:0
end_of_record
TN:
SF:src/serialization/types/index.ts
FNF:0
FNH:0
DA:1,1
DA:2,1
DA:3,1
DA:4,1
DA:5,1
DA:6,1
DA:7,1
DA:8,1
DA:9,1
DA:10,1
DA:11,1
DA:12,1
DA:13,1
DA:14,1
DA:15,1
DA:16,1
DA:17,1
DA:18,1
DA:19,1
DA:20,1
DA:21,1
DA:22,1
DA:23,1
DA:24,1
DA:25,1
DA:26,1
DA:27,1
DA:28,1
DA:29,1
DA:30,1
DA:31,1
DA:32,1
DA:33,1
DA:34,1
DA:35,1
DA:36,1
DA:37,1
DA:38,1
DA:39,1
DA:40,1
DA:41,1
DA:42,1
DA:43,1
DA:44,1
DA:45,1
DA:46,1
DA:47,1
DA:48,1
DA:49,1
DA:50,1
DA:51,1
DA:52,1
DA:53,1
DA:54,1
DA:55,1
DA:56,1
DA:57,1
DA:58,1
DA:59,1
DA:60,1
DA:61,1
DA:62,1
DA:63,1
DA:64,1
DA:65,1
DA:66,1
DA:67,1
DA:68,1
DA:69,1
DA:70,1
DA:71,1
DA:72,1
DA:73,1
DA:74,1
DA:75,1
DA:76,1
DA:77,1
DA:78,1
DA:79,1
DA:80,1
DA:81,1
DA:82,1
DA:83,1
DA:84,1
DA:85,1
DA:86,1
DA:87,1
DA:88,1
DA:89,1
DA:90,1
DA:91,1
DA:92,1
DA:93,1
DA:94,1
DA:95,1
DA:96,1
LF:96
LH:96
BRF:0
BRH:0
end_of_record
